[15-12-2021 15:12:52] [Information] Application started. Press Ctrl+C to shut down. 
[15-12-2021 15:12:56] [Information] Hosting environment: Development 
[15-12-2021 15:12:58] [Information] Content root path: C:\Users\Andrey\source\repos\library_webapi 
[15-12-2021 15:13:11] [Information] Request for export, export type json 
[15-12-2021 15:14:54] [Information] Application started. Press Ctrl+C to shut down. 
[15-12-2021 15:14:57] [Information] Hosting environment: Development 
[15-12-2021 15:14:57] [Information] Content root path: C:\Users\Andrey\source\repos\library_webapi 
[15-12-2021 15:15:08] [Information] Request for export, export type json 
[15-12-2021 15:16:22] [Information] Application started. Press Ctrl+C to shut down. 
[15-12-2021 15:16:22] [Information] Hosting environment: Development 
[15-12-2021 15:16:22] [Information] Content root path: C:\Users\Andrey\source\repos\library_webapi 
[15-12-2021 15:16:38] [Information] Request for export, export type json 
[15-12-2021 15:19:46] [Information] Application started. Press Ctrl+C to shut down. 
[15-12-2021 15:19:46] [Information] Hosting environment: Development 
[15-12-2021 15:19:46] [Information] Content root path: C:\Users\Andrey\source\repos\library_webapi 
[15-12-2021 15:19:51] [Information] Logging information. 
[15-12-2021 15:19:51] [Critical] Logging critical information. 
[15-12-2021 15:19:51] [Error] Logging error information. 
[15-12-2021 15:19:51] [Warning] Logging warning. 
[15-12-2021 15:21:20] [Information] Application started. Press Ctrl+C to shut down. 
[15-12-2021 15:21:21] [Information] Hosting environment: Development 
[15-12-2021 15:21:23] [Information] Content root path: C:\Users\Andrey\source\repos\library_webapi 
[15-12-2021 15:21:36] [Information] Logging information. 
[15-12-2021 15:21:38] [Critical] Logging critical information. 
[15-12-2021 15:21:40] [Error] Logging error information. 
[15-12-2021 15:21:42] [Warning] Logging warning. 
[15-12-2021 15:23:19] [Information] Application started. Press Ctrl+C to shut down. 
[15-12-2021 15:23:45] [Information] Hosting environment: Development 
[15-12-2021 15:23:45] [Information] Content root path: C:\Users\Andrey\source\repos\library_webapi 
[15-12-2021 15:23:53] [Information] Logging information. 
[15-12-2021 15:23:53] [Critical] Logging critical information. 
[15-12-2021 15:23:53] [Error] Logging error information. 
[15-12-2021 15:23:53] [Warning] Logging warning. 
[15-12-2021 15:24:09] [Information] Logging information. 
[15-12-2021 15:24:12] [Critical] Logging critical information. 
[15-12-2021 15:24:12] [Error] Logging error information. 
[15-12-2021 15:30:09] [Information] Application started. Press Ctrl+C to shut down. 
[15-12-2021 15:30:09] [Information] Hosting environment: Development 
[15-12-2021 15:30:09] [Information] Content root path: C:\Users\Andrey\source\repos\library_webapi 
[15-12-2021 15:30:17] [Information] Logging information. 
[15-12-2021 15:30:17] [Critical] Logging critical information. 
[15-12-2021 15:30:17] [Error] Logging error information. 
[15-12-2021 15:30:17] [Warning] Logging warning. 
[15-12-2021 15:32:38] [Information] Application started. Press Ctrl+C to shut down. 
[15-12-2021 15:32:38] [Information] Hosting environment: Development 
[15-12-2021 15:32:38] [Information] Content root path: C:\Users\Andrey\source\repos\library_webapi 
[15-12-2021 15:32:43] [Information] Logging information. 
[15-12-2021 15:32:43] [Critical] Logging critical information. 
[15-12-2021 15:32:43] [Error] Logging error information. 
[15-12-2021 15:32:43] [Warning] Logging warning. 
[15-12-2021 15:38:53] [Information] Application started. Press Ctrl+C to shut down. 
[15-12-2021 15:38:53] [Information] Hosting environment: Development 
[15-12-2021 15:38:53] [Information] Content root path: C:\Users\Andrey\source\repos\library_webapi 
[15-12-2021 15:38:59] [Information] Logging information. 
[15-12-2021 15:38:59] [Critical] Logging critical information. 
[15-12-2021 15:38:59] [Error] Logging error information. 
[15-12-2021 15:38:59] [Warning] Logging warning. 
[15-12-2021 15:41:39] [Information] Application started. Press Ctrl+C to shut down. 
[15-12-2021 15:41:39] [Information] Hosting environment: Development 
[15-12-2021 15:41:39] [Information] Content root path: C:\Users\Andrey\source\repos\library_webapi 
[15-12-2021 15:42:12] [Information] Logging information. 
[15-12-2021 15:42:12] [Critical] Logging critical information. 
[15-12-2021 15:42:12] [Error] Logging error information. 
[15-12-2021 15:42:12] [Warning] Logging warning. 
[15-12-2021 15:43:13] [Information] Application started. Press Ctrl+C to shut down. 
[15-12-2021 15:43:13] [Information] Hosting environment: Development 
[15-12-2021 15:43:13] [Information] Content root path: C:\Users\Andrey\source\repos\library_webapi 
[15-12-2021 15:43:22] [Information] Logging information. 
[15-12-2021 15:43:22] [Critical] Logging critical information. 
[15-12-2021 15:43:22] [Error] Logging error information. 
[15-12-2021 15:43:22] [Warning] Logging warning. 
[15-12-2021 15:52:09] [Information] Logging information. 
[15-12-2021 15:52:09] [Critical] Logging critical information. 
[15-12-2021 15:52:09] [Error] Logging error information. 
