2021-12-16T14:16:24.3090506+02:00	DBUG	[Microsoft.Extensions.Hosting.Internal.Host]	[Starting]	Hosting starting
2021-12-16T14:16:24.3851651+02:00	INFO	[Microsoft.AspNetCore.DataProtection.KeyManagement.XmlKeyManager]	[UsingProfileAsKeyRepositoryWithDPAPI]	User profile is available. Using 'C:\Users\Andrey\AppData\Local\ASP.NET\DataProtection-Keys' as key repository and Windows DPAPI to encrypt keys at rest.
2021-12-16T14:16:24.3993367+02:00	DBUG	[Microsoft.AspNetCore.DataProtection.Repositories.FileSystemXmlRepository]	[ReadingDataFromFile]	Reading data from file 'C:\Users\Andrey\AppData\Local\ASP.NET\DataProtection-Keys\key-63abd01a-4070-4981-b6e3-39a168163237.xml'.
2021-12-16T14:16:24.4245408+02:00	DBUG	[Microsoft.AspNetCore.DataProtection.KeyManagement.XmlKeyManager]	[FoundKey]	Found key {63abd01a-4070-4981-b6e3-39a168163237}.
2021-12-16T14:16:24.4411227+02:00	DBUG	[Microsoft.AspNetCore.DataProtection.KeyManagement.DefaultKeyResolver]	[ConsideringKeyWithExpirationDateAsDefaultKey]	Considering key {63abd01a-4070-4981-b6e3-39a168163237} with expiration date 2022-02-23 14:03:57Z as default key.
2021-12-16T14:16:24.4851678+02:00	DBUG	[Microsoft.AspNetCore.DataProtection.TypeForwardingActivator]	[0]	Forwarded activator type request from Microsoft.AspNetCore.DataProtection.XmlEncryption.DpapiXmlDecryptor, Microsoft.AspNetCore.DataProtection, Version=5.0.0.0, Culture=neutral, PublicKeyToken=adb9793829ddae60 to Microsoft.AspNetCore.DataProtection.XmlEncryption.DpapiXmlDecryptor, Microsoft.AspNetCore.DataProtection, Culture=neutral, PublicKeyToken=adb9793829ddae60
2021-12-16T14:16:24.4918361+02:00	DBUG	[Microsoft.AspNetCore.DataProtection.XmlEncryption.DpapiXmlDecryptor]	[DecryptingSecretElementUsingWindowsDPAPI]	Decrypting secret element using Windows DPAPI.
2021-12-16T14:16:24.4974865+02:00	DBUG	[Microsoft.AspNetCore.DataProtection.TypeForwardingActivator]	[0]	Forwarded activator type request from Microsoft.AspNetCore.DataProtection.AuthenticatedEncryption.ConfigurationModel.AuthenticatedEncryptorDescriptorDeserializer, Microsoft.AspNetCore.DataProtection, Version=5.0.0.0, Culture=neutral, PublicKeyToken=adb9793829ddae60 to Microsoft.AspNetCore.DataProtection.AuthenticatedEncryption.ConfigurationModel.AuthenticatedEncryptorDescriptorDeserializer, Microsoft.AspNetCore.DataProtection, Culture=neutral, PublicKeyToken=adb9793829ddae60
2021-12-16T14:16:24.5097428+02:00	DBUG	[Microsoft.AspNetCore.DataProtection.AuthenticatedEncryption.CngCbcAuthenticatedEncryptorFactory]	[OpeningCNGAlgorithmFromProviderWithChainingModeCBC]	Opening CNG algorithm 'AES' from provider '(null)' with chaining mode CBC.
2021-12-16T14:16:24.5146295+02:00	DBUG	[Microsoft.AspNetCore.DataProtection.AuthenticatedEncryption.CngCbcAuthenticatedEncryptorFactory]	[OpeningCNGAlgorithmFromProviderWithHMAC]	Opening CNG algorithm 'SHA256' from provider '(null)' with HMAC.
2021-12-16T14:16:24.5207269+02:00	DBUG	[Microsoft.AspNetCore.DataProtection.KeyManagement.KeyRingProvider]	[UsingKeyAsDefaultKey]	Using key {63abd01a-4070-4981-b6e3-39a168163237} as the default key.
2021-12-16T14:16:24.5242403+02:00	DBUG	[Microsoft.AspNetCore.DataProtection.Internal.DataProtectionHostedService]	[KeyRingWasLoadedOnStartup]	Key ring with default key {63abd01a-4070-4981-b6e3-39a168163237} was loaded during application startup.
2021-12-16T14:16:24.9689738+02:00	DBUG	[Microsoft.AspNetCore.Hosting.Diagnostics]	[0]	Loaded hosting startup assembly LibraryWebApi
2021-12-16T14:16:24.9850819+02:00	INFO	[Microsoft.Hosting.Lifetime]	[0]	Application started. Press Ctrl+C to shut down.
2021-12-16T14:16:25.0429979+02:00	INFO	[Microsoft.Hosting.Lifetime]	[0]	Hosting environment: Development
2021-12-16T14:16:25.1388619+02:00	INFO	[Microsoft.Hosting.Lifetime]	[0]	Content root path: C:\Users\Andrey\source\repos\library_webapi
2021-12-16T14:16:25.1649443+02:00	DBUG	[Microsoft.Extensions.Hosting.Internal.Host]	[Started]	Hosting started
2021-12-16T14:16:25.2900747+02:00	INFO	[Microsoft.AspNetCore.Hosting.Diagnostics]	[RequestStarting]	Request starting HTTP/1.1 GET http://localhost:53011/ - -
2021-12-16T14:16:25.2953000+02:00	DBUG	[Microsoft.AspNetCore.HostFiltering.HostFilteringMiddleware]	[WildcardDetected]	Wildcard detected, all requests with hosts will be allowed.
2021-12-16T14:16:25.2981394+02:00	TRCE	[Microsoft.AspNetCore.HostFiltering.HostFilteringMiddleware]	[AllHostsAllowed]	All hosts are allowed.
2021-12-16T14:16:25.3361429+02:00	DBUG	[Microsoft.AspNetCore.StaticFiles.StaticFileMiddleware]	[PathMismatch]	The request path  does not match the path filter
2021-12-16T14:16:25.3524593+02:00	DBUG	[Microsoft.AspNetCore.Mvc.Razor.Compilation.DefaultViewCompiler]	[ViewCompilerNoCompiledViewsFound]	Initializing Razor view compiler with no compiled views.
2021-12-16T14:16:25.3889343+02:00	DBUG	[Microsoft.AspNetCore.Routing.Matching.DfaMatcher]	[CandidatesNotFound]	No candidates found for the request path '/'
2021-12-16T14:16:25.3919570+02:00	DBUG	[Microsoft.AspNetCore.Routing.EndpointRoutingMiddleware]	[MatchFailure]	Request did not match any endpoints
2021-12-16T14:16:25.5214839+02:00	DBUG	[Microsoft.AspNetCore.Authentication.JwtBearer.JwtBearerHandler]	[AuthenticationSchemeNotAuthenticated]	AuthenticationScheme: Bearer was not authenticated.
2021-12-16T14:16:25.5549587+02:00	INFO	[Microsoft.AspNetCore.Hosting.Diagnostics]	[RequestFinished]	Request finished HTTP/1.1 GET http://localhost:53011/ - - - 404 - - 268.4907ms
2021-12-16T14:16:25.6083887+02:00	INFO	[Microsoft.AspNetCore.Hosting.Diagnostics]	[RequestStarting]	Request starting HTTP/1.1 GET http://localhost:53011/favicon.ico - -
2021-12-16T14:16:25.6117567+02:00	TRCE	[Microsoft.AspNetCore.HostFiltering.HostFilteringMiddleware]	[AllHostsAllowed]	All hosts are allowed.
2021-12-16T14:16:25.6149962+02:00	DBUG	[Microsoft.AspNetCore.StaticFiles.StaticFileMiddleware]	[PathMismatch]	The request path  does not match the path filter
2021-12-16T14:16:25.6198159+02:00	DBUG	[Microsoft.AspNetCore.Routing.Matching.DfaMatcher]	[CandidatesNotFound]	No candidates found for the request path '/favicon.ico'
2021-12-16T14:16:25.6242805+02:00	DBUG	[Microsoft.AspNetCore.Routing.EndpointRoutingMiddleware]	[MatchFailure]	Request did not match any endpoints
2021-12-16T14:16:25.6318007+02:00	DBUG	[Microsoft.AspNetCore.Authentication.JwtBearer.JwtBearerHandler]	[AuthenticationSchemeNotAuthenticated]	AuthenticationScheme: Bearer was not authenticated.
2021-12-16T14:16:25.6579047+02:00	INFO	[Microsoft.AspNetCore.Hosting.Diagnostics]	[RequestFinished]	Request finished HTTP/1.1 GET http://localhost:53011/favicon.ico - - - 404 - - 48.4613ms
2021-12-16T14:16:31.3210471+02:00	INFO	[Microsoft.AspNetCore.Hosting.Diagnostics]	[RequestStarting]	Request starting HTTP/1.1 GET http://localhost:53011/api/books - -
2021-12-16T14:16:31.3233781+02:00	TRCE	[Microsoft.AspNetCore.HostFiltering.HostFilteringMiddleware]	[AllHostsAllowed]	All hosts are allowed.
2021-12-16T14:16:31.3262391+02:00	DBUG	[Microsoft.AspNetCore.StaticFiles.StaticFileMiddleware]	[PathMismatch]	The request path  does not match the path filter
2021-12-16T14:16:31.3351018+02:00	DBUG	[Microsoft.AspNetCore.Routing.Matching.DfaMatcher]	[CandidatesFound]	1 candidate(s) found for the request path '/api/books'
2021-12-16T14:16:31.3425615+02:00	DBUG	[Microsoft.AspNetCore.Routing.Matching.DfaMatcher]	[CandiateValid]	Endpoint 'LibraryWebApi.Controllers.BooksController.Get (LibraryWebApi)' with route pattern 'api/Books' is valid for the request path '/api/books'
2021-12-16T14:16:31.3446159+02:00	DBUG	[Microsoft.AspNetCore.Routing.EndpointRoutingMiddleware]	[MatchSuccess]	Request matched endpoint 'LibraryWebApi.Controllers.BooksController.Get (LibraryWebApi)'
2021-12-16T14:16:31.3479227+02:00	DBUG	[Microsoft.AspNetCore.Authentication.JwtBearer.JwtBearerHandler]	[AuthenticationSchemeNotAuthenticated]	AuthenticationScheme: Bearer was not authenticated.
2021-12-16T14:16:31.3509420+02:00	INFO	[Microsoft.AspNetCore.Routing.EndpointMiddleware]	[ExecutingEndpoint]	Executing endpoint 'LibraryWebApi.Controllers.BooksController.Get (LibraryWebApi)'
2021-12-16T14:16:31.3607021+02:00	DBUG	[Microsoft.AspNetCore.Mvc.ModelBinding.ModelBinderFactory]	[RegisteredModelBinderProviders]	Registered model binder providers, in the following order: Microsoft.AspNetCore.Mvc.ModelBinding.Binders.BinderTypeModelBinderProvider, Microsoft.AspNetCore.Mvc.ModelBinding.Binders.ServicesModelBinderProvider, Microsoft.AspNetCore.Mvc.ModelBinding.Binders.BodyModelBinderProvider, Microsoft.AspNetCore.Mvc.ModelBinding.Binders.HeaderModelBinderProvider, Microsoft.AspNetCore.Mvc.ModelBinding.Binders.FloatingPointTypeModelBinderProvider, Microsoft.AspNetCore.Mvc.ModelBinding.Binders.EnumTypeModelBinderProvider, Microsoft.AspNetCore.Mvc.ModelBinding.Binders.DateTimeModelBinderProvider, Microsoft.AspNetCore.Mvc.ModelBinding.Binders.SimpleTypeModelBinderProvider, Microsoft.AspNetCore.Mvc.ModelBinding.Binders.CancellationTokenModelBinderProvider, Microsoft.AspNetCore.Mvc.ModelBinding.Binders.ByteArrayModelBinderProvider, Microsoft.AspNetCore.Mvc.ModelBinding.Binders.FormFileModelBinderProvider, Microsoft.AspNetCore.Mvc.ModelBinding.Binders.FormCollectionModelBinderProvider, Microsoft.AspNetCore.Mvc.ModelBinding.Binders.KeyValuePairModelBinderProvider, Microsoft.AspNetCore.Mvc.ModelBinding.Binders.DictionaryModelBinderProvider, Microsoft.AspNetCore.Mvc.ModelBinding.Binders.ArrayModelBinderProvider, Microsoft.AspNetCore.Mvc.ModelBinding.Binders.CollectionModelBinderProvider, Microsoft.AspNetCore.Mvc.ModelBinding.Binders.ComplexObjectModelBinderProvider
2021-12-16T14:16:31.3907635+02:00	INFO	[Microsoft.AspNetCore.Mvc.Infrastructure.ControllerActionInvoker]	[ControllerActionExecuting]	Route matched with {action = "Get", controller = "Books"}. Executing controller action with signature Microsoft.AspNetCore.Mvc.IActionResult Get() on controller LibraryWebApi.Controllers.BooksController (LibraryWebApi).
2021-12-16T14:16:31.3932952+02:00	DBUG	[Microsoft.AspNetCore.Mvc.Infrastructure.ControllerActionInvoker]	[FilterExecutionPlan]	Execution plan of authorization filters (in the following order): None
2021-12-16T14:16:31.3954808+02:00	DBUG	[Microsoft.AspNetCore.Mvc.Infrastructure.ControllerActionInvoker]	[FilterExecutionPlan]	Execution plan of resource filters (in the following order): Microsoft.AspNetCore.Mvc.ViewFeatures.Filters.SaveTempDataFilter
2021-12-16T14:16:31.3969955+02:00	DBUG	[Microsoft.AspNetCore.Mvc.Infrastructure.ControllerActionInvoker]	[FilterExecutionPlan]	Execution plan of action filters (in the following order): Microsoft.AspNetCore.Mvc.ModelBinding.UnsupportedContentTypeFilter (Order: -3000), Microsoft.AspNetCore.Mvc.Infrastructure.ModelStateInvalidFilter (Order: -2000), Microsoft.AspNetCore.Mvc.Filters.ResponseCacheFilter
2021-12-16T14:16:31.3987923+02:00	DBUG	[Microsoft.AspNetCore.Mvc.Infrastructure.ControllerActionInvoker]	[FilterExecutionPlan]	Execution plan of exception filters (in the following order): None
2021-12-16T14:16:31.4005557+02:00	DBUG	[Microsoft.AspNetCore.Mvc.Infrastructure.ControllerActionInvoker]	[FilterExecutionPlan]	Execution plan of result filters (in the following order): Microsoft.AspNetCore.Mvc.ViewFeatures.Filters.SaveTempDataFilter, Microsoft.AspNetCore.Mvc.Infrastructure.ClientErrorResultFilter (Order: -2000)
2021-12-16T14:16:31.4034687+02:00	TRCE	[Microsoft.AspNetCore.Mvc.Infrastructure.ControllerActionInvoker]	[BeforeExecutingMethodOnFilter]	Resource Filter: Before executing OnResourceExecuting on filter Microsoft.AspNetCore.Mvc.ViewFeatures.Filters.SaveTempDataFilter.
2021-12-16T14:16:31.4065742+02:00	TRCE	[Microsoft.AspNetCore.Mvc.Infrastructure.ControllerActionInvoker]	[AfterExecutingMethodOnFilter]	Resource Filter: After executing OnResourceExecuting on filter Microsoft.AspNetCore.Mvc.ViewFeatures.Filters.SaveTempDataFilter.
2021-12-16T14:16:31.4088607+02:00	DBUG	[Microsoft.AspNetCore.Mvc.Infrastructure.ControllerActionInvoker]	[ControllerFactoryExecuting]	Executing controller factory for controller LibraryWebApi.Controllers.BooksController (LibraryWebApi)
2021-12-16T14:16:31.4138207+02:00	DBUG	[Microsoft.AspNetCore.Mvc.Infrastructure.ControllerActionInvoker]	[ControllerFactoryExecuted]	Executed controller factory for controller LibraryWebApi.Controllers.BooksController (LibraryWebApi)
2021-12-16T14:16:31.4155650+02:00	TRCE	[Microsoft.AspNetCore.Mvc.Infrastructure.ControllerActionInvoker]	[BeforeExecutingMethodOnFilter]	Action Filter: Before executing OnActionExecuting on filter Microsoft.AspNetCore.Mvc.ModelBinding.UnsupportedContentTypeFilter.
2021-12-16T14:16:31.4172187+02:00	TRCE	[Microsoft.AspNetCore.Mvc.Infrastructure.ControllerActionInvoker]	[AfterExecutingMethodOnFilter]	Action Filter: After executing OnActionExecuting on filter Microsoft.AspNetCore.Mvc.ModelBinding.UnsupportedContentTypeFilter.
2021-12-16T14:16:31.4186624+02:00	TRCE	[Microsoft.AspNetCore.Mvc.Infrastructure.ControllerActionInvoker]	[BeforeExecutingMethodOnFilter]	Action Filter: Before executing OnActionExecuting on filter Microsoft.AspNetCore.Mvc.Infrastructure.ModelStateInvalidFilter.
2021-12-16T14:16:31.4206706+02:00	TRCE	[Microsoft.AspNetCore.Mvc.Infrastructure.ControllerActionInvoker]	[AfterExecutingMethodOnFilter]	Action Filter: After executing OnActionExecuting on filter Microsoft.AspNetCore.Mvc.Infrastructure.ModelStateInvalidFilter.
2021-12-16T14:16:31.4227386+02:00	TRCE	[Microsoft.AspNetCore.Mvc.Infrastructure.ControllerActionInvoker]	[BeforeExecutingMethodOnFilter]	Action Filter: Before executing OnActionExecuting on filter Microsoft.AspNetCore.Mvc.Filters.ResponseCacheFilter.
2021-12-16T14:16:31.4263107+02:00	TRCE	[Microsoft.AspNetCore.Mvc.Infrastructure.ControllerActionInvoker]	[AfterExecutingMethodOnFilter]	Action Filter: After executing OnActionExecuting on filter Microsoft.AspNetCore.Mvc.Filters.ResponseCacheFilter.
2021-12-16T14:16:31.4332221+02:00	INFO	[Microsoft.AspNetCore.Mvc.Infrastructure.ControllerActionInvoker]	[ActionMethodExecuting]	Executing action method LibraryWebApi.Controllers.BooksController.Get (LibraryWebApi) - Validation state: Valid
2021-12-16T14:16:31.8297168+02:00	INFO	[Microsoft.AspNetCore.Mvc.Infrastructure.ControllerActionInvoker]	[ActionMethodExecuted]	Executed action method LibraryWebApi.Controllers.BooksController.Get (LibraryWebApi), returned result Microsoft.AspNetCore.Mvc.OkObjectResult in 389.8183ms.
2021-12-16T14:16:31.8316210+02:00	TRCE	[Microsoft.AspNetCore.Mvc.Infrastructure.ControllerActionInvoker]	[BeforeExecutingMethodOnFilter]	Action Filter: Before executing OnActionExecuted on filter Microsoft.AspNetCore.Mvc.Filters.ResponseCacheFilter.
2021-12-16T14:16:31.8334059+02:00	TRCE	[Microsoft.AspNetCore.Mvc.Infrastructure.ControllerActionInvoker]	[AfterExecutingMethodOnFilter]	Action Filter: After executing OnActionExecuted on filter Microsoft.AspNetCore.Mvc.Filters.ResponseCacheFilter.
2021-12-16T14:16:31.8347708+02:00	TRCE	[Microsoft.AspNetCore.Mvc.Infrastructure.ControllerActionInvoker]	[BeforeExecutingMethodOnFilter]	Action Filter: Before executing OnActionExecuted on filter Microsoft.AspNetCore.Mvc.Infrastructure.ModelStateInvalidFilter.
2021-12-16T14:16:31.8363442+02:00	TRCE	[Microsoft.AspNetCore.Mvc.Infrastructure.ControllerActionInvoker]	[AfterExecutingMethodOnFilter]	Action Filter: After executing OnActionExecuted on filter Microsoft.AspNetCore.Mvc.Infrastructure.ModelStateInvalidFilter.
2021-12-16T14:16:31.8380190+02:00	TRCE	[Microsoft.AspNetCore.Mvc.Infrastructure.ControllerActionInvoker]	[BeforeExecutingMethodOnFilter]	Action Filter: Before executing OnActionExecuted on filter Microsoft.AspNetCore.Mvc.ModelBinding.UnsupportedContentTypeFilter.
2021-12-16T14:16:31.8394836+02:00	TRCE	[Microsoft.AspNetCore.Mvc.Infrastructure.ControllerActionInvoker]	[AfterExecutingMethodOnFilter]	Action Filter: After executing OnActionExecuted on filter Microsoft.AspNetCore.Mvc.ModelBinding.UnsupportedContentTypeFilter.
2021-12-16T14:16:31.8412372+02:00	TRCE	[Microsoft.AspNetCore.Mvc.Infrastructure.ControllerActionInvoker]	[BeforeExecutingMethodOnFilter]	Result Filter: Before executing OnResultExecuting on filter Microsoft.AspNetCore.Mvc.ViewFeatures.Filters.SaveTempDataFilter.
2021-12-16T14:16:31.8428242+02:00	TRCE	[Microsoft.AspNetCore.Mvc.Infrastructure.ControllerActionInvoker]	[AfterExecutingMethodOnFilter]	Result Filter: After executing OnResultExecuting on filter Microsoft.AspNetCore.Mvc.ViewFeatures.Filters.SaveTempDataFilter.
2021-12-16T14:16:31.8442462+02:00	TRCE	[Microsoft.AspNetCore.Mvc.Infrastructure.ControllerActionInvoker]	[BeforeExecutingMethodOnFilter]	Result Filter: Before executing OnResultExecuting on filter Microsoft.AspNetCore.Mvc.Infrastructure.ClientErrorResultFilter.
2021-12-16T14:16:31.8457538+02:00	TRCE	[Microsoft.AspNetCore.Mvc.Infrastructure.ControllerActionInvoker]	[AfterExecutingMethodOnFilter]	Result Filter: After executing OnResultExecuting on filter Microsoft.AspNetCore.Mvc.Infrastructure.ClientErrorResultFilter.
2021-12-16T14:16:31.8485864+02:00	TRCE	[Microsoft.AspNetCore.Mvc.Infrastructure.ControllerActionInvoker]	[BeforeExecutingActionResult]	Before executing action result Microsoft.AspNetCore.Mvc.OkObjectResult.
2021-12-16T14:16:31.8538139+02:00	DBUG	[Microsoft.AspNetCore.Mvc.Infrastructure.DefaultOutputFormatterSelector]	[RegisteredOutputFormatters]	List of registered output formatters, in the following order: Microsoft.AspNetCore.Mvc.Formatters.HttpNoContentOutputFormatter, Microsoft.AspNetCore.Mvc.Formatters.StringOutputFormatter, Microsoft.AspNetCore.Mvc.Formatters.StreamOutputFormatter, Microsoft.AspNetCore.Mvc.Formatters.SystemTextJsonOutputFormatter
2021-12-16T14:16:31.8582823+02:00	DBUG	[Microsoft.AspNetCore.Mvc.Infrastructure.DefaultOutputFormatterSelector]	[NoAcceptForNegotiation]	No information found on request to perform content negotiation.
2021-12-16T14:16:31.8598541+02:00	DBUG	[Microsoft.AspNetCore.Mvc.Infrastructure.DefaultOutputFormatterSelector]	[SelectingOutputFormatterWithoutUsingContentTypes]	Attempting to select an output formatter without using a content type as no explicit content types were specified for the response.
2021-12-16T14:16:31.8613583+02:00	DBUG	[Microsoft.AspNetCore.Mvc.Infrastructure.DefaultOutputFormatterSelector]	[SelectingFirstCanWriteFormatter]	Attempting to select the first formatter in the output formatters list which can write the result.
2021-12-16T14:16:31.8639684+02:00	DBUG	[Microsoft.AspNetCore.Mvc.Infrastructure.DefaultOutputFormatterSelector]	[FormatterSelected]	Selected output formatter 'Microsoft.AspNetCore.Mvc.Formatters.SystemTextJsonOutputFormatter' and content type 'application/json' to write the response.
2021-12-16T14:16:31.8656423+02:00	INFO	[Microsoft.AspNetCore.Mvc.Infrastructure.ObjectResultExecutor]	[ObjectResultExecuting]	Executing OkObjectResult, writing value of type 'System.Collections.Generic.List`1[[LibraryWebApi.Entities.Books, LibraryWebApi, Version=1.0.0.0, Culture=neutral, PublicKeyToken=null]]'.
2021-12-16T14:16:31.8986262+02:00	TRCE	[Microsoft.AspNetCore.Mvc.Infrastructure.ControllerActionInvoker]	[AfterExecutingActionResult]	After executing action result Microsoft.AspNetCore.Mvc.OkObjectResult.
2021-12-16T14:16:31.9002362+02:00	TRCE	[Microsoft.AspNetCore.Mvc.Infrastructure.ControllerActionInvoker]	[BeforeExecutingMethodOnFilter]	Result Filter: Before executing OnResultExecuted on filter Microsoft.AspNetCore.Mvc.Infrastructure.ClientErrorResultFilter.
2021-12-16T14:16:31.9019287+02:00	TRCE	[Microsoft.AspNetCore.Mvc.Infrastructure.ControllerActionInvoker]	[AfterExecutingMethodOnFilter]	Result Filter: After executing OnResultExecuted on filter Microsoft.AspNetCore.Mvc.Infrastructure.ClientErrorResultFilter.
2021-12-16T14:16:31.9044020+02:00	TRCE	[Microsoft.AspNetCore.Mvc.Infrastructure.ControllerActionInvoker]	[BeforeExecutingMethodOnFilter]	Result Filter: Before executing OnResultExecuted on filter Microsoft.AspNetCore.Mvc.ViewFeatures.Filters.SaveTempDataFilter.
2021-12-16T14:16:31.9067446+02:00	TRCE	[Microsoft.AspNetCore.Mvc.Infrastructure.ControllerActionInvoker]	[AfterExecutingMethodOnFilter]	Result Filter: After executing OnResultExecuted on filter Microsoft.AspNetCore.Mvc.ViewFeatures.Filters.SaveTempDataFilter.
2021-12-16T14:16:31.9103259+02:00	TRCE	[Microsoft.AspNetCore.Mvc.Infrastructure.ControllerActionInvoker]	[BeforeExecutingMethodOnFilter]	Resource Filter: Before executing OnResourceExecuted on filter Microsoft.AspNetCore.Mvc.ViewFeatures.Filters.SaveTempDataFilter.
2021-12-16T14:16:31.9127275+02:00	TRCE	[Microsoft.AspNetCore.Mvc.Infrastructure.ControllerActionInvoker]	[AfterExecutingMethodOnFilter]	Resource Filter: After executing OnResourceExecuted on filter Microsoft.AspNetCore.Mvc.ViewFeatures.Filters.SaveTempDataFilter.
2021-12-16T14:16:31.9240700+02:00	INFO	[Microsoft.AspNetCore.Mvc.Infrastructure.ControllerActionInvoker]	[ActionExecuted]	Executed action LibraryWebApi.Controllers.BooksController.Get (LibraryWebApi) in 512.3999ms
2021-12-16T14:16:31.9263020+02:00	INFO	[Microsoft.AspNetCore.Routing.EndpointMiddleware]	[ExecutedEndpoint]	Executed endpoint 'LibraryWebApi.Controllers.BooksController.Get (LibraryWebApi)'
2021-12-16T14:16:31.9303023+02:00	INFO	[Microsoft.AspNetCore.Hosting.Diagnostics]	[RequestFinished]	Request finished HTTP/1.1 GET http://localhost:53011/api/books - - - 200 - application/json;+charset=utf-8 608.3090ms
