2021-12-15T17:00:11.6171715+02:00	DBUG	[Microsoft.Extensions.Hosting.Internal.Host]	[Starting]	Hosting starting
2021-12-15T17:00:11.6929202+02:00	INFO	[Microsoft.AspNetCore.DataProtection.KeyManagement.XmlKeyManager]	[UsingProfileAsKeyRepositoryWithDPAPI]	User profile is available. Using 'C:\Users\Andrey\AppData\Local\ASP.NET\DataProtection-Keys' as key repository and Windows DPAPI to encrypt keys at rest.
2021-12-15T17:00:11.7107802+02:00	DBUG	[Microsoft.AspNetCore.DataProtection.Repositories.FileSystemXmlRepository]	[ReadingDataFromFile]	Reading data from file 'C:\Users\Andrey\AppData\Local\ASP.NET\DataProtection-Keys\key-63abd01a-4070-4981-b6e3-39a168163237.xml'.
2021-12-15T17:00:11.7459764+02:00	DBUG	[Microsoft.AspNetCore.DataProtection.KeyManagement.XmlKeyManager]	[FoundKey]	Found key {63abd01a-4070-4981-b6e3-39a168163237}.
2021-12-15T17:00:11.7704551+02:00	DBUG	[Microsoft.AspNetCore.DataProtection.KeyManagement.DefaultKeyResolver]	[ConsideringKeyWithExpirationDateAsDefaultKey]	Considering key {63abd01a-4070-4981-b6e3-39a168163237} with expiration date 2022-02-23 14:03:57Z as default key.
2021-12-15T17:00:11.8231085+02:00	DBUG	[Microsoft.AspNetCore.DataProtection.TypeForwardingActivator]	[0]	Forwarded activator type request from Microsoft.AspNetCore.DataProtection.XmlEncryption.DpapiXmlDecryptor, Microsoft.AspNetCore.DataProtection, Version=5.0.0.0, Culture=neutral, PublicKeyToken=adb9793829ddae60 to Microsoft.AspNetCore.DataProtection.XmlEncryption.DpapiXmlDecryptor, Microsoft.AspNetCore.DataProtection, Culture=neutral, PublicKeyToken=adb9793829ddae60
2021-12-15T17:00:11.8298812+02:00	DBUG	[Microsoft.AspNetCore.DataProtection.XmlEncryption.DpapiXmlDecryptor]	[DecryptingSecretElementUsingWindowsDPAPI]	Decrypting secret element using Windows DPAPI.
2021-12-15T17:00:11.8344468+02:00	DBUG	[Microsoft.AspNetCore.DataProtection.TypeForwardingActivator]	[0]	Forwarded activator type request from Microsoft.AspNetCore.DataProtection.AuthenticatedEncryption.ConfigurationModel.AuthenticatedEncryptorDescriptorDeserializer, Microsoft.AspNetCore.DataProtection, Version=5.0.0.0, Culture=neutral, PublicKeyToken=adb9793829ddae60 to Microsoft.AspNetCore.DataProtection.AuthenticatedEncryption.ConfigurationModel.AuthenticatedEncryptorDescriptorDeserializer, Microsoft.AspNetCore.DataProtection, Culture=neutral, PublicKeyToken=adb9793829ddae60
2021-12-15T17:00:11.8430400+02:00	DBUG	[Microsoft.AspNetCore.DataProtection.AuthenticatedEncryption.CngCbcAuthenticatedEncryptorFactory]	[OpeningCNGAlgorithmFromProviderWithChainingModeCBC]	Opening CNG algorithm 'AES' from provider '(null)' with chaining mode CBC.
2021-12-15T17:00:11.8498499+02:00	DBUG	[Microsoft.AspNetCore.DataProtection.AuthenticatedEncryption.CngCbcAuthenticatedEncryptorFactory]	[OpeningCNGAlgorithmFromProviderWithHMAC]	Opening CNG algorithm 'SHA256' from provider '(null)' with HMAC.
2021-12-15T17:00:11.8568569+02:00	DBUG	[Microsoft.AspNetCore.DataProtection.KeyManagement.KeyRingProvider]	[UsingKeyAsDefaultKey]	Using key {63abd01a-4070-4981-b6e3-39a168163237} as the default key.
2021-12-15T17:00:11.8602542+02:00	DBUG	[Microsoft.AspNetCore.DataProtection.Internal.DataProtectionHostedService]	[KeyRingWasLoadedOnStartup]	Key ring with default key {63abd01a-4070-4981-b6e3-39a168163237} was loaded during application startup.
2021-12-15T17:00:12.2092586+02:00	DBUG	[Microsoft.AspNetCore.Hosting.Diagnostics]	[0]	Loaded hosting startup assembly LibraryWebApi
2021-12-15T17:00:12.2120223+02:00	INFO	[Microsoft.Hosting.Lifetime]	[0]	Application started. Press Ctrl+C to shut down.
2021-12-15T17:00:12.2140900+02:00	INFO	[Microsoft.Hosting.Lifetime]	[0]	Hosting environment: Development
2021-12-15T17:00:12.2166107+02:00	INFO	[Microsoft.Hosting.Lifetime]	[0]	Content root path: C:\Users\Andrey\source\repos\library_webapi
2021-12-15T17:00:12.2205172+02:00	DBUG	[Microsoft.Extensions.Hosting.Internal.Host]	[Started]	Hosting started
2021-12-15T17:00:12.2915489+02:00	INFO	[Microsoft.AspNetCore.Hosting.Diagnostics]	[RequestStarting]	Request starting HTTP/1.1 GET http://localhost:53011/ - -
2021-12-15T17:00:12.2962981+02:00	DBUG	[Microsoft.AspNetCore.HostFiltering.HostFilteringMiddleware]	[WildcardDetected]	Wildcard detected, all requests with hosts will be allowed.
2021-12-15T17:00:12.2981142+02:00	TRCE	[Microsoft.AspNetCore.HostFiltering.HostFilteringMiddleware]	[AllHostsAllowed]	All hosts are allowed.
2021-12-15T17:00:12.3455445+02:00	DBUG	[Microsoft.AspNetCore.StaticFiles.StaticFileMiddleware]	[PathMismatch]	The request path  does not match the path filter
2021-12-15T17:00:12.3651344+02:00	DBUG	[Microsoft.AspNetCore.Mvc.Razor.Compilation.DefaultViewCompiler]	[ViewCompilerNoCompiledViewsFound]	Initializing Razor view compiler with no compiled views.
2021-12-15T17:00:12.4214681+02:00	DBUG	[Microsoft.AspNetCore.Routing.Matching.DfaMatcher]	[CandidatesNotFound]	No candidates found for the request path '/'
2021-12-15T17:00:12.4237528+02:00	DBUG	[Microsoft.AspNetCore.Routing.EndpointRoutingMiddleware]	[MatchFailure]	Request did not match any endpoints
2021-12-15T17:00:12.5498845+02:00	DBUG	[Microsoft.AspNetCore.Authentication.JwtBearer.JwtBearerHandler]	[AuthenticationSchemeNotAuthenticated]	AuthenticationScheme: Bearer was not authenticated.
2021-12-15T17:00:12.6594494+02:00	INFO	[Microsoft.AspNetCore.Hosting.Diagnostics]	[RequestFinished]	Request finished HTTP/1.1 GET http://localhost:53011/ - - - 404 - - 335.9228ms
2021-12-15T17:00:17.2284272+02:00	INFO	[Microsoft.AspNetCore.Hosting.Diagnostics]	[RequestStarting]	Request starting HTTP/1.1 GET http://localhost:53011/api/log - -
2021-12-15T17:00:17.2303997+02:00	TRCE	[Microsoft.AspNetCore.HostFiltering.HostFilteringMiddleware]	[AllHostsAllowed]	All hosts are allowed.
2021-12-15T17:00:17.2336376+02:00	DBUG	[Microsoft.AspNetCore.StaticFiles.StaticFileMiddleware]	[PathMismatch]	The request path  does not match the path filter
2021-12-15T17:00:17.2514866+02:00	DBUG	[Microsoft.AspNetCore.Routing.Matching.DfaMatcher]	[CandidatesFound]	1 candidate(s) found for the request path '/api/log'
2021-12-15T17:00:17.2595600+02:00	DBUG	[Microsoft.AspNetCore.Routing.Matching.DfaMatcher]	[CandiateValid]	Endpoint 'LibraryWebApi.Controllers.LogController.GetLastLog (LibraryWebApi)' with route pattern 'api/Log' is valid for the request path '/api/log'
2021-12-15T17:00:17.2625609+02:00	DBUG	[Microsoft.AspNetCore.Routing.EndpointRoutingMiddleware]	[MatchSuccess]	Request matched endpoint 'LibraryWebApi.Controllers.LogController.GetLastLog (LibraryWebApi)'
2021-12-15T17:00:17.2757053+02:00	DBUG	[Microsoft.AspNetCore.Authentication.JwtBearer.JwtBearerHandler]	[AuthenticationSchemeNotAuthenticated]	AuthenticationScheme: Bearer was not authenticated.
2021-12-15T17:00:17.2783874+02:00	INFO	[Microsoft.AspNetCore.Routing.EndpointMiddleware]	[ExecutingEndpoint]	Executing endpoint 'LibraryWebApi.Controllers.LogController.GetLastLog (LibraryWebApi)'
2021-12-15T17:00:17.2912075+02:00	DBUG	[Microsoft.AspNetCore.Mvc.ModelBinding.ModelBinderFactory]	[RegisteredModelBinderProviders]	Registered model binder providers, in the following order: Microsoft.AspNetCore.Mvc.ModelBinding.Binders.BinderTypeModelBinderProvider, Microsoft.AspNetCore.Mvc.ModelBinding.Binders.ServicesModelBinderProvider, Microsoft.AspNetCore.Mvc.ModelBinding.Binders.BodyModelBinderProvider, Microsoft.AspNetCore.Mvc.ModelBinding.Binders.HeaderModelBinderProvider, Microsoft.AspNetCore.Mvc.ModelBinding.Binders.FloatingPointTypeModelBinderProvider, Microsoft.AspNetCore.Mvc.ModelBinding.Binders.EnumTypeModelBinderProvider, Microsoft.AspNetCore.Mvc.ModelBinding.Binders.DateTimeModelBinderProvider, Microsoft.AspNetCore.Mvc.ModelBinding.Binders.SimpleTypeModelBinderProvider, Microsoft.AspNetCore.Mvc.ModelBinding.Binders.CancellationTokenModelBinderProvider, Microsoft.AspNetCore.Mvc.ModelBinding.Binders.ByteArrayModelBinderProvider, Microsoft.AspNetCore.Mvc.ModelBinding.Binders.FormFileModelBinderProvider, Microsoft.AspNetCore.Mvc.ModelBinding.Binders.FormCollectionModelBinderProvider, Microsoft.AspNetCore.Mvc.ModelBinding.Binders.KeyValuePairModelBinderProvider, Microsoft.AspNetCore.Mvc.ModelBinding.Binders.DictionaryModelBinderProvider, Microsoft.AspNetCore.Mvc.ModelBinding.Binders.ArrayModelBinderProvider, Microsoft.AspNetCore.Mvc.ModelBinding.Binders.CollectionModelBinderProvider, Microsoft.AspNetCore.Mvc.ModelBinding.Binders.ComplexObjectModelBinderProvider
2021-12-15T17:00:17.3210615+02:00	INFO	[Microsoft.AspNetCore.Mvc.Infrastructure.ControllerActionInvoker]	[ControllerActionExecuting]	Route matched with {action = "GetLastLog", controller = "Log"}. Executing controller action with signature Microsoft.AspNetCore.Mvc.IActionResult GetLastLog() on controller LibraryWebApi.Controllers.LogController (LibraryWebApi).
2021-12-15T17:00:17.3244053+02:00	DBUG	[Microsoft.AspNetCore.Mvc.Infrastructure.ControllerActionInvoker]	[FilterExecutionPlan]	Execution plan of authorization filters (in the following order): None
2021-12-15T17:00:17.3266879+02:00	DBUG	[Microsoft.AspNetCore.Mvc.Infrastructure.ControllerActionInvoker]	[FilterExecutionPlan]	Execution plan of resource filters (in the following order): Microsoft.AspNetCore.Mvc.ViewFeatures.Filters.SaveTempDataFilter
2021-12-15T17:00:17.3286952+02:00	DBUG	[Microsoft.AspNetCore.Mvc.Infrastructure.ControllerActionInvoker]	[FilterExecutionPlan]	Execution plan of action filters (in the following order): Microsoft.AspNetCore.Mvc.ModelBinding.UnsupportedContentTypeFilter (Order: -3000), Microsoft.AspNetCore.Mvc.Infrastructure.ModelStateInvalidFilter (Order: -2000)
2021-12-15T17:00:17.3307036+02:00	DBUG	[Microsoft.AspNetCore.Mvc.Infrastructure.ControllerActionInvoker]	[FilterExecutionPlan]	Execution plan of exception filters (in the following order): None
2021-12-15T17:00:17.3326596+02:00	DBUG	[Microsoft.AspNetCore.Mvc.Infrastructure.ControllerActionInvoker]	[FilterExecutionPlan]	Execution plan of result filters (in the following order): Microsoft.AspNetCore.Mvc.ViewFeatures.Filters.SaveTempDataFilter, Microsoft.AspNetCore.Mvc.Infrastructure.ClientErrorResultFilter (Order: -2000)
2021-12-15T17:00:17.3371935+02:00	TRCE	[Microsoft.AspNetCore.Mvc.Infrastructure.ControllerActionInvoker]	[BeforeExecutingMethodOnFilter]	Resource Filter: Before executing OnResourceExecuting on filter Microsoft.AspNetCore.Mvc.ViewFeatures.Filters.SaveTempDataFilter.
2021-12-15T17:00:17.3396694+02:00	TRCE	[Microsoft.AspNetCore.Mvc.Infrastructure.ControllerActionInvoker]	[AfterExecutingMethodOnFilter]	Resource Filter: After executing OnResourceExecuting on filter Microsoft.AspNetCore.Mvc.ViewFeatures.Filters.SaveTempDataFilter.
2021-12-15T17:00:17.3424719+02:00	DBUG	[Microsoft.AspNetCore.Mvc.Infrastructure.ControllerActionInvoker]	[ControllerFactoryExecuting]	Executing controller factory for controller LibraryWebApi.Controllers.LogController (LibraryWebApi)
2021-12-15T17:00:17.3461730+02:00	DBUG	[Microsoft.AspNetCore.Mvc.Infrastructure.ControllerActionInvoker]	[ControllerFactoryExecuted]	Executed controller factory for controller LibraryWebApi.Controllers.LogController (LibraryWebApi)
2021-12-15T17:00:17.3484342+02:00	TRCE	[Microsoft.AspNetCore.Mvc.Infrastructure.ControllerActionInvoker]	[BeforeExecutingMethodOnFilter]	Action Filter: Before executing OnActionExecuting on filter Microsoft.AspNetCore.Mvc.ModelBinding.UnsupportedContentTypeFilter.
2021-12-15T17:00:17.3512786+02:00	TRCE	[Microsoft.AspNetCore.Mvc.Infrastructure.ControllerActionInvoker]	[AfterExecutingMethodOnFilter]	Action Filter: After executing OnActionExecuting on filter Microsoft.AspNetCore.Mvc.ModelBinding.UnsupportedContentTypeFilter.
2021-12-15T17:00:17.3534491+02:00	TRCE	[Microsoft.AspNetCore.Mvc.Infrastructure.ControllerActionInvoker]	[BeforeExecutingMethodOnFilter]	Action Filter: Before executing OnActionExecuting on filter Microsoft.AspNetCore.Mvc.Infrastructure.ModelStateInvalidFilter.
2021-12-15T17:00:17.3555769+02:00	TRCE	[Microsoft.AspNetCore.Mvc.Infrastructure.ControllerActionInvoker]	[AfterExecutingMethodOnFilter]	Action Filter: After executing OnActionExecuting on filter Microsoft.AspNetCore.Mvc.Infrastructure.ModelStateInvalidFilter.
2021-12-15T17:00:17.3632859+02:00	INFO	[Microsoft.AspNetCore.Mvc.Infrastructure.ControllerActionInvoker]	[ActionMethodExecuting]	Executing action method LibraryWebApi.Controllers.LogController.GetLastLog (LibraryWebApi) - Validation state: Valid
2021-12-15T17:00:43.4927162+02:00	DBUG	[Microsoft.Extensions.Hosting.Internal.Host]	[Starting]	Hosting starting
2021-12-15T17:00:43.5717785+02:00	INFO	[Microsoft.AspNetCore.DataProtection.KeyManagement.XmlKeyManager]	[UsingProfileAsKeyRepositoryWithDPAPI]	User profile is available. Using 'C:\Users\Andrey\AppData\Local\ASP.NET\DataProtection-Keys' as key repository and Windows DPAPI to encrypt keys at rest.
2021-12-15T17:00:43.5889720+02:00	DBUG	[Microsoft.AspNetCore.DataProtection.Repositories.FileSystemXmlRepository]	[ReadingDataFromFile]	Reading data from file 'C:\Users\Andrey\AppData\Local\ASP.NET\DataProtection-Keys\key-63abd01a-4070-4981-b6e3-39a168163237.xml'.
2021-12-15T17:00:43.6334563+02:00	DBUG	[Microsoft.AspNetCore.DataProtection.KeyManagement.XmlKeyManager]	[FoundKey]	Found key {63abd01a-4070-4981-b6e3-39a168163237}.
2021-12-15T17:00:43.6624172+02:00	DBUG	[Microsoft.AspNetCore.DataProtection.KeyManagement.DefaultKeyResolver]	[ConsideringKeyWithExpirationDateAsDefaultKey]	Considering key {63abd01a-4070-4981-b6e3-39a168163237} with expiration date 2022-02-23 14:03:57Z as default key.
2021-12-15T17:00:43.8039350+02:00	DBUG	[Microsoft.AspNetCore.DataProtection.TypeForwardingActivator]	[0]	Forwarded activator type request from Microsoft.AspNetCore.DataProtection.XmlEncryption.DpapiXmlDecryptor, Microsoft.AspNetCore.DataProtection, Version=5.0.0.0, Culture=neutral, PublicKeyToken=adb9793829ddae60 to Microsoft.AspNetCore.DataProtection.XmlEncryption.DpapiXmlDecryptor, Microsoft.AspNetCore.DataProtection, Culture=neutral, PublicKeyToken=adb9793829ddae60
2021-12-15T17:00:43.8118131+02:00	DBUG	[Microsoft.AspNetCore.DataProtection.XmlEncryption.DpapiXmlDecryptor]	[DecryptingSecretElementUsingWindowsDPAPI]	Decrypting secret element using Windows DPAPI.
2021-12-15T17:00:43.8181942+02:00	DBUG	[Microsoft.AspNetCore.DataProtection.TypeForwardingActivator]	[0]	Forwarded activator type request from Microsoft.AspNetCore.DataProtection.AuthenticatedEncryption.ConfigurationModel.AuthenticatedEncryptorDescriptorDeserializer, Microsoft.AspNetCore.DataProtection, Version=5.0.0.0, Culture=neutral, PublicKeyToken=adb9793829ddae60 to Microsoft.AspNetCore.DataProtection.AuthenticatedEncryption.ConfigurationModel.AuthenticatedEncryptorDescriptorDeserializer, Microsoft.AspNetCore.DataProtection, Culture=neutral, PublicKeyToken=adb9793829ddae60
2021-12-15T17:00:43.8282622+02:00	DBUG	[Microsoft.AspNetCore.DataProtection.AuthenticatedEncryption.CngCbcAuthenticatedEncryptorFactory]	[OpeningCNGAlgorithmFromProviderWithChainingModeCBC]	Opening CNG algorithm 'AES' from provider '(null)' with chaining mode CBC.
2021-12-15T17:00:43.8339067+02:00	DBUG	[Microsoft.AspNetCore.DataProtection.AuthenticatedEncryption.CngCbcAuthenticatedEncryptorFactory]	[OpeningCNGAlgorithmFromProviderWithHMAC]	Opening CNG algorithm 'SHA256' from provider '(null)' with HMAC.
2021-12-15T17:00:43.8405655+02:00	DBUG	[Microsoft.AspNetCore.DataProtection.KeyManagement.KeyRingProvider]	[UsingKeyAsDefaultKey]	Using key {63abd01a-4070-4981-b6e3-39a168163237} as the default key.
2021-12-15T17:00:43.8449281+02:00	DBUG	[Microsoft.AspNetCore.DataProtection.Internal.DataProtectionHostedService]	[KeyRingWasLoadedOnStartup]	Key ring with default key {63abd01a-4070-4981-b6e3-39a168163237} was loaded during application startup.
2021-12-15T17:00:44.1770854+02:00	DBUG	[Microsoft.AspNetCore.Hosting.Diagnostics]	[0]	Loaded hosting startup assembly LibraryWebApi
2021-12-15T17:00:44.1797507+02:00	INFO	[Microsoft.Hosting.Lifetime]	[0]	Application started. Press Ctrl+C to shut down.
2021-12-15T17:00:44.1817738+02:00	INFO	[Microsoft.Hosting.Lifetime]	[0]	Hosting environment: Development
2021-12-15T17:00:44.1842410+02:00	INFO	[Microsoft.Hosting.Lifetime]	[0]	Content root path: C:\Users\Andrey\source\repos\library_webapi
2021-12-15T17:00:44.1870321+02:00	DBUG	[Microsoft.Extensions.Hosting.Internal.Host]	[Started]	Hosting started
2021-12-15T17:00:44.2513579+02:00	INFO	[Microsoft.AspNetCore.Hosting.Diagnostics]	[RequestStarting]	Request starting HTTP/1.1 GET http://localhost:53011/ - -
2021-12-15T17:00:44.2543694+02:00	DBUG	[Microsoft.AspNetCore.HostFiltering.HostFilteringMiddleware]	[WildcardDetected]	Wildcard detected, all requests with hosts will be allowed.
2021-12-15T17:00:44.2562260+02:00	TRCE	[Microsoft.AspNetCore.HostFiltering.HostFilteringMiddleware]	[AllHostsAllowed]	All hosts are allowed.
2021-12-15T17:00:44.2927840+02:00	DBUG	[Microsoft.AspNetCore.StaticFiles.StaticFileMiddleware]	[PathMismatch]	The request path  does not match the path filter
2021-12-15T17:00:44.3115655+02:00	DBUG	[Microsoft.AspNetCore.Mvc.Razor.Compilation.DefaultViewCompiler]	[ViewCompilerNoCompiledViewsFound]	Initializing Razor view compiler with no compiled views.
2021-12-15T17:00:44.3672597+02:00	DBUG	[Microsoft.AspNetCore.Routing.Matching.DfaMatcher]	[CandidatesNotFound]	No candidates found for the request path '/'
2021-12-15T17:00:44.3751093+02:00	DBUG	[Microsoft.AspNetCore.Routing.EndpointRoutingMiddleware]	[MatchFailure]	Request did not match any endpoints
2021-12-15T17:00:44.4819359+02:00	DBUG	[Microsoft.AspNetCore.Authentication.JwtBearer.JwtBearerHandler]	[AuthenticationSchemeNotAuthenticated]	AuthenticationScheme: Bearer was not authenticated.
2021-12-15T17:00:44.5106262+02:00	INFO	[Microsoft.AspNetCore.Hosting.Diagnostics]	[RequestFinished]	Request finished HTTP/1.1 GET http://localhost:53011/ - - - 404 - - 257.7706ms
2021-12-15T17:00:50.8894087+02:00	INFO	[Microsoft.AspNetCore.Hosting.Diagnostics]	[RequestStarting]	Request starting HTTP/1.1 GET http://localhost:53011/api/log - -
2021-12-15T17:00:50.8909155+02:00	TRCE	[Microsoft.AspNetCore.HostFiltering.HostFilteringMiddleware]	[AllHostsAllowed]	All hosts are allowed.
2021-12-15T17:00:50.8928002+02:00	DBUG	[Microsoft.AspNetCore.StaticFiles.StaticFileMiddleware]	[PathMismatch]	The request path  does not match the path filter
2021-12-15T17:00:50.9058897+02:00	DBUG	[Microsoft.AspNetCore.Routing.Matching.DfaMatcher]	[CandidatesFound]	1 candidate(s) found for the request path '/api/log'
2021-12-15T17:00:50.9116634+02:00	DBUG	[Microsoft.AspNetCore.Routing.Matching.DfaMatcher]	[CandiateValid]	Endpoint 'LibraryWebApi.Controllers.LogController.GetLastLog (LibraryWebApi)' with route pattern 'api/Log' is valid for the request path '/api/log'
2021-12-15T17:00:50.9146662+02:00	DBUG	[Microsoft.AspNetCore.Routing.EndpointRoutingMiddleware]	[MatchSuccess]	Request matched endpoint 'LibraryWebApi.Controllers.LogController.GetLastLog (LibraryWebApi)'
2021-12-15T17:00:50.9241434+02:00	DBUG	[Microsoft.AspNetCore.Authentication.JwtBearer.JwtBearerHandler]	[AuthenticationSchemeNotAuthenticated]	AuthenticationScheme: Bearer was not authenticated.
2021-12-15T17:00:50.9270273+02:00	INFO	[Microsoft.AspNetCore.Routing.EndpointMiddleware]	[ExecutingEndpoint]	Executing endpoint 'LibraryWebApi.Controllers.LogController.GetLastLog (LibraryWebApi)'
2021-12-15T17:00:50.9384456+02:00	DBUG	[Microsoft.AspNetCore.Mvc.ModelBinding.ModelBinderFactory]	[RegisteredModelBinderProviders]	Registered model binder providers, in the following order: Microsoft.AspNetCore.Mvc.ModelBinding.Binders.BinderTypeModelBinderProvider, Microsoft.AspNetCore.Mvc.ModelBinding.Binders.ServicesModelBinderProvider, Microsoft.AspNetCore.Mvc.ModelBinding.Binders.BodyModelBinderProvider, Microsoft.AspNetCore.Mvc.ModelBinding.Binders.HeaderModelBinderProvider, Microsoft.AspNetCore.Mvc.ModelBinding.Binders.FloatingPointTypeModelBinderProvider, Microsoft.AspNetCore.Mvc.ModelBinding.Binders.EnumTypeModelBinderProvider, Microsoft.AspNetCore.Mvc.ModelBinding.Binders.DateTimeModelBinderProvider, Microsoft.AspNetCore.Mvc.ModelBinding.Binders.SimpleTypeModelBinderProvider, Microsoft.AspNetCore.Mvc.ModelBinding.Binders.CancellationTokenModelBinderProvider, Microsoft.AspNetCore.Mvc.ModelBinding.Binders.ByteArrayModelBinderProvider, Microsoft.AspNetCore.Mvc.ModelBinding.Binders.FormFileModelBinderProvider, Microsoft.AspNetCore.Mvc.ModelBinding.Binders.FormCollectionModelBinderProvider, Microsoft.AspNetCore.Mvc.ModelBinding.Binders.KeyValuePairModelBinderProvider, Microsoft.AspNetCore.Mvc.ModelBinding.Binders.DictionaryModelBinderProvider, Microsoft.AspNetCore.Mvc.ModelBinding.Binders.ArrayModelBinderProvider, Microsoft.AspNetCore.Mvc.ModelBinding.Binders.CollectionModelBinderProvider, Microsoft.AspNetCore.Mvc.ModelBinding.Binders.ComplexObjectModelBinderProvider
2021-12-15T17:00:50.9678060+02:00	INFO	[Microsoft.AspNetCore.Mvc.Infrastructure.ControllerActionInvoker]	[ControllerActionExecuting]	Route matched with {action = "GetLastLog", controller = "Log"}. Executing controller action with signature Microsoft.AspNetCore.Mvc.IActionResult GetLastLog() on controller LibraryWebApi.Controllers.LogController (LibraryWebApi).
2021-12-15T17:00:50.9709109+02:00	DBUG	[Microsoft.AspNetCore.Mvc.Infrastructure.ControllerActionInvoker]	[FilterExecutionPlan]	Execution plan of authorization filters (in the following order): None
2021-12-15T17:00:50.9733296+02:00	DBUG	[Microsoft.AspNetCore.Mvc.Infrastructure.ControllerActionInvoker]	[FilterExecutionPlan]	Execution plan of resource filters (in the following order): Microsoft.AspNetCore.Mvc.ViewFeatures.Filters.SaveTempDataFilter
2021-12-15T17:00:50.9752396+02:00	DBUG	[Microsoft.AspNetCore.Mvc.Infrastructure.ControllerActionInvoker]	[FilterExecutionPlan]	Execution plan of action filters (in the following order): Microsoft.AspNetCore.Mvc.ModelBinding.UnsupportedContentTypeFilter (Order: -3000), Microsoft.AspNetCore.Mvc.Infrastructure.ModelStateInvalidFilter (Order: -2000)
2021-12-15T17:00:50.9769051+02:00	DBUG	[Microsoft.AspNetCore.Mvc.Infrastructure.ControllerActionInvoker]	[FilterExecutionPlan]	Execution plan of exception filters (in the following order): None
2021-12-15T17:00:50.9786530+02:00	DBUG	[Microsoft.AspNetCore.Mvc.Infrastructure.ControllerActionInvoker]	[FilterExecutionPlan]	Execution plan of result filters (in the following order): Microsoft.AspNetCore.Mvc.ViewFeatures.Filters.SaveTempDataFilter, Microsoft.AspNetCore.Mvc.Infrastructure.ClientErrorResultFilter (Order: -2000)
2021-12-15T17:00:50.9825193+02:00	TRCE	[Microsoft.AspNetCore.Mvc.Infrastructure.ControllerActionInvoker]	[BeforeExecutingMethodOnFilter]	Resource Filter: Before executing OnResourceExecuting on filter Microsoft.AspNetCore.Mvc.ViewFeatures.Filters.SaveTempDataFilter.
2021-12-15T17:00:50.9847325+02:00	TRCE	[Microsoft.AspNetCore.Mvc.Infrastructure.ControllerActionInvoker]	[AfterExecutingMethodOnFilter]	Resource Filter: After executing OnResourceExecuting on filter Microsoft.AspNetCore.Mvc.ViewFeatures.Filters.SaveTempDataFilter.
2021-12-15T17:00:50.9872226+02:00	DBUG	[Microsoft.AspNetCore.Mvc.Infrastructure.ControllerActionInvoker]	[ControllerFactoryExecuting]	Executing controller factory for controller LibraryWebApi.Controllers.LogController (LibraryWebApi)
2021-12-15T17:00:50.9899087+02:00	DBUG	[Microsoft.AspNetCore.Mvc.Infrastructure.ControllerActionInvoker]	[ControllerFactoryExecuted]	Executed controller factory for controller LibraryWebApi.Controllers.LogController (LibraryWebApi)
2021-12-15T17:00:50.9916049+02:00	TRCE	[Microsoft.AspNetCore.Mvc.Infrastructure.ControllerActionInvoker]	[BeforeExecutingMethodOnFilter]	Action Filter: Before executing OnActionExecuting on filter Microsoft.AspNetCore.Mvc.ModelBinding.UnsupportedContentTypeFilter.
2021-12-15T17:00:50.9934825+02:00	TRCE	[Microsoft.AspNetCore.Mvc.Infrastructure.ControllerActionInvoker]	[AfterExecutingMethodOnFilter]	Action Filter: After executing OnActionExecuting on filter Microsoft.AspNetCore.Mvc.ModelBinding.UnsupportedContentTypeFilter.
2021-12-15T17:00:50.9951701+02:00	TRCE	[Microsoft.AspNetCore.Mvc.Infrastructure.ControllerActionInvoker]	[BeforeExecutingMethodOnFilter]	Action Filter: Before executing OnActionExecuting on filter Microsoft.AspNetCore.Mvc.Infrastructure.ModelStateInvalidFilter.
2021-12-15T17:00:50.9971896+02:00	TRCE	[Microsoft.AspNetCore.Mvc.Infrastructure.ControllerActionInvoker]	[AfterExecutingMethodOnFilter]	Action Filter: After executing OnActionExecuting on filter Microsoft.AspNetCore.Mvc.Infrastructure.ModelStateInvalidFilter.
2021-12-15T17:00:51.0055066+02:00	INFO	[Microsoft.AspNetCore.Mvc.Infrastructure.ControllerActionInvoker]	[ActionMethodExecuting]	Executing action method LibraryWebApi.Controllers.LogController.GetLastLog (LibraryWebApi) - Validation state: Valid
2021-12-15T17:00:51.0162332+02:00	INFO	[Microsoft.AspNetCore.Mvc.Infrastructure.ControllerActionInvoker]	[ActionMethodExecuted]	Executed action method LibraryWebApi.Controllers.LogController.GetLastLog (LibraryWebApi), returned result Microsoft.AspNetCore.Mvc.OkObjectResult in 2.8462ms.
2021-12-15T17:00:51.0181723+02:00	TRCE	[Microsoft.AspNetCore.Mvc.Infrastructure.ControllerActionInvoker]	[BeforeExecutingMethodOnFilter]	Action Filter: Before executing OnActionExecuted on filter Microsoft.AspNetCore.Mvc.Infrastructure.ModelStateInvalidFilter.
2021-12-15T17:00:51.0199580+02:00	TRCE	[Microsoft.AspNetCore.Mvc.Infrastructure.ControllerActionInvoker]	[AfterExecutingMethodOnFilter]	Action Filter: After executing OnActionExecuted on filter Microsoft.AspNetCore.Mvc.Infrastructure.ModelStateInvalidFilter.
2021-12-15T17:00:51.0219447+02:00	TRCE	[Microsoft.AspNetCore.Mvc.Infrastructure.ControllerActionInvoker]	[BeforeExecutingMethodOnFilter]	Action Filter: Before executing OnActionExecuted on filter Microsoft.AspNetCore.Mvc.ModelBinding.UnsupportedContentTypeFilter.
2021-12-15T17:00:51.0240114+02:00	TRCE	[Microsoft.AspNetCore.Mvc.Infrastructure.ControllerActionInvoker]	[AfterExecutingMethodOnFilter]	Action Filter: After executing OnActionExecuted on filter Microsoft.AspNetCore.Mvc.ModelBinding.UnsupportedContentTypeFilter.
2021-12-15T17:00:51.0258612+02:00	TRCE	[Microsoft.AspNetCore.Mvc.Infrastructure.ControllerActionInvoker]	[BeforeExecutingMethodOnFilter]	Result Filter: Before executing OnResultExecuting on filter Microsoft.AspNetCore.Mvc.ViewFeatures.Filters.SaveTempDataFilter.
2021-12-15T17:00:51.0274114+02:00	TRCE	[Microsoft.AspNetCore.Mvc.Infrastructure.ControllerActionInvoker]	[AfterExecutingMethodOnFilter]	Result Filter: After executing OnResultExecuting on filter Microsoft.AspNetCore.Mvc.ViewFeatures.Filters.SaveTempDataFilter.
2021-12-15T17:00:51.0299421+02:00	TRCE	[Microsoft.AspNetCore.Mvc.Infrastructure.ControllerActionInvoker]	[BeforeExecutingMethodOnFilter]	Result Filter: Before executing OnResultExecuting on filter Microsoft.AspNetCore.Mvc.Infrastructure.ClientErrorResultFilter.
2021-12-15T17:00:51.0325470+02:00	TRCE	[Microsoft.AspNetCore.Mvc.Infrastructure.ControllerActionInvoker]	[AfterExecutingMethodOnFilter]	Result Filter: After executing OnResultExecuting on filter Microsoft.AspNetCore.Mvc.Infrastructure.ClientErrorResultFilter.
2021-12-15T17:00:51.0357964+02:00	TRCE	[Microsoft.AspNetCore.Mvc.Infrastructure.ControllerActionInvoker]	[BeforeExecutingActionResult]	Before executing action result Microsoft.AspNetCore.Mvc.OkObjectResult.
2021-12-15T17:00:51.0394447+02:00	DBUG	[Microsoft.AspNetCore.Mvc.Infrastructure.DefaultOutputFormatterSelector]	[RegisteredOutputFormatters]	List of registered output formatters, in the following order: Microsoft.AspNetCore.Mvc.Formatters.HttpNoContentOutputFormatter, Microsoft.AspNetCore.Mvc.Formatters.StringOutputFormatter, Microsoft.AspNetCore.Mvc.Formatters.StreamOutputFormatter, Microsoft.AspNetCore.Mvc.Formatters.SystemTextJsonOutputFormatter
2021-12-15T17:00:51.0430737+02:00	DBUG	[Microsoft.AspNetCore.Mvc.Infrastructure.DefaultOutputFormatterSelector]	[NoAcceptForNegotiation]	No information found on request to perform content negotiation.
2021-12-15T17:00:51.0449124+02:00	DBUG	[Microsoft.AspNetCore.Mvc.Infrastructure.DefaultOutputFormatterSelector]	[SelectingOutputFormatterWithoutUsingContentTypes]	Attempting to select an output formatter without using a content type as no explicit content types were specified for the response.
2021-12-15T17:00:51.0472062+02:00	DBUG	[Microsoft.AspNetCore.Mvc.Infrastructure.DefaultOutputFormatterSelector]	[SelectingFirstCanWriteFormatter]	Attempting to select the first formatter in the output formatters list which can write the result.
2021-12-15T17:00:51.0504295+02:00	DBUG	[Microsoft.AspNetCore.Mvc.Infrastructure.DefaultOutputFormatterSelector]	[FormatterSelected]	Selected output formatter 'Microsoft.AspNetCore.Mvc.Formatters.StringOutputFormatter' and content type 'text/plain' to write the response.
2021-12-15T17:00:51.0523672+02:00	INFO	[Microsoft.AspNetCore.Mvc.Infrastructure.ObjectResultExecutor]	[ObjectResultExecuting]	Executing OkObjectResult, writing value of type 'System.String'.
2021-12-15T17:00:51.0707467+02:00	TRCE	[Microsoft.AspNetCore.Mvc.Infrastructure.ControllerActionInvoker]	[AfterExecutingActionResult]	After executing action result Microsoft.AspNetCore.Mvc.OkObjectResult.
2021-12-15T17:00:51.0730764+02:00	TRCE	[Microsoft.AspNetCore.Mvc.Infrastructure.ControllerActionInvoker]	[BeforeExecutingMethodOnFilter]	Result Filter: Before executing OnResultExecuted on filter Microsoft.AspNetCore.Mvc.Infrastructure.ClientErrorResultFilter.
2021-12-15T17:00:51.0759592+02:00	TRCE	[Microsoft.AspNetCore.Mvc.Infrastructure.ControllerActionInvoker]	[AfterExecutingMethodOnFilter]	Result Filter: After executing OnResultExecuted on filter Microsoft.AspNetCore.Mvc.Infrastructure.ClientErrorResultFilter.
2021-12-15T17:00:51.0782110+02:00	TRCE	[Microsoft.AspNetCore.Mvc.Infrastructure.ControllerActionInvoker]	[BeforeExecutingMethodOnFilter]	Result Filter: Before executing OnResultExecuted on filter Microsoft.AspNetCore.Mvc.ViewFeatures.Filters.SaveTempDataFilter.
2021-12-15T17:00:51.0807589+02:00	TRCE	[Microsoft.AspNetCore.Mvc.Infrastructure.ControllerActionInvoker]	[AfterExecutingMethodOnFilter]	Result Filter: After executing OnResultExecuted on filter Microsoft.AspNetCore.Mvc.ViewFeatures.Filters.SaveTempDataFilter.
2021-12-15T17:00:51.0831867+02:00	TRCE	[Microsoft.AspNetCore.Mvc.Infrastructure.ControllerActionInvoker]	[BeforeExecutingMethodOnFilter]	Resource Filter: Before executing OnResourceExecuted on filter Microsoft.AspNetCore.Mvc.ViewFeatures.Filters.SaveTempDataFilter.
2021-12-15T17:00:51.0851055+02:00	TRCE	[Microsoft.AspNetCore.Mvc.Infrastructure.ControllerActionInvoker]	[AfterExecutingMethodOnFilter]	Resource Filter: After executing OnResourceExecuted on filter Microsoft.AspNetCore.Mvc.ViewFeatures.Filters.SaveTempDataFilter.
2021-12-15T17:00:51.0931770+02:00	INFO	[Microsoft.AspNetCore.Mvc.Infrastructure.ControllerActionInvoker]	[ActionExecuted]	Executed action LibraryWebApi.Controllers.LogController.GetLastLog (LibraryWebApi) in 106.5133ms
2021-12-15T17:00:51.0954325+02:00	INFO	[Microsoft.AspNetCore.Routing.EndpointMiddleware]	[ExecutedEndpoint]	Executed endpoint 'LibraryWebApi.Controllers.LogController.GetLastLog (LibraryWebApi)'
2021-12-15T17:00:51.1016760+02:00	INFO	[Microsoft.AspNetCore.Hosting.Diagnostics]	[RequestFinished]	Request finished HTTP/1.1 GET http://localhost:53011/api/log - - - 200 - text/plain;+charset=utf-8 211.7512ms
2021-12-15T17:00:57.5071113+02:00	INFO	[Microsoft.AspNetCore.Hosting.Diagnostics]	[RequestStarting]	Request starting HTTP/1.1 GET http://localhost:53011/api/log - -
2021-12-15T17:00:57.5083891+02:00	TRCE	[Microsoft.AspNetCore.HostFiltering.HostFilteringMiddleware]	[AllHostsAllowed]	All hosts are allowed.
2021-12-15T17:00:57.5106180+02:00	DBUG	[Microsoft.AspNetCore.StaticFiles.StaticFileMiddleware]	[PathMismatch]	The request path  does not match the path filter
2021-12-15T17:00:57.5154010+02:00	DBUG	[Microsoft.AspNetCore.Routing.Matching.DfaMatcher]	[CandidatesFound]	1 candidate(s) found for the request path '/api/log'
2021-12-15T17:00:57.5173740+02:00	DBUG	[Microsoft.AspNetCore.Routing.Matching.DfaMatcher]	[CandiateValid]	Endpoint 'LibraryWebApi.Controllers.LogController.GetLastLog (LibraryWebApi)' with route pattern 'api/Log' is valid for the request path '/api/log'
2021-12-15T17:00:57.5193438+02:00	DBUG	[Microsoft.AspNetCore.Routing.EndpointRoutingMiddleware]	[MatchSuccess]	Request matched endpoint 'LibraryWebApi.Controllers.LogController.GetLastLog (LibraryWebApi)'
2021-12-15T17:00:57.5221789+02:00	DBUG	[Microsoft.AspNetCore.Authentication.JwtBearer.JwtBearerHandler]	[AuthenticationSchemeNotAuthenticated]	AuthenticationScheme: Bearer was not authenticated.
2021-12-15T17:00:57.5234839+02:00	INFO	[Microsoft.AspNetCore.Routing.EndpointMiddleware]	[ExecutingEndpoint]	Executing endpoint 'LibraryWebApi.Controllers.LogController.GetLastLog (LibraryWebApi)'
2021-12-15T17:00:57.5252010+02:00	INFO	[Microsoft.AspNetCore.Mvc.Infrastructure.ControllerActionInvoker]	[ControllerActionExecuting]	Route matched with {action = "GetLastLog", controller = "Log"}. Executing controller action with signature Microsoft.AspNetCore.Mvc.IActionResult GetLastLog() on controller LibraryWebApi.Controllers.LogController (LibraryWebApi).
2021-12-15T17:00:57.5265696+02:00	DBUG	[Microsoft.AspNetCore.Mvc.Infrastructure.ControllerActionInvoker]	[FilterExecutionPlan]	Execution plan of authorization filters (in the following order): None
2021-12-15T17:00:57.5286550+02:00	DBUG	[Microsoft.AspNetCore.Mvc.Infrastructure.ControllerActionInvoker]	[FilterExecutionPlan]	Execution plan of resource filters (in the following order): Microsoft.AspNetCore.Mvc.ViewFeatures.Filters.SaveTempDataFilter
2021-12-15T17:00:57.5316006+02:00	DBUG	[Microsoft.AspNetCore.Mvc.Infrastructure.ControllerActionInvoker]	[FilterExecutionPlan]	Execution plan of action filters (in the following order): Microsoft.AspNetCore.Mvc.ModelBinding.UnsupportedContentTypeFilter (Order: -3000), Microsoft.AspNetCore.Mvc.Infrastructure.ModelStateInvalidFilter (Order: -2000)
2021-12-15T17:00:57.5336790+02:00	DBUG	[Microsoft.AspNetCore.Mvc.Infrastructure.ControllerActionInvoker]	[FilterExecutionPlan]	Execution plan of exception filters (in the following order): None
2021-12-15T17:00:57.5353049+02:00	DBUG	[Microsoft.AspNetCore.Mvc.Infrastructure.ControllerActionInvoker]	[FilterExecutionPlan]	Execution plan of result filters (in the following order): Microsoft.AspNetCore.Mvc.ViewFeatures.Filters.SaveTempDataFilter, Microsoft.AspNetCore.Mvc.Infrastructure.ClientErrorResultFilter (Order: -2000)
2021-12-15T17:00:57.5367469+02:00	TRCE	[Microsoft.AspNetCore.Mvc.Infrastructure.ControllerActionInvoker]	[BeforeExecutingMethodOnFilter]	Resource Filter: Before executing OnResourceExecuting on filter Microsoft.AspNetCore.Mvc.ViewFeatures.Filters.SaveTempDataFilter.
2021-12-15T17:00:57.5385181+02:00	TRCE	[Microsoft.AspNetCore.Mvc.Infrastructure.ControllerActionInvoker]	[AfterExecutingMethodOnFilter]	Resource Filter: After executing OnResourceExecuting on filter Microsoft.AspNetCore.Mvc.ViewFeatures.Filters.SaveTempDataFilter.
2021-12-15T17:00:57.5401785+02:00	DBUG	[Microsoft.AspNetCore.Mvc.Infrastructure.ControllerActionInvoker]	[ControllerFactoryExecuting]	Executing controller factory for controller LibraryWebApi.Controllers.LogController (LibraryWebApi)
2021-12-15T17:00:57.5418050+02:00	DBUG	[Microsoft.AspNetCore.Mvc.Infrastructure.ControllerActionInvoker]	[ControllerFactoryExecuted]	Executed controller factory for controller LibraryWebApi.Controllers.LogController (LibraryWebApi)
2021-12-15T17:00:57.5430491+02:00	TRCE	[Microsoft.AspNetCore.Mvc.Infrastructure.ControllerActionInvoker]	[BeforeExecutingMethodOnFilter]	Action Filter: Before executing OnActionExecuting on filter Microsoft.AspNetCore.Mvc.ModelBinding.UnsupportedContentTypeFilter.
2021-12-15T17:00:57.5448455+02:00	TRCE	[Microsoft.AspNetCore.Mvc.Infrastructure.ControllerActionInvoker]	[AfterExecutingMethodOnFilter]	Action Filter: After executing OnActionExecuting on filter Microsoft.AspNetCore.Mvc.ModelBinding.UnsupportedContentTypeFilter.
2021-12-15T17:00:57.5481208+02:00	TRCE	[Microsoft.AspNetCore.Mvc.Infrastructure.ControllerActionInvoker]	[BeforeExecutingMethodOnFilter]	Action Filter: Before executing OnActionExecuting on filter Microsoft.AspNetCore.Mvc.Infrastructure.ModelStateInvalidFilter.
2021-12-15T17:00:57.5511825+02:00	TRCE	[Microsoft.AspNetCore.Mvc.Infrastructure.ControllerActionInvoker]	[AfterExecutingMethodOnFilter]	Action Filter: After executing OnActionExecuting on filter Microsoft.AspNetCore.Mvc.Infrastructure.ModelStateInvalidFilter.
2021-12-15T17:00:57.5526660+02:00	INFO	[Microsoft.AspNetCore.Mvc.Infrastructure.ControllerActionInvoker]	[ActionMethodExecuting]	Executing action method LibraryWebApi.Controllers.LogController.GetLastLog (LibraryWebApi) - Validation state: Valid
2021-12-15T17:00:57.5550364+02:00	INFO	[Microsoft.AspNetCore.Mvc.Infrastructure.ControllerActionInvoker]	[ActionMethodExecuted]	Executed action method LibraryWebApi.Controllers.LogController.GetLastLog (LibraryWebApi), returned result Microsoft.AspNetCore.Mvc.OkObjectResult in 0.6016ms.
2021-12-15T17:00:57.5570896+02:00	TRCE	[Microsoft.AspNetCore.Mvc.Infrastructure.ControllerActionInvoker]	[BeforeExecutingMethodOnFilter]	Action Filter: Before executing OnActionExecuted on filter Microsoft.AspNetCore.Mvc.Infrastructure.ModelStateInvalidFilter.
2021-12-15T17:00:57.5585254+02:00	TRCE	[Microsoft.AspNetCore.Mvc.Infrastructure.ControllerActionInvoker]	[AfterExecutingMethodOnFilter]	Action Filter: After executing OnActionExecuted on filter Microsoft.AspNetCore.Mvc.Infrastructure.ModelStateInvalidFilter.
2021-12-15T17:00:57.5602253+02:00	TRCE	[Microsoft.AspNetCore.Mvc.Infrastructure.ControllerActionInvoker]	[BeforeExecutingMethodOnFilter]	Action Filter: Before executing OnActionExecuted on filter Microsoft.AspNetCore.Mvc.ModelBinding.UnsupportedContentTypeFilter.
2021-12-15T17:00:57.5635059+02:00	TRCE	[Microsoft.AspNetCore.Mvc.Infrastructure.ControllerActionInvoker]	[AfterExecutingMethodOnFilter]	Action Filter: After executing OnActionExecuted on filter Microsoft.AspNetCore.Mvc.ModelBinding.UnsupportedContentTypeFilter.
2021-12-15T17:00:57.5651733+02:00	TRCE	[Microsoft.AspNetCore.Mvc.Infrastructure.ControllerActionInvoker]	[BeforeExecutingMethodOnFilter]	Result Filter: Before executing OnResultExecuting on filter Microsoft.AspNetCore.Mvc.ViewFeatures.Filters.SaveTempDataFilter.
2021-12-15T17:00:57.5666921+02:00	TRCE	[Microsoft.AspNetCore.Mvc.Infrastructure.ControllerActionInvoker]	[AfterExecutingMethodOnFilter]	Result Filter: After executing OnResultExecuting on filter Microsoft.AspNetCore.Mvc.ViewFeatures.Filters.SaveTempDataFilter.
2021-12-15T17:00:57.5691955+02:00	TRCE	[Microsoft.AspNetCore.Mvc.Infrastructure.ControllerActionInvoker]	[BeforeExecutingMethodOnFilter]	Result Filter: Before executing OnResultExecuting on filter Microsoft.AspNetCore.Mvc.Infrastructure.ClientErrorResultFilter.
2021-12-15T17:00:57.5727636+02:00	TRCE	[Microsoft.AspNetCore.Mvc.Infrastructure.ControllerActionInvoker]	[AfterExecutingMethodOnFilter]	Result Filter: After executing OnResultExecuting on filter Microsoft.AspNetCore.Mvc.Infrastructure.ClientErrorResultFilter.
2021-12-15T17:00:57.5743146+02:00	TRCE	[Microsoft.AspNetCore.Mvc.Infrastructure.ControllerActionInvoker]	[BeforeExecutingActionResult]	Before executing action result Microsoft.AspNetCore.Mvc.OkObjectResult.
2021-12-15T17:00:57.5761544+02:00	DBUG	[Microsoft.AspNetCore.Mvc.Infrastructure.DefaultOutputFormatterSelector]	[RegisteredOutputFormatters]	List of registered output formatters, in the following order: Microsoft.AspNetCore.Mvc.Formatters.HttpNoContentOutputFormatter, Microsoft.AspNetCore.Mvc.Formatters.StringOutputFormatter, Microsoft.AspNetCore.Mvc.Formatters.StreamOutputFormatter, Microsoft.AspNetCore.Mvc.Formatters.SystemTextJsonOutputFormatter
2021-12-15T17:00:57.5799005+02:00	DBUG	[Microsoft.AspNetCore.Mvc.Infrastructure.DefaultOutputFormatterSelector]	[NoAcceptForNegotiation]	No information found on request to perform content negotiation.
2021-12-15T17:00:57.5818528+02:00	DBUG	[Microsoft.AspNetCore.Mvc.Infrastructure.DefaultOutputFormatterSelector]	[SelectingOutputFormatterWithoutUsingContentTypes]	Attempting to select an output formatter without using a content type as no explicit content types were specified for the response.
2021-12-15T17:00:57.5833360+02:00	DBUG	[Microsoft.AspNetCore.Mvc.Infrastructure.DefaultOutputFormatterSelector]	[SelectingFirstCanWriteFormatter]	Attempting to select the first formatter in the output formatters list which can write the result.
2021-12-15T17:00:57.5851694+02:00	DBUG	[Microsoft.AspNetCore.Mvc.Infrastructure.DefaultOutputFormatterSelector]	[FormatterSelected]	Selected output formatter 'Microsoft.AspNetCore.Mvc.Formatters.StringOutputFormatter' and content type 'text/plain' to write the response.
2021-12-15T17:00:57.5870743+02:00	INFO	[Microsoft.AspNetCore.Mvc.Infrastructure.ObjectResultExecutor]	[ObjectResultExecuting]	Executing OkObjectResult, writing value of type 'System.String'.
2021-12-15T17:00:57.5906436+02:00	TRCE	[Microsoft.AspNetCore.Mvc.Infrastructure.ControllerActionInvoker]	[AfterExecutingActionResult]	After executing action result Microsoft.AspNetCore.Mvc.OkObjectResult.
2021-12-15T17:00:57.5929053+02:00	TRCE	[Microsoft.AspNetCore.Mvc.Infrastructure.ControllerActionInvoker]	[BeforeExecutingMethodOnFilter]	Result Filter: Before executing OnResultExecuted on filter Microsoft.AspNetCore.Mvc.Infrastructure.ClientErrorResultFilter.
2021-12-15T17:00:57.5958460+02:00	TRCE	[Microsoft.AspNetCore.Mvc.Infrastructure.ControllerActionInvoker]	[AfterExecutingMethodOnFilter]	Result Filter: After executing OnResultExecuted on filter Microsoft.AspNetCore.Mvc.Infrastructure.ClientErrorResultFilter.
2021-12-15T17:00:57.5990453+02:00	TRCE	[Microsoft.AspNetCore.Mvc.Infrastructure.ControllerActionInvoker]	[BeforeExecutingMethodOnFilter]	Result Filter: Before executing OnResultExecuted on filter Microsoft.AspNetCore.Mvc.ViewFeatures.Filters.SaveTempDataFilter.
2021-12-15T17:00:57.6007577+02:00	TRCE	[Microsoft.AspNetCore.Mvc.Infrastructure.ControllerActionInvoker]	[AfterExecutingMethodOnFilter]	Result Filter: After executing OnResultExecuted on filter Microsoft.AspNetCore.Mvc.ViewFeatures.Filters.SaveTempDataFilter.
2021-12-15T17:00:57.6024180+02:00	TRCE	[Microsoft.AspNetCore.Mvc.Infrastructure.ControllerActionInvoker]	[BeforeExecutingMethodOnFilter]	Resource Filter: Before executing OnResourceExecuted on filter Microsoft.AspNetCore.Mvc.ViewFeatures.Filters.SaveTempDataFilter.
2021-12-15T17:00:57.6103422+02:00	TRCE	[Microsoft.AspNetCore.Mvc.Infrastructure.ControllerActionInvoker]	[AfterExecutingMethodOnFilter]	Resource Filter: After executing OnResourceExecuted on filter Microsoft.AspNetCore.Mvc.ViewFeatures.Filters.SaveTempDataFilter.
2021-12-15T17:00:57.6126358+02:00	INFO	[Microsoft.AspNetCore.Mvc.Infrastructure.ControllerActionInvoker]	[ActionExecuted]	Executed action LibraryWebApi.Controllers.LogController.GetLastLog (LibraryWebApi) in 75.0555ms
2021-12-15T17:00:57.6147011+02:00	INFO	[Microsoft.AspNetCore.Routing.EndpointMiddleware]	[ExecutedEndpoint]	Executed endpoint 'LibraryWebApi.Controllers.LogController.GetLastLog (LibraryWebApi)'
2021-12-15T17:00:57.6179534+02:00	INFO	[Microsoft.AspNetCore.Hosting.Diagnostics]	[RequestFinished]	Request finished HTTP/1.1 GET http://localhost:53011/api/log - - - 200 - text/plain;+charset=utf-8 110.4771ms
2021-12-15T17:01:05.8392920+02:00	INFO	[Microsoft.AspNetCore.Hosting.Diagnostics]	[RequestStarting]	Request starting HTTP/1.1 GET http://localhost:53011/api/log - -
2021-12-15T17:01:05.8415030+02:00	TRCE	[Microsoft.AspNetCore.HostFiltering.HostFilteringMiddleware]	[AllHostsAllowed]	All hosts are allowed.
2021-12-15T17:01:05.8439564+02:00	DBUG	[Microsoft.AspNetCore.StaticFiles.StaticFileMiddleware]	[PathMismatch]	The request path  does not match the path filter
2021-12-15T17:01:05.8478344+02:00	DBUG	[Microsoft.AspNetCore.Routing.Matching.DfaMatcher]	[CandidatesFound]	1 candidate(s) found for the request path '/api/log'
2021-12-15T17:01:05.8504749+02:00	DBUG	[Microsoft.AspNetCore.Routing.Matching.DfaMatcher]	[CandiateValid]	Endpoint 'LibraryWebApi.Controllers.LogController.GetLastLog (LibraryWebApi)' with route pattern 'api/Log' is valid for the request path '/api/log'
2021-12-15T17:01:05.8525759+02:00	DBUG	[Microsoft.AspNetCore.Routing.EndpointRoutingMiddleware]	[MatchSuccess]	Request matched endpoint 'LibraryWebApi.Controllers.LogController.GetLastLog (LibraryWebApi)'
2021-12-15T17:01:05.8544521+02:00	DBUG	[Microsoft.AspNetCore.Authentication.JwtBearer.JwtBearerHandler]	[AuthenticationSchemeNotAuthenticated]	AuthenticationScheme: Bearer was not authenticated.
2021-12-15T17:01:05.8564008+02:00	INFO	[Microsoft.AspNetCore.Routing.EndpointMiddleware]	[ExecutingEndpoint]	Executing endpoint 'LibraryWebApi.Controllers.LogController.GetLastLog (LibraryWebApi)'
2021-12-15T17:01:05.8582171+02:00	INFO	[Microsoft.AspNetCore.Mvc.Infrastructure.ControllerActionInvoker]	[ControllerActionExecuting]	Route matched with {action = "GetLastLog", controller = "Log"}. Executing controller action with signature Microsoft.AspNetCore.Mvc.IActionResult GetLastLog() on controller LibraryWebApi.Controllers.LogController (LibraryWebApi).
2021-12-15T17:01:05.8603345+02:00	DBUG	[Microsoft.AspNetCore.Mvc.Infrastructure.ControllerActionInvoker]	[FilterExecutionPlan]	Execution plan of authorization filters (in the following order): None
2021-12-15T17:01:05.8625156+02:00	DBUG	[Microsoft.AspNetCore.Mvc.Infrastructure.ControllerActionInvoker]	[FilterExecutionPlan]	Execution plan of resource filters (in the following order): Microsoft.AspNetCore.Mvc.ViewFeatures.Filters.SaveTempDataFilter
2021-12-15T17:01:05.8647025+02:00	DBUG	[Microsoft.AspNetCore.Mvc.Infrastructure.ControllerActionInvoker]	[FilterExecutionPlan]	Execution plan of action filters (in the following order): Microsoft.AspNetCore.Mvc.ModelBinding.UnsupportedContentTypeFilter (Order: -3000), Microsoft.AspNetCore.Mvc.Infrastructure.ModelStateInvalidFilter (Order: -2000)
2021-12-15T17:01:05.8666178+02:00	DBUG	[Microsoft.AspNetCore.Mvc.Infrastructure.ControllerActionInvoker]	[FilterExecutionPlan]	Execution plan of exception filters (in the following order): None
2021-12-15T17:01:05.8683141+02:00	DBUG	[Microsoft.AspNetCore.Mvc.Infrastructure.ControllerActionInvoker]	[FilterExecutionPlan]	Execution plan of result filters (in the following order): Microsoft.AspNetCore.Mvc.ViewFeatures.Filters.SaveTempDataFilter, Microsoft.AspNetCore.Mvc.Infrastructure.ClientErrorResultFilter (Order: -2000)
2021-12-15T17:01:05.8704328+02:00	TRCE	[Microsoft.AspNetCore.Mvc.Infrastructure.ControllerActionInvoker]	[BeforeExecutingMethodOnFilter]	Resource Filter: Before executing OnResourceExecuting on filter Microsoft.AspNetCore.Mvc.ViewFeatures.Filters.SaveTempDataFilter.
2021-12-15T17:01:05.8724316+02:00	TRCE	[Microsoft.AspNetCore.Mvc.Infrastructure.ControllerActionInvoker]	[AfterExecutingMethodOnFilter]	Resource Filter: After executing OnResourceExecuting on filter Microsoft.AspNetCore.Mvc.ViewFeatures.Filters.SaveTempDataFilter.
2021-12-15T17:01:05.8742709+02:00	DBUG	[Microsoft.AspNetCore.Mvc.Infrastructure.ControllerActionInvoker]	[ControllerFactoryExecuting]	Executing controller factory for controller LibraryWebApi.Controllers.LogController (LibraryWebApi)
2021-12-15T17:01:05.8774158+02:00	DBUG	[Microsoft.AspNetCore.Mvc.Infrastructure.ControllerActionInvoker]	[ControllerFactoryExecuted]	Executed controller factory for controller LibraryWebApi.Controllers.LogController (LibraryWebApi)
2021-12-15T17:01:05.8812255+02:00	TRCE	[Microsoft.AspNetCore.Mvc.Infrastructure.ControllerActionInvoker]	[BeforeExecutingMethodOnFilter]	Action Filter: Before executing OnActionExecuting on filter Microsoft.AspNetCore.Mvc.ModelBinding.UnsupportedContentTypeFilter.
2021-12-15T17:01:05.8831654+02:00	TRCE	[Microsoft.AspNetCore.Mvc.Infrastructure.ControllerActionInvoker]	[AfterExecutingMethodOnFilter]	Action Filter: After executing OnActionExecuting on filter Microsoft.AspNetCore.Mvc.ModelBinding.UnsupportedContentTypeFilter.
2021-12-15T17:01:05.8850439+02:00	TRCE	[Microsoft.AspNetCore.Mvc.Infrastructure.ControllerActionInvoker]	[BeforeExecutingMethodOnFilter]	Action Filter: Before executing OnActionExecuting on filter Microsoft.AspNetCore.Mvc.Infrastructure.ModelStateInvalidFilter.
2021-12-15T17:01:05.8868686+02:00	TRCE	[Microsoft.AspNetCore.Mvc.Infrastructure.ControllerActionInvoker]	[AfterExecutingMethodOnFilter]	Action Filter: After executing OnActionExecuting on filter Microsoft.AspNetCore.Mvc.Infrastructure.ModelStateInvalidFilter.
2021-12-15T17:01:05.8887055+02:00	INFO	[Microsoft.AspNetCore.Mvc.Infrastructure.ControllerActionInvoker]	[ActionMethodExecuting]	Executing action method LibraryWebApi.Controllers.LogController.GetLastLog (LibraryWebApi) - Validation state: Valid
2021-12-15T17:01:05.8911366+02:00	INFO	[Microsoft.AspNetCore.Mvc.Infrastructure.ControllerActionInvoker]	[ActionMethodExecuted]	Executed action method LibraryWebApi.Controllers.LogController.GetLastLog (LibraryWebApi), returned result Microsoft.AspNetCore.Mvc.OkObjectResult in 0.5025ms.
2021-12-15T17:01:05.8927938+02:00	TRCE	[Microsoft.AspNetCore.Mvc.Infrastructure.ControllerActionInvoker]	[BeforeExecutingMethodOnFilter]	Action Filter: Before executing OnActionExecuted on filter Microsoft.AspNetCore.Mvc.Infrastructure.ModelStateInvalidFilter.
2021-12-15T17:01:05.8949347+02:00	TRCE	[Microsoft.AspNetCore.Mvc.Infrastructure.ControllerActionInvoker]	[AfterExecutingMethodOnFilter]	Action Filter: After executing OnActionExecuted on filter Microsoft.AspNetCore.Mvc.Infrastructure.ModelStateInvalidFilter.
2021-12-15T17:01:05.8966183+02:00	TRCE	[Microsoft.AspNetCore.Mvc.Infrastructure.ControllerActionInvoker]	[BeforeExecutingMethodOnFilter]	Action Filter: Before executing OnActionExecuted on filter Microsoft.AspNetCore.Mvc.ModelBinding.UnsupportedContentTypeFilter.
2021-12-15T17:01:05.8984090+02:00	TRCE	[Microsoft.AspNetCore.Mvc.Infrastructure.ControllerActionInvoker]	[AfterExecutingMethodOnFilter]	Action Filter: After executing OnActionExecuted on filter Microsoft.AspNetCore.Mvc.ModelBinding.UnsupportedContentTypeFilter.
2021-12-15T17:01:05.9003599+02:00	TRCE	[Microsoft.AspNetCore.Mvc.Infrastructure.ControllerActionInvoker]	[BeforeExecutingMethodOnFilter]	Result Filter: Before executing OnResultExecuting on filter Microsoft.AspNetCore.Mvc.ViewFeatures.Filters.SaveTempDataFilter.
2021-12-15T17:01:05.9020834+02:00	TRCE	[Microsoft.AspNetCore.Mvc.Infrastructure.ControllerActionInvoker]	[AfterExecutingMethodOnFilter]	Result Filter: After executing OnResultExecuting on filter Microsoft.AspNetCore.Mvc.ViewFeatures.Filters.SaveTempDataFilter.
2021-12-15T17:01:05.9038142+02:00	TRCE	[Microsoft.AspNetCore.Mvc.Infrastructure.ControllerActionInvoker]	[BeforeExecutingMethodOnFilter]	Result Filter: Before executing OnResultExecuting on filter Microsoft.AspNetCore.Mvc.Infrastructure.ClientErrorResultFilter.
2021-12-15T17:01:05.9056630+02:00	TRCE	[Microsoft.AspNetCore.Mvc.Infrastructure.ControllerActionInvoker]	[AfterExecutingMethodOnFilter]	Result Filter: After executing OnResultExecuting on filter Microsoft.AspNetCore.Mvc.Infrastructure.ClientErrorResultFilter.
2021-12-15T17:01:05.9077269+02:00	TRCE	[Microsoft.AspNetCore.Mvc.Infrastructure.ControllerActionInvoker]	[BeforeExecutingActionResult]	Before executing action result Microsoft.AspNetCore.Mvc.OkObjectResult.
2021-12-15T17:01:05.9099252+02:00	DBUG	[Microsoft.AspNetCore.Mvc.Infrastructure.DefaultOutputFormatterSelector]	[RegisteredOutputFormatters]	List of registered output formatters, in the following order: Microsoft.AspNetCore.Mvc.Formatters.HttpNoContentOutputFormatter, Microsoft.AspNetCore.Mvc.Formatters.StringOutputFormatter, Microsoft.AspNetCore.Mvc.Formatters.StreamOutputFormatter, Microsoft.AspNetCore.Mvc.Formatters.SystemTextJsonOutputFormatter
2021-12-15T17:01:05.9128854+02:00	DBUG	[Microsoft.AspNetCore.Mvc.Infrastructure.DefaultOutputFormatterSelector]	[NoAcceptForNegotiation]	No information found on request to perform content negotiation.
2021-12-15T17:01:05.9149199+02:00	DBUG	[Microsoft.AspNetCore.Mvc.Infrastructure.DefaultOutputFormatterSelector]	[SelectingOutputFormatterWithoutUsingContentTypes]	Attempting to select an output formatter without using a content type as no explicit content types were specified for the response.
2021-12-15T17:01:05.9166265+02:00	DBUG	[Microsoft.AspNetCore.Mvc.Infrastructure.DefaultOutputFormatterSelector]	[SelectingFirstCanWriteFormatter]	Attempting to select the first formatter in the output formatters list which can write the result.
2021-12-15T17:01:05.9186725+02:00	DBUG	[Microsoft.AspNetCore.Mvc.Infrastructure.DefaultOutputFormatterSelector]	[FormatterSelected]	Selected output formatter 'Microsoft.AspNetCore.Mvc.Formatters.StringOutputFormatter' and content type 'text/plain' to write the response.
2021-12-15T17:01:05.9204602+02:00	INFO	[Microsoft.AspNetCore.Mvc.Infrastructure.ObjectResultExecutor]	[ObjectResultExecuting]	Executing OkObjectResult, writing value of type 'System.String'.
2021-12-15T17:01:05.9228078+02:00	TRCE	[Microsoft.AspNetCore.Mvc.Infrastructure.ControllerActionInvoker]	[AfterExecutingActionResult]	After executing action result Microsoft.AspNetCore.Mvc.OkObjectResult.
2021-12-15T17:01:05.9249267+02:00	TRCE	[Microsoft.AspNetCore.Mvc.Infrastructure.ControllerActionInvoker]	[BeforeExecutingMethodOnFilter]	Result Filter: Before executing OnResultExecuted on filter Microsoft.AspNetCore.Mvc.Infrastructure.ClientErrorResultFilter.
2021-12-15T17:01:05.9282609+02:00	TRCE	[Microsoft.AspNetCore.Mvc.Infrastructure.ControllerActionInvoker]	[AfterExecutingMethodOnFilter]	Result Filter: After executing OnResultExecuted on filter Microsoft.AspNetCore.Mvc.Infrastructure.ClientErrorResultFilter.
2021-12-15T17:01:05.9321660+02:00	TRCE	[Microsoft.AspNetCore.Mvc.Infrastructure.ControllerActionInvoker]	[BeforeExecutingMethodOnFilter]	Result Filter: Before executing OnResultExecuted on filter Microsoft.AspNetCore.Mvc.ViewFeatures.Filters.SaveTempDataFilter.
2021-12-15T17:01:05.9347288+02:00	TRCE	[Microsoft.AspNetCore.Mvc.Infrastructure.ControllerActionInvoker]	[AfterExecutingMethodOnFilter]	Result Filter: After executing OnResultExecuted on filter Microsoft.AspNetCore.Mvc.ViewFeatures.Filters.SaveTempDataFilter.
2021-12-15T17:01:05.9369771+02:00	TRCE	[Microsoft.AspNetCore.Mvc.Infrastructure.ControllerActionInvoker]	[BeforeExecutingMethodOnFilter]	Resource Filter: Before executing OnResourceExecuted on filter Microsoft.AspNetCore.Mvc.ViewFeatures.Filters.SaveTempDataFilter.
2021-12-15T17:01:05.9393287+02:00	TRCE	[Microsoft.AspNetCore.Mvc.Infrastructure.ControllerActionInvoker]	[AfterExecutingMethodOnFilter]	Resource Filter: After executing OnResourceExecuted on filter Microsoft.AspNetCore.Mvc.ViewFeatures.Filters.SaveTempDataFilter.
2021-12-15T17:01:05.9418973+02:00	INFO	[Microsoft.AspNetCore.Mvc.Infrastructure.ControllerActionInvoker]	[ActionExecuted]	Executed action LibraryWebApi.Controllers.LogController.GetLastLog (LibraryWebApi) in 71.0214ms
2021-12-15T17:01:05.9448650+02:00	INFO	[Microsoft.AspNetCore.Routing.EndpointMiddleware]	[ExecutedEndpoint]	Executed endpoint 'LibraryWebApi.Controllers.LogController.GetLastLog (LibraryWebApi)'
2021-12-15T17:01:05.9493279+02:00	INFO	[Microsoft.AspNetCore.Hosting.Diagnostics]	[RequestFinished]	Request finished HTTP/1.1 GET http://localhost:53011/api/log - - - 200 - text/plain;+charset=utf-8 110.0062ms
2021-12-15T17:13:11.0361722+02:00	DBUG	[Microsoft.Extensions.Hosting.Internal.Host]	[Starting]	Hosting starting
2021-12-15T17:13:11.1141553+02:00	INFO	[Microsoft.AspNetCore.DataProtection.KeyManagement.XmlKeyManager]	[UsingProfileAsKeyRepositoryWithDPAPI]	User profile is available. Using 'C:\Users\Andrey\AppData\Local\ASP.NET\DataProtection-Keys' as key repository and Windows DPAPI to encrypt keys at rest.
2021-12-15T17:13:11.1359163+02:00	DBUG	[Microsoft.AspNetCore.DataProtection.Repositories.FileSystemXmlRepository]	[ReadingDataFromFile]	Reading data from file 'C:\Users\Andrey\AppData\Local\ASP.NET\DataProtection-Keys\key-63abd01a-4070-4981-b6e3-39a168163237.xml'.
2021-12-15T17:13:11.1672866+02:00	DBUG	[Microsoft.AspNetCore.DataProtection.KeyManagement.XmlKeyManager]	[FoundKey]	Found key {63abd01a-4070-4981-b6e3-39a168163237}.
2021-12-15T17:13:11.1864251+02:00	DBUG	[Microsoft.AspNetCore.DataProtection.KeyManagement.DefaultKeyResolver]	[ConsideringKeyWithExpirationDateAsDefaultKey]	Considering key {63abd01a-4070-4981-b6e3-39a168163237} with expiration date 2022-02-23 14:03:57Z as default key.
2021-12-15T17:13:11.2455122+02:00	DBUG	[Microsoft.AspNetCore.DataProtection.TypeForwardingActivator]	[0]	Forwarded activator type request from Microsoft.AspNetCore.DataProtection.XmlEncryption.DpapiXmlDecryptor, Microsoft.AspNetCore.DataProtection, Version=5.0.0.0, Culture=neutral, PublicKeyToken=adb9793829ddae60 to Microsoft.AspNetCore.DataProtection.XmlEncryption.DpapiXmlDecryptor, Microsoft.AspNetCore.DataProtection, Culture=neutral, PublicKeyToken=adb9793829ddae60
2021-12-15T17:13:11.2528326+02:00	DBUG	[Microsoft.AspNetCore.DataProtection.XmlEncryption.DpapiXmlDecryptor]	[DecryptingSecretElementUsingWindowsDPAPI]	Decrypting secret element using Windows DPAPI.
2021-12-15T17:13:11.2569410+02:00	DBUG	[Microsoft.AspNetCore.DataProtection.TypeForwardingActivator]	[0]	Forwarded activator type request from Microsoft.AspNetCore.DataProtection.AuthenticatedEncryption.ConfigurationModel.AuthenticatedEncryptorDescriptorDeserializer, Microsoft.AspNetCore.DataProtection, Version=5.0.0.0, Culture=neutral, PublicKeyToken=adb9793829ddae60 to Microsoft.AspNetCore.DataProtection.AuthenticatedEncryption.ConfigurationModel.AuthenticatedEncryptorDescriptorDeserializer, Microsoft.AspNetCore.DataProtection, Culture=neutral, PublicKeyToken=adb9793829ddae60
2021-12-15T17:13:11.2703975+02:00	DBUG	[Microsoft.AspNetCore.DataProtection.AuthenticatedEncryption.CngCbcAuthenticatedEncryptorFactory]	[OpeningCNGAlgorithmFromProviderWithChainingModeCBC]	Opening CNG algorithm 'AES' from provider '(null)' with chaining mode CBC.
2021-12-15T17:13:11.2779455+02:00	DBUG	[Microsoft.AspNetCore.DataProtection.AuthenticatedEncryption.CngCbcAuthenticatedEncryptorFactory]	[OpeningCNGAlgorithmFromProviderWithHMAC]	Opening CNG algorithm 'SHA256' from provider '(null)' with HMAC.
2021-12-15T17:13:11.2881602+02:00	DBUG	[Microsoft.AspNetCore.DataProtection.KeyManagement.KeyRingProvider]	[UsingKeyAsDefaultKey]	Using key {63abd01a-4070-4981-b6e3-39a168163237} as the default key.
2021-12-15T17:13:11.2927425+02:00	DBUG	[Microsoft.AspNetCore.DataProtection.Internal.DataProtectionHostedService]	[KeyRingWasLoadedOnStartup]	Key ring with default key {63abd01a-4070-4981-b6e3-39a168163237} was loaded during application startup.
2021-12-15T17:13:11.7293536+02:00	DBUG	[Microsoft.AspNetCore.Hosting.Diagnostics]	[0]	Loaded hosting startup assembly LibraryWebApi
2021-12-15T17:13:11.7317405+02:00	INFO	[Microsoft.Hosting.Lifetime]	[0]	Application started. Press Ctrl+C to shut down.
2021-12-15T17:13:11.7356775+02:00	INFO	[Microsoft.Hosting.Lifetime]	[0]	Hosting environment: Development
2021-12-15T17:13:11.7391158+02:00	INFO	[Microsoft.Hosting.Lifetime]	[0]	Content root path: C:\Users\Andrey\source\repos\library_webapi
2021-12-15T17:13:11.7490099+02:00	DBUG	[Microsoft.Extensions.Hosting.Internal.Host]	[Started]	Hosting started
2021-12-15T17:13:11.7871706+02:00	INFO	[Microsoft.AspNetCore.Hosting.Diagnostics]	[RequestStarting]	Request starting HTTP/1.1 GET http://localhost:53011/ - -
2021-12-15T17:13:11.7902578+02:00	DBUG	[Microsoft.AspNetCore.HostFiltering.HostFilteringMiddleware]	[WildcardDetected]	Wildcard detected, all requests with hosts will be allowed.
2021-12-15T17:13:11.7921819+02:00	TRCE	[Microsoft.AspNetCore.HostFiltering.HostFilteringMiddleware]	[AllHostsAllowed]	All hosts are allowed.
2021-12-15T17:13:11.8221171+02:00	DBUG	[Microsoft.AspNetCore.StaticFiles.StaticFileMiddleware]	[PathMismatch]	The request path  does not match the path filter
2021-12-15T17:13:11.8346154+02:00	DBUG	[Microsoft.AspNetCore.Mvc.Razor.Compilation.DefaultViewCompiler]	[ViewCompilerNoCompiledViewsFound]	Initializing Razor view compiler with no compiled views.
2021-12-15T17:13:11.8643990+02:00	DBUG	[Microsoft.AspNetCore.Routing.Matching.DfaMatcher]	[CandidatesNotFound]	No candidates found for the request path '/'
2021-12-15T17:13:11.8666575+02:00	DBUG	[Microsoft.AspNetCore.Routing.EndpointRoutingMiddleware]	[MatchFailure]	Request did not match any endpoints
2021-12-15T17:13:11.9681827+02:00	DBUG	[Microsoft.AspNetCore.Authentication.JwtBearer.JwtBearerHandler]	[AuthenticationSchemeNotAuthenticated]	AuthenticationScheme: Bearer was not authenticated.
2021-12-15T17:13:11.9960574+02:00	INFO	[Microsoft.AspNetCore.Hosting.Diagnostics]	[RequestFinished]	Request finished HTTP/1.1 GET http://localhost:53011/ - - - 404 - - 210.5209ms
2021-12-15T17:17:00.2245802+02:00	INFO	[Microsoft.AspNetCore.Hosting.Diagnostics]	[RequestStarting]	Request starting HTTP/1.1 GET http://localhost:53011/api/log - -
2021-12-15T17:17:00.2494946+02:00	TRCE	[Microsoft.AspNetCore.HostFiltering.HostFilteringMiddleware]	[AllHostsAllowed]	All hosts are allowed.
2021-12-15T17:17:00.2657372+02:00	DBUG	[Microsoft.AspNetCore.StaticFiles.StaticFileMiddleware]	[PathMismatch]	The request path  does not match the path filter
2021-12-15T17:17:00.2883750+02:00	DBUG	[Microsoft.AspNetCore.Routing.Matching.DfaMatcher]	[CandidatesFound]	1 candidate(s) found for the request path '/api/log'
2021-12-15T17:17:00.2995253+02:00	DBUG	[Microsoft.AspNetCore.Routing.Matching.DfaMatcher]	[CandiateValid]	Endpoint 'LibraryWebApi.Controllers.LogController.GetLastLog (LibraryWebApi)' with route pattern 'api/Log' is valid for the request path '/api/log'
2021-12-15T17:17:00.3032152+02:00	DBUG	[Microsoft.AspNetCore.Routing.EndpointRoutingMiddleware]	[MatchSuccess]	Request matched endpoint 'LibraryWebApi.Controllers.LogController.GetLastLog (LibraryWebApi)'
2021-12-15T17:17:00.3123883+02:00	DBUG	[Microsoft.AspNetCore.Authentication.JwtBearer.JwtBearerHandler]	[AuthenticationSchemeNotAuthenticated]	AuthenticationScheme: Bearer was not authenticated.
2021-12-15T17:17:00.3256394+02:00	INFO	[Microsoft.AspNetCore.Routing.EndpointMiddleware]	[ExecutingEndpoint]	Executing endpoint 'LibraryWebApi.Controllers.LogController.GetLastLog (LibraryWebApi)'
2021-12-15T17:17:00.3355017+02:00	DBUG	[Microsoft.AspNetCore.Mvc.ModelBinding.ModelBinderFactory]	[RegisteredModelBinderProviders]	Registered model binder providers, in the following order: Microsoft.AspNetCore.Mvc.ModelBinding.Binders.BinderTypeModelBinderProvider, Microsoft.AspNetCore.Mvc.ModelBinding.Binders.ServicesModelBinderProvider, Microsoft.AspNetCore.Mvc.ModelBinding.Binders.BodyModelBinderProvider, Microsoft.AspNetCore.Mvc.ModelBinding.Binders.HeaderModelBinderProvider, Microsoft.AspNetCore.Mvc.ModelBinding.Binders.FloatingPointTypeModelBinderProvider, Microsoft.AspNetCore.Mvc.ModelBinding.Binders.EnumTypeModelBinderProvider, Microsoft.AspNetCore.Mvc.ModelBinding.Binders.DateTimeModelBinderProvider, Microsoft.AspNetCore.Mvc.ModelBinding.Binders.SimpleTypeModelBinderProvider, Microsoft.AspNetCore.Mvc.ModelBinding.Binders.CancellationTokenModelBinderProvider, Microsoft.AspNetCore.Mvc.ModelBinding.Binders.ByteArrayModelBinderProvider, Microsoft.AspNetCore.Mvc.ModelBinding.Binders.FormFileModelBinderProvider, Microsoft.AspNetCore.Mvc.ModelBinding.Binders.FormCollectionModelBinderProvider, Microsoft.AspNetCore.Mvc.ModelBinding.Binders.KeyValuePairModelBinderProvider, Microsoft.AspNetCore.Mvc.ModelBinding.Binders.DictionaryModelBinderProvider, Microsoft.AspNetCore.Mvc.ModelBinding.Binders.ArrayModelBinderProvider, Microsoft.AspNetCore.Mvc.ModelBinding.Binders.CollectionModelBinderProvider, Microsoft.AspNetCore.Mvc.ModelBinding.Binders.ComplexObjectModelBinderProvider
2021-12-15T17:17:00.3668004+02:00	INFO	[Microsoft.AspNetCore.Mvc.Infrastructure.ControllerActionInvoker]	[ControllerActionExecuting]	Route matched with {action = "GetLastLog", controller = "Log"}. Executing controller action with signature Microsoft.AspNetCore.Mvc.IActionResult GetLastLog() on controller LibraryWebApi.Controllers.LogController (LibraryWebApi).
2021-12-15T17:17:00.3704751+02:00	DBUG	[Microsoft.AspNetCore.Mvc.Infrastructure.ControllerActionInvoker]	[FilterExecutionPlan]	Execution plan of authorization filters (in the following order): None
2021-12-15T17:17:00.3738141+02:00	DBUG	[Microsoft.AspNetCore.Mvc.Infrastructure.ControllerActionInvoker]	[FilterExecutionPlan]	Execution plan of resource filters (in the following order): Microsoft.AspNetCore.Mvc.ViewFeatures.Filters.SaveTempDataFilter
2021-12-15T17:17:00.3764681+02:00	DBUG	[Microsoft.AspNetCore.Mvc.Infrastructure.ControllerActionInvoker]	[FilterExecutionPlan]	Execution plan of action filters (in the following order): Microsoft.AspNetCore.Mvc.ModelBinding.UnsupportedContentTypeFilter (Order: -3000), Microsoft.AspNetCore.Mvc.Infrastructure.ModelStateInvalidFilter (Order: -2000)
2021-12-15T17:17:00.3784346+02:00	DBUG	[Microsoft.AspNetCore.Mvc.Infrastructure.ControllerActionInvoker]	[FilterExecutionPlan]	Execution plan of exception filters (in the following order): None
2021-12-15T17:17:00.3802569+02:00	DBUG	[Microsoft.AspNetCore.Mvc.Infrastructure.ControllerActionInvoker]	[FilterExecutionPlan]	Execution plan of result filters (in the following order): Microsoft.AspNetCore.Mvc.ViewFeatures.Filters.SaveTempDataFilter, Microsoft.AspNetCore.Mvc.Infrastructure.ClientErrorResultFilter (Order: -2000)
2021-12-15T17:17:00.3837384+02:00	TRCE	[Microsoft.AspNetCore.Mvc.Infrastructure.ControllerActionInvoker]	[BeforeExecutingMethodOnFilter]	Resource Filter: Before executing OnResourceExecuting on filter Microsoft.AspNetCore.Mvc.ViewFeatures.Filters.SaveTempDataFilter.
2021-12-15T17:17:00.3862888+02:00	TRCE	[Microsoft.AspNetCore.Mvc.Infrastructure.ControllerActionInvoker]	[AfterExecutingMethodOnFilter]	Resource Filter: After executing OnResourceExecuting on filter Microsoft.AspNetCore.Mvc.ViewFeatures.Filters.SaveTempDataFilter.
2021-12-15T17:17:00.3894048+02:00	DBUG	[Microsoft.AspNetCore.Mvc.Infrastructure.ControllerActionInvoker]	[ControllerFactoryExecuting]	Executing controller factory for controller LibraryWebApi.Controllers.LogController (LibraryWebApi)
2021-12-15T17:17:00.3928096+02:00	DBUG	[Microsoft.AspNetCore.Mvc.Infrastructure.ControllerActionInvoker]	[ControllerFactoryExecuted]	Executed controller factory for controller LibraryWebApi.Controllers.LogController (LibraryWebApi)
2021-12-15T17:17:00.3951966+02:00	TRCE	[Microsoft.AspNetCore.Mvc.Infrastructure.ControllerActionInvoker]	[BeforeExecutingMethodOnFilter]	Action Filter: Before executing OnActionExecuting on filter Microsoft.AspNetCore.Mvc.ModelBinding.UnsupportedContentTypeFilter.
2021-12-15T17:17:00.3972114+02:00	TRCE	[Microsoft.AspNetCore.Mvc.Infrastructure.ControllerActionInvoker]	[AfterExecutingMethodOnFilter]	Action Filter: After executing OnActionExecuting on filter Microsoft.AspNetCore.Mvc.ModelBinding.UnsupportedContentTypeFilter.
2021-12-15T17:17:00.3989822+02:00	TRCE	[Microsoft.AspNetCore.Mvc.Infrastructure.ControllerActionInvoker]	[BeforeExecutingMethodOnFilter]	Action Filter: Before executing OnActionExecuting on filter Microsoft.AspNetCore.Mvc.Infrastructure.ModelStateInvalidFilter.
2021-12-15T17:17:00.4008958+02:00	TRCE	[Microsoft.AspNetCore.Mvc.Infrastructure.ControllerActionInvoker]	[AfterExecutingMethodOnFilter]	Action Filter: After executing OnActionExecuting on filter Microsoft.AspNetCore.Mvc.Infrastructure.ModelStateInvalidFilter.
2021-12-15T17:17:00.4089319+02:00	INFO	[Microsoft.AspNetCore.Mvc.Infrastructure.ControllerActionInvoker]	[ActionMethodExecuting]	Executing action method LibraryWebApi.Controllers.LogController.GetLastLog (LibraryWebApi) - Validation state: Valid
2021-12-15T17:17:00.4222326+02:00	INFO	[Microsoft.AspNetCore.Mvc.Infrastructure.ControllerActionInvoker]	[ActionMethodExecuted]	Executed action method LibraryWebApi.Controllers.LogController.GetLastLog (LibraryWebApi), returned result Microsoft.AspNetCore.Mvc.OkObjectResult in 3.331ms.
2021-12-15T17:17:00.4263924+02:00	TRCE	[Microsoft.AspNetCore.Mvc.Infrastructure.ControllerActionInvoker]	[BeforeExecutingMethodOnFilter]	Action Filter: Before executing OnActionExecuted on filter Microsoft.AspNetCore.Mvc.Infrastructure.ModelStateInvalidFilter.
2021-12-15T17:17:00.4296954+02:00	TRCE	[Microsoft.AspNetCore.Mvc.Infrastructure.ControllerActionInvoker]	[AfterExecutingMethodOnFilter]	Action Filter: After executing OnActionExecuted on filter Microsoft.AspNetCore.Mvc.Infrastructure.ModelStateInvalidFilter.
2021-12-15T17:17:00.4324108+02:00	TRCE	[Microsoft.AspNetCore.Mvc.Infrastructure.ControllerActionInvoker]	[BeforeExecutingMethodOnFilter]	Action Filter: Before executing OnActionExecuted on filter Microsoft.AspNetCore.Mvc.ModelBinding.UnsupportedContentTypeFilter.
2021-12-15T17:17:00.4348065+02:00	TRCE	[Microsoft.AspNetCore.Mvc.Infrastructure.ControllerActionInvoker]	[AfterExecutingMethodOnFilter]	Action Filter: After executing OnActionExecuted on filter Microsoft.AspNetCore.Mvc.ModelBinding.UnsupportedContentTypeFilter.
2021-12-15T17:17:00.4389519+02:00	TRCE	[Microsoft.AspNetCore.Mvc.Infrastructure.ControllerActionInvoker]	[BeforeExecutingMethodOnFilter]	Result Filter: Before executing OnResultExecuting on filter Microsoft.AspNetCore.Mvc.ViewFeatures.Filters.SaveTempDataFilter.
2021-12-15T17:17:00.4418771+02:00	TRCE	[Microsoft.AspNetCore.Mvc.Infrastructure.ControllerActionInvoker]	[AfterExecutingMethodOnFilter]	Result Filter: After executing OnResultExecuting on filter Microsoft.AspNetCore.Mvc.ViewFeatures.Filters.SaveTempDataFilter.
2021-12-15T17:17:00.4447349+02:00	TRCE	[Microsoft.AspNetCore.Mvc.Infrastructure.ControllerActionInvoker]	[BeforeExecutingMethodOnFilter]	Result Filter: Before executing OnResultExecuting on filter Microsoft.AspNetCore.Mvc.Infrastructure.ClientErrorResultFilter.
2021-12-15T17:17:00.4474907+02:00	TRCE	[Microsoft.AspNetCore.Mvc.Infrastructure.ControllerActionInvoker]	[AfterExecutingMethodOnFilter]	Result Filter: After executing OnResultExecuting on filter Microsoft.AspNetCore.Mvc.Infrastructure.ClientErrorResultFilter.
2021-12-15T17:17:00.4516185+02:00	TRCE	[Microsoft.AspNetCore.Mvc.Infrastructure.ControllerActionInvoker]	[BeforeExecutingActionResult]	Before executing action result Microsoft.AspNetCore.Mvc.OkObjectResult.
2021-12-15T17:17:00.4573119+02:00	DBUG	[Microsoft.AspNetCore.Mvc.Infrastructure.DefaultOutputFormatterSelector]	[RegisteredOutputFormatters]	List of registered output formatters, in the following order: Microsoft.AspNetCore.Mvc.Formatters.HttpNoContentOutputFormatter, Microsoft.AspNetCore.Mvc.Formatters.StringOutputFormatter, Microsoft.AspNetCore.Mvc.Formatters.StreamOutputFormatter, Microsoft.AspNetCore.Mvc.Formatters.SystemTextJsonOutputFormatter
2021-12-15T17:17:00.4620907+02:00	DBUG	[Microsoft.AspNetCore.Mvc.Infrastructure.DefaultOutputFormatterSelector]	[NoAcceptForNegotiation]	No information found on request to perform content negotiation.
2021-12-15T17:17:00.4656085+02:00	DBUG	[Microsoft.AspNetCore.Mvc.Infrastructure.DefaultOutputFormatterSelector]	[SelectingOutputFormatterWithoutUsingContentTypes]	Attempting to select an output formatter without using a content type as no explicit content types were specified for the response.
2021-12-15T17:17:00.4680486+02:00	DBUG	[Microsoft.AspNetCore.Mvc.Infrastructure.DefaultOutputFormatterSelector]	[SelectingFirstCanWriteFormatter]	Attempting to select the first formatter in the output formatters list which can write the result.
2021-12-15T17:17:00.4735319+02:00	DBUG	[Microsoft.AspNetCore.Mvc.Infrastructure.DefaultOutputFormatterSelector]	[FormatterSelected]	Selected output formatter 'Microsoft.AspNetCore.Mvc.Formatters.StringOutputFormatter' and content type 'text/plain' to write the response.
2021-12-15T17:17:00.4762792+02:00	INFO	[Microsoft.AspNetCore.Mvc.Infrastructure.ObjectResultExecutor]	[ObjectResultExecuting]	Executing OkObjectResult, writing value of type 'System.String'.
2021-12-15T17:17:00.5116626+02:00	TRCE	[Microsoft.AspNetCore.Mvc.Infrastructure.ControllerActionInvoker]	[AfterExecutingActionResult]	After executing action result Microsoft.AspNetCore.Mvc.OkObjectResult.
2021-12-15T17:17:00.5154564+02:00	TRCE	[Microsoft.AspNetCore.Mvc.Infrastructure.ControllerActionInvoker]	[BeforeExecutingMethodOnFilter]	Result Filter: Before executing OnResultExecuted on filter Microsoft.AspNetCore.Mvc.Infrastructure.ClientErrorResultFilter.
2021-12-15T17:17:00.5180507+02:00	TRCE	[Microsoft.AspNetCore.Mvc.Infrastructure.ControllerActionInvoker]	[AfterExecutingMethodOnFilter]	Result Filter: After executing OnResultExecuted on filter Microsoft.AspNetCore.Mvc.Infrastructure.ClientErrorResultFilter.
2021-12-15T17:17:00.5225982+02:00	TRCE	[Microsoft.AspNetCore.Mvc.Infrastructure.ControllerActionInvoker]	[BeforeExecutingMethodOnFilter]	Result Filter: Before executing OnResultExecuted on filter Microsoft.AspNetCore.Mvc.ViewFeatures.Filters.SaveTempDataFilter.
2021-12-15T17:17:00.5256359+02:00	TRCE	[Microsoft.AspNetCore.Mvc.Infrastructure.ControllerActionInvoker]	[AfterExecutingMethodOnFilter]	Result Filter: After executing OnResultExecuted on filter Microsoft.AspNetCore.Mvc.ViewFeatures.Filters.SaveTempDataFilter.
2021-12-15T17:17:00.5285222+02:00	TRCE	[Microsoft.AspNetCore.Mvc.Infrastructure.ControllerActionInvoker]	[BeforeExecutingMethodOnFilter]	Resource Filter: Before executing OnResourceExecuted on filter Microsoft.AspNetCore.Mvc.ViewFeatures.Filters.SaveTempDataFilter.
2021-12-15T17:17:00.5314621+02:00	TRCE	[Microsoft.AspNetCore.Mvc.Infrastructure.ControllerActionInvoker]	[AfterExecutingMethodOnFilter]	Resource Filter: After executing OnResourceExecuted on filter Microsoft.AspNetCore.Mvc.ViewFeatures.Filters.SaveTempDataFilter.
2021-12-15T17:17:00.5438383+02:00	INFO	[Microsoft.AspNetCore.Mvc.Infrastructure.ControllerActionInvoker]	[ActionExecuted]	Executed action LibraryWebApi.Controllers.LogController.GetLastLog (LibraryWebApi) in 151.401ms
2021-12-15T17:17:00.5462475+02:00	INFO	[Microsoft.AspNetCore.Routing.EndpointMiddleware]	[ExecutedEndpoint]	Executed endpoint 'LibraryWebApi.Controllers.LogController.GetLastLog (LibraryWebApi)'
2021-12-15T17:17:00.5513416+02:00	INFO	[Microsoft.AspNetCore.Hosting.Diagnostics]	[RequestFinished]	Request finished HTTP/1.1 GET http://localhost:53011/api/log - - - 200 - text/plain;+charset=utf-8 331.8305ms
