2021-12-16T10:39:44.7961386+02:00	DBUG	[Microsoft.Extensions.Hosting.Internal.Host]	[Starting]	Hosting starting
2021-12-16T10:39:44.8738827+02:00	INFO	[Microsoft.AspNetCore.DataProtection.KeyManagement.XmlKeyManager]	[UsingProfileAsKeyRepositoryWithDPAPI]	User profile is available. Using 'C:\Users\Andrey\AppData\Local\ASP.NET\DataProtection-Keys' as key repository and Windows DPAPI to encrypt keys at rest.
2021-12-16T10:39:44.8920145+02:00	DBUG	[Microsoft.AspNetCore.DataProtection.Repositories.FileSystemXmlRepository]	[ReadingDataFromFile]	Reading data from file 'C:\Users\Andrey\AppData\Local\ASP.NET\DataProtection-Keys\key-63abd01a-4070-4981-b6e3-39a168163237.xml'.
2021-12-16T10:39:44.9240975+02:00	DBUG	[Microsoft.AspNetCore.DataProtection.KeyManagement.XmlKeyManager]	[FoundKey]	Found key {63abd01a-4070-4981-b6e3-39a168163237}.
2021-12-16T10:39:44.9508674+02:00	DBUG	[Microsoft.AspNetCore.DataProtection.KeyManagement.DefaultKeyResolver]	[ConsideringKeyWithExpirationDateAsDefaultKey]	Considering key {63abd01a-4070-4981-b6e3-39a168163237} with expiration date 2022-02-23 14:03:57Z as default key.
2021-12-16T10:39:44.9996376+02:00	DBUG	[Microsoft.AspNetCore.DataProtection.TypeForwardingActivator]	[0]	Forwarded activator type request from Microsoft.AspNetCore.DataProtection.XmlEncryption.DpapiXmlDecryptor, Microsoft.AspNetCore.DataProtection, Version=5.0.0.0, Culture=neutral, PublicKeyToken=adb9793829ddae60 to Microsoft.AspNetCore.DataProtection.XmlEncryption.DpapiXmlDecryptor, Microsoft.AspNetCore.DataProtection, Culture=neutral, PublicKeyToken=adb9793829ddae60
2021-12-16T10:39:45.0070016+02:00	DBUG	[Microsoft.AspNetCore.DataProtection.XmlEncryption.DpapiXmlDecryptor]	[DecryptingSecretElementUsingWindowsDPAPI]	Decrypting secret element using Windows DPAPI.
2021-12-16T10:39:45.0111150+02:00	DBUG	[Microsoft.AspNetCore.DataProtection.TypeForwardingActivator]	[0]	Forwarded activator type request from Microsoft.AspNetCore.DataProtection.AuthenticatedEncryption.ConfigurationModel.AuthenticatedEncryptorDescriptorDeserializer, Microsoft.AspNetCore.DataProtection, Version=5.0.0.0, Culture=neutral, PublicKeyToken=adb9793829ddae60 to Microsoft.AspNetCore.DataProtection.AuthenticatedEncryption.ConfigurationModel.AuthenticatedEncryptorDescriptorDeserializer, Microsoft.AspNetCore.DataProtection, Culture=neutral, PublicKeyToken=adb9793829ddae60
2021-12-16T10:39:45.0215700+02:00	DBUG	[Microsoft.AspNetCore.DataProtection.AuthenticatedEncryption.CngCbcAuthenticatedEncryptorFactory]	[OpeningCNGAlgorithmFromProviderWithChainingModeCBC]	Opening CNG algorithm 'AES' from provider '(null)' with chaining mode CBC.
2021-12-16T10:39:45.0278432+02:00	DBUG	[Microsoft.AspNetCore.DataProtection.AuthenticatedEncryption.CngCbcAuthenticatedEncryptorFactory]	[OpeningCNGAlgorithmFromProviderWithHMAC]	Opening CNG algorithm 'SHA256' from provider '(null)' with HMAC.
2021-12-16T10:39:45.0362888+02:00	DBUG	[Microsoft.AspNetCore.DataProtection.KeyManagement.KeyRingProvider]	[UsingKeyAsDefaultKey]	Using key {63abd01a-4070-4981-b6e3-39a168163237} as the default key.
2021-12-16T10:39:45.0403358+02:00	DBUG	[Microsoft.AspNetCore.DataProtection.Internal.DataProtectionHostedService]	[KeyRingWasLoadedOnStartup]	Key ring with default key {63abd01a-4070-4981-b6e3-39a168163237} was loaded during application startup.
2021-12-16T10:39:45.3875023+02:00	DBUG	[Microsoft.AspNetCore.Hosting.Diagnostics]	[0]	Loaded hosting startup assembly LibraryWebApi
2021-12-16T10:39:45.4063507+02:00	INFO	[Microsoft.Hosting.Lifetime]	[0]	Application started. Press Ctrl+C to shut down.
2021-12-16T10:39:45.4160778+02:00	INFO	[Microsoft.Hosting.Lifetime]	[0]	Hosting environment: Development
2021-12-16T10:39:45.4185563+02:00	INFO	[Microsoft.Hosting.Lifetime]	[0]	Content root path: C:\Users\Andrey\source\repos\library_webapi
2021-12-16T10:39:45.4205939+02:00	DBUG	[Microsoft.Extensions.Hosting.Internal.Host]	[Started]	Hosting started
2021-12-16T10:39:45.4633074+02:00	INFO	[Microsoft.AspNetCore.Hosting.Diagnostics]	[RequestStarting]	Request starting HTTP/1.1 GET http://localhost:53011/ - -
2021-12-16T10:39:45.4683261+02:00	DBUG	[Microsoft.AspNetCore.HostFiltering.HostFilteringMiddleware]	[WildcardDetected]	Wildcard detected, all requests with hosts will be allowed.
2021-12-16T10:39:45.4718283+02:00	TRCE	[Microsoft.AspNetCore.HostFiltering.HostFilteringMiddleware]	[AllHostsAllowed]	All hosts are allowed.
2021-12-16T10:39:45.5133541+02:00	DBUG	[Microsoft.AspNetCore.StaticFiles.StaticFileMiddleware]	[PathMismatch]	The request path  does not match the path filter
2021-12-16T10:39:45.5335355+02:00	DBUG	[Microsoft.AspNetCore.Mvc.Razor.Compilation.DefaultViewCompiler]	[ViewCompilerNoCompiledViewsFound]	Initializing Razor view compiler with no compiled views.
2021-12-16T10:39:45.5733519+02:00	DBUG	[Microsoft.AspNetCore.Routing.Matching.DfaMatcher]	[CandidatesNotFound]	No candidates found for the request path '/'
2021-12-16T10:39:45.5759114+02:00	DBUG	[Microsoft.AspNetCore.Routing.EndpointRoutingMiddleware]	[MatchFailure]	Request did not match any endpoints
2021-12-16T10:39:45.7334928+02:00	DBUG	[Microsoft.AspNetCore.Authentication.JwtBearer.JwtBearerHandler]	[AuthenticationSchemeNotAuthenticated]	AuthenticationScheme: Bearer was not authenticated.
2021-12-16T10:39:45.8064173+02:00	INFO	[Microsoft.AspNetCore.Hosting.Diagnostics]	[RequestFinished]	Request finished HTTP/1.1 GET http://localhost:53011/ - - - 404 - - 338.6304ms
2021-12-16T10:39:45.9556149+02:00	INFO	[Microsoft.AspNetCore.Hosting.Diagnostics]	[RequestStarting]	Request starting HTTP/1.1 GET http://localhost:53011/favicon.ico - -
2021-12-16T10:39:45.9606094+02:00	TRCE	[Microsoft.AspNetCore.HostFiltering.HostFilteringMiddleware]	[AllHostsAllowed]	All hosts are allowed.
2021-12-16T10:39:45.9745306+02:00	DBUG	[Microsoft.AspNetCore.StaticFiles.StaticFileMiddleware]	[PathMismatch]	The request path  does not match the path filter
2021-12-16T10:39:45.9850342+02:00	DBUG	[Microsoft.AspNetCore.Routing.Matching.DfaMatcher]	[CandidatesNotFound]	No candidates found for the request path '/favicon.ico'
2021-12-16T10:39:46.0059280+02:00	DBUG	[Microsoft.AspNetCore.Routing.EndpointRoutingMiddleware]	[MatchFailure]	Request did not match any endpoints
2021-12-16T10:39:46.0265815+02:00	DBUG	[Microsoft.AspNetCore.Authentication.JwtBearer.JwtBearerHandler]	[AuthenticationSchemeNotAuthenticated]	AuthenticationScheme: Bearer was not authenticated.
2021-12-16T10:39:46.0752594+02:00	INFO	[Microsoft.AspNetCore.Hosting.Diagnostics]	[RequestFinished]	Request finished HTTP/1.1 GET http://localhost:53011/favicon.ico - - - 404 - - 121.9663ms
2021-12-16T10:39:52.2581527+02:00	INFO	[Microsoft.AspNetCore.Hosting.Diagnostics]	[RequestStarting]	Request starting HTTP/1.1 GET http://localhost:53011/api/Books - -
2021-12-16T10:39:52.2599808+02:00	TRCE	[Microsoft.AspNetCore.HostFiltering.HostFilteringMiddleware]	[AllHostsAllowed]	All hosts are allowed.
2021-12-16T10:39:52.2630442+02:00	DBUG	[Microsoft.AspNetCore.StaticFiles.StaticFileMiddleware]	[PathMismatch]	The request path  does not match the path filter
2021-12-16T10:39:52.2731734+02:00	DBUG	[Microsoft.AspNetCore.Routing.Matching.DfaMatcher]	[CandidatesFound]	1 candidate(s) found for the request path '/api/Books'
2021-12-16T10:39:52.2793830+02:00	DBUG	[Microsoft.AspNetCore.Routing.Matching.DfaMatcher]	[CandiateValid]	Endpoint 'LibraryWebApi.Controllers.BooksController.Get (LibraryWebApi)' with route pattern 'api/Books' is valid for the request path '/api/Books'
2021-12-16T10:39:52.2826177+02:00	DBUG	[Microsoft.AspNetCore.Routing.EndpointRoutingMiddleware]	[MatchSuccess]	Request matched endpoint 'LibraryWebApi.Controllers.BooksController.Get (LibraryWebApi)'
2021-12-16T10:39:52.2860929+02:00	DBUG	[Microsoft.AspNetCore.Authentication.JwtBearer.JwtBearerHandler]	[AuthenticationSchemeNotAuthenticated]	AuthenticationScheme: Bearer was not authenticated.
2021-12-16T10:39:52.2885079+02:00	INFO	[Microsoft.AspNetCore.Routing.EndpointMiddleware]	[ExecutingEndpoint]	Executing endpoint 'LibraryWebApi.Controllers.BooksController.Get (LibraryWebApi)'
2021-12-16T10:39:52.2977742+02:00	DBUG	[Microsoft.AspNetCore.Mvc.ModelBinding.ModelBinderFactory]	[RegisteredModelBinderProviders]	Registered model binder providers, in the following order: Microsoft.AspNetCore.Mvc.ModelBinding.Binders.BinderTypeModelBinderProvider, Microsoft.AspNetCore.Mvc.ModelBinding.Binders.ServicesModelBinderProvider, Microsoft.AspNetCore.Mvc.ModelBinding.Binders.BodyModelBinderProvider, Microsoft.AspNetCore.Mvc.ModelBinding.Binders.HeaderModelBinderProvider, Microsoft.AspNetCore.Mvc.ModelBinding.Binders.FloatingPointTypeModelBinderProvider, Microsoft.AspNetCore.Mvc.ModelBinding.Binders.EnumTypeModelBinderProvider, Microsoft.AspNetCore.Mvc.ModelBinding.Binders.DateTimeModelBinderProvider, Microsoft.AspNetCore.Mvc.ModelBinding.Binders.SimpleTypeModelBinderProvider, Microsoft.AspNetCore.Mvc.ModelBinding.Binders.CancellationTokenModelBinderProvider, Microsoft.AspNetCore.Mvc.ModelBinding.Binders.ByteArrayModelBinderProvider, Microsoft.AspNetCore.Mvc.ModelBinding.Binders.FormFileModelBinderProvider, Microsoft.AspNetCore.Mvc.ModelBinding.Binders.FormCollectionModelBinderProvider, Microsoft.AspNetCore.Mvc.ModelBinding.Binders.KeyValuePairModelBinderProvider, Microsoft.AspNetCore.Mvc.ModelBinding.Binders.DictionaryModelBinderProvider, Microsoft.AspNetCore.Mvc.ModelBinding.Binders.ArrayModelBinderProvider, Microsoft.AspNetCore.Mvc.ModelBinding.Binders.CollectionModelBinderProvider, Microsoft.AspNetCore.Mvc.ModelBinding.Binders.ComplexObjectModelBinderProvider
2021-12-16T10:39:52.3269895+02:00	INFO	[Microsoft.AspNetCore.Mvc.Infrastructure.ControllerActionInvoker]	[ControllerActionExecuting]	Route matched with {action = "Get", controller = "Books"}. Executing controller action with signature Microsoft.AspNetCore.Mvc.IActionResult Get() on controller LibraryWebApi.Controllers.BooksController (LibraryWebApi).
2021-12-16T10:39:52.3306560+02:00	DBUG	[Microsoft.AspNetCore.Mvc.Infrastructure.ControllerActionInvoker]	[FilterExecutionPlan]	Execution plan of authorization filters (in the following order): None
2021-12-16T10:39:52.3339213+02:00	DBUG	[Microsoft.AspNetCore.Mvc.Infrastructure.ControllerActionInvoker]	[FilterExecutionPlan]	Execution plan of resource filters (in the following order): Microsoft.AspNetCore.Mvc.ViewFeatures.Filters.SaveTempDataFilter
2021-12-16T10:39:52.3367159+02:00	DBUG	[Microsoft.AspNetCore.Mvc.Infrastructure.ControllerActionInvoker]	[FilterExecutionPlan]	Execution plan of action filters (in the following order): Microsoft.AspNetCore.Mvc.ModelBinding.UnsupportedContentTypeFilter (Order: -3000), Microsoft.AspNetCore.Mvc.Infrastructure.ModelStateInvalidFilter (Order: -2000), Microsoft.AspNetCore.Mvc.Filters.ResponseCacheFilter
2021-12-16T10:39:52.3394272+02:00	DBUG	[Microsoft.AspNetCore.Mvc.Infrastructure.ControllerActionInvoker]	[FilterExecutionPlan]	Execution plan of exception filters (in the following order): None
2021-12-16T10:39:52.3419296+02:00	DBUG	[Microsoft.AspNetCore.Mvc.Infrastructure.ControllerActionInvoker]	[FilterExecutionPlan]	Execution plan of result filters (in the following order): Microsoft.AspNetCore.Mvc.ViewFeatures.Filters.SaveTempDataFilter, Microsoft.AspNetCore.Mvc.Infrastructure.ClientErrorResultFilter (Order: -2000)
2021-12-16T10:39:52.3445168+02:00	TRCE	[Microsoft.AspNetCore.Mvc.Infrastructure.ControllerActionInvoker]	[BeforeExecutingMethodOnFilter]	Resource Filter: Before executing OnResourceExecuting on filter Microsoft.AspNetCore.Mvc.ViewFeatures.Filters.SaveTempDataFilter.
2021-12-16T10:39:52.3463872+02:00	TRCE	[Microsoft.AspNetCore.Mvc.Infrastructure.ControllerActionInvoker]	[AfterExecutingMethodOnFilter]	Resource Filter: After executing OnResourceExecuting on filter Microsoft.AspNetCore.Mvc.ViewFeatures.Filters.SaveTempDataFilter.
2021-12-16T10:39:52.3486771+02:00	DBUG	[Microsoft.AspNetCore.Mvc.Infrastructure.ControllerActionInvoker]	[ControllerFactoryExecuting]	Executing controller factory for controller LibraryWebApi.Controllers.BooksController (LibraryWebApi)
2021-12-16T10:39:52.3540850+02:00	DBUG	[Microsoft.AspNetCore.Mvc.Infrastructure.ControllerActionInvoker]	[ControllerFactoryExecuted]	Executed controller factory for controller LibraryWebApi.Controllers.BooksController (LibraryWebApi)
2021-12-16T10:39:52.3558098+02:00	TRCE	[Microsoft.AspNetCore.Mvc.Infrastructure.ControllerActionInvoker]	[BeforeExecutingMethodOnFilter]	Action Filter: Before executing OnActionExecuting on filter Microsoft.AspNetCore.Mvc.ModelBinding.UnsupportedContentTypeFilter.
2021-12-16T10:39:52.3578943+02:00	TRCE	[Microsoft.AspNetCore.Mvc.Infrastructure.ControllerActionInvoker]	[AfterExecutingMethodOnFilter]	Action Filter: After executing OnActionExecuting on filter Microsoft.AspNetCore.Mvc.ModelBinding.UnsupportedContentTypeFilter.
2021-12-16T10:39:52.3596484+02:00	TRCE	[Microsoft.AspNetCore.Mvc.Infrastructure.ControllerActionInvoker]	[BeforeExecutingMethodOnFilter]	Action Filter: Before executing OnActionExecuting on filter Microsoft.AspNetCore.Mvc.Infrastructure.ModelStateInvalidFilter.
2021-12-16T10:39:52.3613480+02:00	TRCE	[Microsoft.AspNetCore.Mvc.Infrastructure.ControllerActionInvoker]	[AfterExecutingMethodOnFilter]	Action Filter: After executing OnActionExecuting on filter Microsoft.AspNetCore.Mvc.Infrastructure.ModelStateInvalidFilter.
2021-12-16T10:39:52.3633061+02:00	TRCE	[Microsoft.AspNetCore.Mvc.Infrastructure.ControllerActionInvoker]	[BeforeExecutingMethodOnFilter]	Action Filter: Before executing OnActionExecuting on filter Microsoft.AspNetCore.Mvc.Filters.ResponseCacheFilter.
2021-12-16T10:39:52.3669657+02:00	TRCE	[Microsoft.AspNetCore.Mvc.Infrastructure.ControllerActionInvoker]	[AfterExecutingMethodOnFilter]	Action Filter: After executing OnActionExecuting on filter Microsoft.AspNetCore.Mvc.Filters.ResponseCacheFilter.
2021-12-16T10:39:52.3739747+02:00	INFO	[Microsoft.AspNetCore.Mvc.Infrastructure.ControllerActionInvoker]	[ActionMethodExecuting]	Executing action method LibraryWebApi.Controllers.BooksController.Get (LibraryWebApi) - Validation state: Valid
2021-12-16T10:39:52.7473515+02:00	INFO	[Microsoft.AspNetCore.Mvc.Infrastructure.ControllerActionInvoker]	[ActionMethodExecuted]	Executed action method LibraryWebApi.Controllers.BooksController.Get (LibraryWebApi), returned result Microsoft.AspNetCore.Mvc.OkObjectResult in 366.4579ms.
2021-12-16T10:39:52.7494119+02:00	TRCE	[Microsoft.AspNetCore.Mvc.Infrastructure.ControllerActionInvoker]	[BeforeExecutingMethodOnFilter]	Action Filter: Before executing OnActionExecuted on filter Microsoft.AspNetCore.Mvc.Filters.ResponseCacheFilter.
2021-12-16T10:39:52.7512869+02:00	TRCE	[Microsoft.AspNetCore.Mvc.Infrastructure.ControllerActionInvoker]	[AfterExecutingMethodOnFilter]	Action Filter: After executing OnActionExecuted on filter Microsoft.AspNetCore.Mvc.Filters.ResponseCacheFilter.
2021-12-16T10:39:52.7526347+02:00	TRCE	[Microsoft.AspNetCore.Mvc.Infrastructure.ControllerActionInvoker]	[BeforeExecutingMethodOnFilter]	Action Filter: Before executing OnActionExecuted on filter Microsoft.AspNetCore.Mvc.Infrastructure.ModelStateInvalidFilter.
2021-12-16T10:39:52.7540428+02:00	TRCE	[Microsoft.AspNetCore.Mvc.Infrastructure.ControllerActionInvoker]	[AfterExecutingMethodOnFilter]	Action Filter: After executing OnActionExecuted on filter Microsoft.AspNetCore.Mvc.Infrastructure.ModelStateInvalidFilter.
2021-12-16T10:39:52.7554079+02:00	TRCE	[Microsoft.AspNetCore.Mvc.Infrastructure.ControllerActionInvoker]	[BeforeExecutingMethodOnFilter]	Action Filter: Before executing OnActionExecuted on filter Microsoft.AspNetCore.Mvc.ModelBinding.UnsupportedContentTypeFilter.
2021-12-16T10:39:52.7568809+02:00	TRCE	[Microsoft.AspNetCore.Mvc.Infrastructure.ControllerActionInvoker]	[AfterExecutingMethodOnFilter]	Action Filter: After executing OnActionExecuted on filter Microsoft.AspNetCore.Mvc.ModelBinding.UnsupportedContentTypeFilter.
2021-12-16T10:39:52.7586517+02:00	TRCE	[Microsoft.AspNetCore.Mvc.Infrastructure.ControllerActionInvoker]	[BeforeExecutingMethodOnFilter]	Result Filter: Before executing OnResultExecuting on filter Microsoft.AspNetCore.Mvc.ViewFeatures.Filters.SaveTempDataFilter.
2021-12-16T10:39:52.7601113+02:00	TRCE	[Microsoft.AspNetCore.Mvc.Infrastructure.ControllerActionInvoker]	[AfterExecutingMethodOnFilter]	Result Filter: After executing OnResultExecuting on filter Microsoft.AspNetCore.Mvc.ViewFeatures.Filters.SaveTempDataFilter.
2021-12-16T10:39:52.7615581+02:00	TRCE	[Microsoft.AspNetCore.Mvc.Infrastructure.ControllerActionInvoker]	[BeforeExecutingMethodOnFilter]	Result Filter: Before executing OnResultExecuting on filter Microsoft.AspNetCore.Mvc.Infrastructure.ClientErrorResultFilter.
2021-12-16T10:39:52.7630161+02:00	TRCE	[Microsoft.AspNetCore.Mvc.Infrastructure.ControllerActionInvoker]	[AfterExecutingMethodOnFilter]	Result Filter: After executing OnResultExecuting on filter Microsoft.AspNetCore.Mvc.Infrastructure.ClientErrorResultFilter.
2021-12-16T10:39:52.7659032+02:00	TRCE	[Microsoft.AspNetCore.Mvc.Infrastructure.ControllerActionInvoker]	[BeforeExecutingActionResult]	Before executing action result Microsoft.AspNetCore.Mvc.OkObjectResult.
2021-12-16T10:39:52.7691557+02:00	DBUG	[Microsoft.AspNetCore.Mvc.Infrastructure.DefaultOutputFormatterSelector]	[RegisteredOutputFormatters]	List of registered output formatters, in the following order: Microsoft.AspNetCore.Mvc.Formatters.HttpNoContentOutputFormatter, Microsoft.AspNetCore.Mvc.Formatters.StringOutputFormatter, Microsoft.AspNetCore.Mvc.Formatters.StreamOutputFormatter, Microsoft.AspNetCore.Mvc.Formatters.SystemTextJsonOutputFormatter
2021-12-16T10:39:52.7723432+02:00	DBUG	[Microsoft.AspNetCore.Mvc.Infrastructure.DefaultOutputFormatterSelector]	[NoAcceptForNegotiation]	No information found on request to perform content negotiation.
2021-12-16T10:39:52.7748332+02:00	DBUG	[Microsoft.AspNetCore.Mvc.Infrastructure.DefaultOutputFormatterSelector]	[SelectingOutputFormatterWithoutUsingContentTypes]	Attempting to select an output formatter without using a content type as no explicit content types were specified for the response.
2021-12-16T10:39:52.7765152+02:00	DBUG	[Microsoft.AspNetCore.Mvc.Infrastructure.DefaultOutputFormatterSelector]	[SelectingFirstCanWriteFormatter]	Attempting to select the first formatter in the output formatters list which can write the result.
2021-12-16T10:39:52.7788004+02:00	DBUG	[Microsoft.AspNetCore.Mvc.Infrastructure.DefaultOutputFormatterSelector]	[FormatterSelected]	Selected output formatter 'Microsoft.AspNetCore.Mvc.Formatters.SystemTextJsonOutputFormatter' and content type 'application/json' to write the response.
2021-12-16T10:39:52.7804282+02:00	INFO	[Microsoft.AspNetCore.Mvc.Infrastructure.ObjectResultExecutor]	[ObjectResultExecuting]	Executing OkObjectResult, writing value of type 'System.Collections.Generic.List`1[[LibraryWebApi.Entities.Books, LibraryWebApi, Version=1.0.0.0, Culture=neutral, PublicKeyToken=null]]'.
2021-12-16T10:39:52.8168068+02:00	TRCE	[Microsoft.AspNetCore.Mvc.Infrastructure.ControllerActionInvoker]	[AfterExecutingActionResult]	After executing action result Microsoft.AspNetCore.Mvc.OkObjectResult.
2021-12-16T10:39:52.8186513+02:00	TRCE	[Microsoft.AspNetCore.Mvc.Infrastructure.ControllerActionInvoker]	[BeforeExecutingMethodOnFilter]	Result Filter: Before executing OnResultExecuted on filter Microsoft.AspNetCore.Mvc.Infrastructure.ClientErrorResultFilter.
2021-12-16T10:39:52.8203058+02:00	TRCE	[Microsoft.AspNetCore.Mvc.Infrastructure.ControllerActionInvoker]	[AfterExecutingMethodOnFilter]	Result Filter: After executing OnResultExecuted on filter Microsoft.AspNetCore.Mvc.Infrastructure.ClientErrorResultFilter.
2021-12-16T10:39:52.8219215+02:00	TRCE	[Microsoft.AspNetCore.Mvc.Infrastructure.ControllerActionInvoker]	[BeforeExecutingMethodOnFilter]	Result Filter: Before executing OnResultExecuted on filter Microsoft.AspNetCore.Mvc.ViewFeatures.Filters.SaveTempDataFilter.
2021-12-16T10:39:52.8235707+02:00	TRCE	[Microsoft.AspNetCore.Mvc.Infrastructure.ControllerActionInvoker]	[AfterExecutingMethodOnFilter]	Result Filter: After executing OnResultExecuted on filter Microsoft.AspNetCore.Mvc.ViewFeatures.Filters.SaveTempDataFilter.
2021-12-16T10:39:52.8252632+02:00	TRCE	[Microsoft.AspNetCore.Mvc.Infrastructure.ControllerActionInvoker]	[BeforeExecutingMethodOnFilter]	Resource Filter: Before executing OnResourceExecuted on filter Microsoft.AspNetCore.Mvc.ViewFeatures.Filters.SaveTempDataFilter.
2021-12-16T10:39:52.8267500+02:00	TRCE	[Microsoft.AspNetCore.Mvc.Infrastructure.ControllerActionInvoker]	[AfterExecutingMethodOnFilter]	Resource Filter: After executing OnResourceExecuted on filter Microsoft.AspNetCore.Mvc.ViewFeatures.Filters.SaveTempDataFilter.
2021-12-16T10:39:52.8342842+02:00	INFO	[Microsoft.AspNetCore.Mvc.Infrastructure.ControllerActionInvoker]	[ActionExecuted]	Executed action LibraryWebApi.Controllers.BooksController.Get (LibraryWebApi) in 484.9035ms
2021-12-16T10:39:52.8366988+02:00	INFO	[Microsoft.AspNetCore.Routing.EndpointMiddleware]	[ExecutedEndpoint]	Executed endpoint 'LibraryWebApi.Controllers.BooksController.Get (LibraryWebApi)'
2021-12-16T10:39:52.8402020+02:00	INFO	[Microsoft.AspNetCore.Hosting.Diagnostics]	[RequestFinished]	Request finished HTTP/1.1 GET http://localhost:53011/api/Books - - - 200 - application/json;+charset=utf-8 584.5566ms
2021-12-16T10:39:57.7266256+02:00	INFO	[Microsoft.AspNetCore.Hosting.Diagnostics]	[RequestStarting]	Request starting HTTP/1.1 GET http://localhost:53011/api/Books - -
2021-12-16T10:39:57.7365076+02:00	TRCE	[Microsoft.AspNetCore.HostFiltering.HostFilteringMiddleware]	[AllHostsAllowed]	All hosts are allowed.
2021-12-16T10:39:57.7425090+02:00	DBUG	[Microsoft.AspNetCore.StaticFiles.StaticFileMiddleware]	[PathMismatch]	The request path  does not match the path filter
2021-12-16T10:39:57.7664988+02:00	DBUG	[Microsoft.AspNetCore.Routing.Matching.DfaMatcher]	[CandidatesFound]	1 candidate(s) found for the request path '/api/Books'
2021-12-16T10:39:57.7695913+02:00	DBUG	[Microsoft.AspNetCore.Routing.Matching.DfaMatcher]	[CandiateValid]	Endpoint 'LibraryWebApi.Controllers.BooksController.Get (LibraryWebApi)' with route pattern 'api/Books' is valid for the request path '/api/Books'
2021-12-16T10:39:57.7728537+02:00	DBUG	[Microsoft.AspNetCore.Routing.EndpointRoutingMiddleware]	[MatchSuccess]	Request matched endpoint 'LibraryWebApi.Controllers.BooksController.Get (LibraryWebApi)'
2021-12-16T10:39:57.7763872+02:00	DBUG	[Microsoft.AspNetCore.Authentication.JwtBearer.JwtBearerHandler]	[AuthenticationSchemeNotAuthenticated]	AuthenticationScheme: Bearer was not authenticated.
2021-12-16T10:39:57.7794935+02:00	INFO	[Microsoft.AspNetCore.Routing.EndpointMiddleware]	[ExecutingEndpoint]	Executing endpoint 'LibraryWebApi.Controllers.BooksController.Get (LibraryWebApi)'
2021-12-16T10:39:57.7851467+02:00	INFO	[Microsoft.AspNetCore.Mvc.Infrastructure.ControllerActionInvoker]	[ControllerActionExecuting]	Route matched with {action = "Get", controller = "Books"}. Executing controller action with signature Microsoft.AspNetCore.Mvc.IActionResult Get() on controller LibraryWebApi.Controllers.BooksController (LibraryWebApi).
2021-12-16T10:39:57.7883331+02:00	DBUG	[Microsoft.AspNetCore.Mvc.Infrastructure.ControllerActionInvoker]	[FilterExecutionPlan]	Execution plan of authorization filters (in the following order): None
2021-12-16T10:39:57.7908915+02:00	DBUG	[Microsoft.AspNetCore.Mvc.Infrastructure.ControllerActionInvoker]	[FilterExecutionPlan]	Execution plan of resource filters (in the following order): Microsoft.AspNetCore.Mvc.ViewFeatures.Filters.SaveTempDataFilter
2021-12-16T10:39:57.7935999+02:00	DBUG	[Microsoft.AspNetCore.Mvc.Infrastructure.ControllerActionInvoker]	[FilterExecutionPlan]	Execution plan of action filters (in the following order): Microsoft.AspNetCore.Mvc.ModelBinding.UnsupportedContentTypeFilter (Order: -3000), Microsoft.AspNetCore.Mvc.Infrastructure.ModelStateInvalidFilter (Order: -2000), Microsoft.AspNetCore.Mvc.Filters.ResponseCacheFilter
2021-12-16T10:39:57.7966024+02:00	DBUG	[Microsoft.AspNetCore.Mvc.Infrastructure.ControllerActionInvoker]	[FilterExecutionPlan]	Execution plan of exception filters (in the following order): None
2021-12-16T10:39:57.8003337+02:00	DBUG	[Microsoft.AspNetCore.Mvc.Infrastructure.ControllerActionInvoker]	[FilterExecutionPlan]	Execution plan of result filters (in the following order): Microsoft.AspNetCore.Mvc.ViewFeatures.Filters.SaveTempDataFilter, Microsoft.AspNetCore.Mvc.Infrastructure.ClientErrorResultFilter (Order: -2000)
2021-12-16T10:39:57.8034975+02:00	TRCE	[Microsoft.AspNetCore.Mvc.Infrastructure.ControllerActionInvoker]	[BeforeExecutingMethodOnFilter]	Resource Filter: Before executing OnResourceExecuting on filter Microsoft.AspNetCore.Mvc.ViewFeatures.Filters.SaveTempDataFilter.
2021-12-16T10:39:57.8057252+02:00	TRCE	[Microsoft.AspNetCore.Mvc.Infrastructure.ControllerActionInvoker]	[AfterExecutingMethodOnFilter]	Resource Filter: After executing OnResourceExecuting on filter Microsoft.AspNetCore.Mvc.ViewFeatures.Filters.SaveTempDataFilter.
2021-12-16T10:39:57.8079087+02:00	DBUG	[Microsoft.AspNetCore.Mvc.Infrastructure.ControllerActionInvoker]	[ControllerFactoryExecuting]	Executing controller factory for controller LibraryWebApi.Controllers.BooksController (LibraryWebApi)
2021-12-16T10:39:57.8106171+02:00	DBUG	[Microsoft.AspNetCore.Mvc.Infrastructure.ControllerActionInvoker]	[ControllerFactoryExecuted]	Executed controller factory for controller LibraryWebApi.Controllers.BooksController (LibraryWebApi)
2021-12-16T10:39:57.8131120+02:00	TRCE	[Microsoft.AspNetCore.Mvc.Infrastructure.ControllerActionInvoker]	[BeforeExecutingMethodOnFilter]	Action Filter: Before executing OnActionExecuting on filter Microsoft.AspNetCore.Mvc.ModelBinding.UnsupportedContentTypeFilter.
2021-12-16T10:39:57.8166795+02:00	TRCE	[Microsoft.AspNetCore.Mvc.Infrastructure.ControllerActionInvoker]	[AfterExecutingMethodOnFilter]	Action Filter: After executing OnActionExecuting on filter Microsoft.AspNetCore.Mvc.ModelBinding.UnsupportedContentTypeFilter.
2021-12-16T10:39:57.8189928+02:00	TRCE	[Microsoft.AspNetCore.Mvc.Infrastructure.ControllerActionInvoker]	[BeforeExecutingMethodOnFilter]	Action Filter: Before executing OnActionExecuting on filter Microsoft.AspNetCore.Mvc.Infrastructure.ModelStateInvalidFilter.
2021-12-16T10:39:57.8210079+02:00	TRCE	[Microsoft.AspNetCore.Mvc.Infrastructure.ControllerActionInvoker]	[AfterExecutingMethodOnFilter]	Action Filter: After executing OnActionExecuting on filter Microsoft.AspNetCore.Mvc.Infrastructure.ModelStateInvalidFilter.
2021-12-16T10:39:57.8230078+02:00	TRCE	[Microsoft.AspNetCore.Mvc.Infrastructure.ControllerActionInvoker]	[BeforeExecutingMethodOnFilter]	Action Filter: Before executing OnActionExecuting on filter Microsoft.AspNetCore.Mvc.Filters.ResponseCacheFilter.
2021-12-16T10:39:57.8250371+02:00	TRCE	[Microsoft.AspNetCore.Mvc.Infrastructure.ControllerActionInvoker]	[AfterExecutingMethodOnFilter]	Action Filter: After executing OnActionExecuting on filter Microsoft.AspNetCore.Mvc.Filters.ResponseCacheFilter.
2021-12-16T10:39:57.8271073+02:00	INFO	[Microsoft.AspNetCore.Mvc.Infrastructure.ControllerActionInvoker]	[ActionMethodExecuting]	Executing action method LibraryWebApi.Controllers.BooksController.Get (LibraryWebApi) - Validation state: Valid
2021-12-16T10:39:57.8349291+02:00	INFO	[Microsoft.AspNetCore.Mvc.Infrastructure.ControllerActionInvoker]	[ActionMethodExecuted]	Executed action method LibraryWebApi.Controllers.BooksController.Get (LibraryWebApi), returned result Microsoft.AspNetCore.Mvc.OkObjectResult in 5.4154ms.
2021-12-16T10:39:57.8369166+02:00	TRCE	[Microsoft.AspNetCore.Mvc.Infrastructure.ControllerActionInvoker]	[BeforeExecutingMethodOnFilter]	Action Filter: Before executing OnActionExecuted on filter Microsoft.AspNetCore.Mvc.Filters.ResponseCacheFilter.
2021-12-16T10:39:57.8390236+02:00	TRCE	[Microsoft.AspNetCore.Mvc.Infrastructure.ControllerActionInvoker]	[AfterExecutingMethodOnFilter]	Action Filter: After executing OnActionExecuted on filter Microsoft.AspNetCore.Mvc.Filters.ResponseCacheFilter.
2021-12-16T10:39:57.8411691+02:00	TRCE	[Microsoft.AspNetCore.Mvc.Infrastructure.ControllerActionInvoker]	[BeforeExecutingMethodOnFilter]	Action Filter: Before executing OnActionExecuted on filter Microsoft.AspNetCore.Mvc.Infrastructure.ModelStateInvalidFilter.
2021-12-16T10:39:57.8431657+02:00	TRCE	[Microsoft.AspNetCore.Mvc.Infrastructure.ControllerActionInvoker]	[AfterExecutingMethodOnFilter]	Action Filter: After executing OnActionExecuted on filter Microsoft.AspNetCore.Mvc.Infrastructure.ModelStateInvalidFilter.
2021-12-16T10:39:57.8451500+02:00	TRCE	[Microsoft.AspNetCore.Mvc.Infrastructure.ControllerActionInvoker]	[BeforeExecutingMethodOnFilter]	Action Filter: Before executing OnActionExecuted on filter Microsoft.AspNetCore.Mvc.ModelBinding.UnsupportedContentTypeFilter.
2021-12-16T10:39:57.8481025+02:00	TRCE	[Microsoft.AspNetCore.Mvc.Infrastructure.ControllerActionInvoker]	[AfterExecutingMethodOnFilter]	Action Filter: After executing OnActionExecuted on filter Microsoft.AspNetCore.Mvc.ModelBinding.UnsupportedContentTypeFilter.
2021-12-16T10:39:57.8505635+02:00	TRCE	[Microsoft.AspNetCore.Mvc.Infrastructure.ControllerActionInvoker]	[BeforeExecutingMethodOnFilter]	Result Filter: Before executing OnResultExecuting on filter Microsoft.AspNetCore.Mvc.ViewFeatures.Filters.SaveTempDataFilter.
2021-12-16T10:39:57.8531719+02:00	TRCE	[Microsoft.AspNetCore.Mvc.Infrastructure.ControllerActionInvoker]	[AfterExecutingMethodOnFilter]	Result Filter: After executing OnResultExecuting on filter Microsoft.AspNetCore.Mvc.ViewFeatures.Filters.SaveTempDataFilter.
2021-12-16T10:39:57.8559663+02:00	TRCE	[Microsoft.AspNetCore.Mvc.Infrastructure.ControllerActionInvoker]	[BeforeExecutingMethodOnFilter]	Result Filter: Before executing OnResultExecuting on filter Microsoft.AspNetCore.Mvc.Infrastructure.ClientErrorResultFilter.
2021-12-16T10:39:57.8586924+02:00	TRCE	[Microsoft.AspNetCore.Mvc.Infrastructure.ControllerActionInvoker]	[AfterExecutingMethodOnFilter]	Result Filter: After executing OnResultExecuting on filter Microsoft.AspNetCore.Mvc.Infrastructure.ClientErrorResultFilter.
2021-12-16T10:39:57.8610337+02:00	TRCE	[Microsoft.AspNetCore.Mvc.Infrastructure.ControllerActionInvoker]	[BeforeExecutingActionResult]	Before executing action result Microsoft.AspNetCore.Mvc.OkObjectResult.
2021-12-16T10:39:57.8662783+02:00	DBUG	[Microsoft.AspNetCore.Mvc.Infrastructure.DefaultOutputFormatterSelector]	[RegisteredOutputFormatters]	List of registered output formatters, in the following order: Microsoft.AspNetCore.Mvc.Formatters.HttpNoContentOutputFormatter, Microsoft.AspNetCore.Mvc.Formatters.StringOutputFormatter, Microsoft.AspNetCore.Mvc.Formatters.StreamOutputFormatter, Microsoft.AspNetCore.Mvc.Formatters.SystemTextJsonOutputFormatter
2021-12-16T10:39:57.8688650+02:00	DBUG	[Microsoft.AspNetCore.Mvc.Infrastructure.DefaultOutputFormatterSelector]	[NoAcceptForNegotiation]	No information found on request to perform content negotiation.
2021-12-16T10:39:57.8716216+02:00	DBUG	[Microsoft.AspNetCore.Mvc.Infrastructure.DefaultOutputFormatterSelector]	[SelectingOutputFormatterWithoutUsingContentTypes]	Attempting to select an output formatter without using a content type as no explicit content types were specified for the response.
2021-12-16T10:39:57.8740206+02:00	DBUG	[Microsoft.AspNetCore.Mvc.Infrastructure.DefaultOutputFormatterSelector]	[SelectingFirstCanWriteFormatter]	Attempting to select the first formatter in the output formatters list which can write the result.
2021-12-16T10:39:57.8762802+02:00	DBUG	[Microsoft.AspNetCore.Mvc.Infrastructure.DefaultOutputFormatterSelector]	[FormatterSelected]	Selected output formatter 'Microsoft.AspNetCore.Mvc.Formatters.SystemTextJsonOutputFormatter' and content type 'application/json' to write the response.
2021-12-16T10:39:57.8787850+02:00	INFO	[Microsoft.AspNetCore.Mvc.Infrastructure.ObjectResultExecutor]	[ObjectResultExecuting]	Executing OkObjectResult, writing value of type 'System.Collections.Generic.List`1[[LibraryWebApi.Entities.Books, LibraryWebApi, Version=1.0.0.0, Culture=neutral, PublicKeyToken=null]]'.
2021-12-16T10:39:57.8834980+02:00	TRCE	[Microsoft.AspNetCore.Mvc.Infrastructure.ControllerActionInvoker]	[AfterExecutingActionResult]	After executing action result Microsoft.AspNetCore.Mvc.OkObjectResult.
2021-12-16T10:39:57.8860248+02:00	TRCE	[Microsoft.AspNetCore.Mvc.Infrastructure.ControllerActionInvoker]	[BeforeExecutingMethodOnFilter]	Result Filter: Before executing OnResultExecuted on filter Microsoft.AspNetCore.Mvc.Infrastructure.ClientErrorResultFilter.
2021-12-16T10:39:57.8894540+02:00	TRCE	[Microsoft.AspNetCore.Mvc.Infrastructure.ControllerActionInvoker]	[AfterExecutingMethodOnFilter]	Result Filter: After executing OnResultExecuted on filter Microsoft.AspNetCore.Mvc.Infrastructure.ClientErrorResultFilter.
2021-12-16T10:39:57.8927562+02:00	TRCE	[Microsoft.AspNetCore.Mvc.Infrastructure.ControllerActionInvoker]	[BeforeExecutingMethodOnFilter]	Result Filter: Before executing OnResultExecuted on filter Microsoft.AspNetCore.Mvc.ViewFeatures.Filters.SaveTempDataFilter.
2021-12-16T10:39:57.8958553+02:00	TRCE	[Microsoft.AspNetCore.Mvc.Infrastructure.ControllerActionInvoker]	[AfterExecutingMethodOnFilter]	Result Filter: After executing OnResultExecuted on filter Microsoft.AspNetCore.Mvc.ViewFeatures.Filters.SaveTempDataFilter.
2021-12-16T10:39:57.8995692+02:00	TRCE	[Microsoft.AspNetCore.Mvc.Infrastructure.ControllerActionInvoker]	[BeforeExecutingMethodOnFilter]	Resource Filter: Before executing OnResourceExecuted on filter Microsoft.AspNetCore.Mvc.ViewFeatures.Filters.SaveTempDataFilter.
2021-12-16T10:39:57.9029919+02:00	TRCE	[Microsoft.AspNetCore.Mvc.Infrastructure.ControllerActionInvoker]	[AfterExecutingMethodOnFilter]	Resource Filter: After executing OnResourceExecuted on filter Microsoft.AspNetCore.Mvc.ViewFeatures.Filters.SaveTempDataFilter.
2021-12-16T10:39:57.9055287+02:00	INFO	[Microsoft.AspNetCore.Mvc.Infrastructure.ControllerActionInvoker]	[ActionExecuted]	Executed action LibraryWebApi.Controllers.BooksController.Get (LibraryWebApi) in 102.6752ms
2021-12-16T10:39:57.9077939+02:00	INFO	[Microsoft.AspNetCore.Routing.EndpointMiddleware]	[ExecutedEndpoint]	Executed endpoint 'LibraryWebApi.Controllers.BooksController.Get (LibraryWebApi)'
2021-12-16T10:39:57.9109371+02:00	INFO	[Microsoft.AspNetCore.Hosting.Diagnostics]	[RequestFinished]	Request finished HTTP/1.1 GET http://localhost:53011/api/Books - - - 200 - application/json;+charset=utf-8 184.0638ms
