2021-12-20T20:25:16.9095297+02:00	DBUG	[Microsoft.Extensions.Hosting.Internal.Host]	[Starting]	Hosting starting
2021-12-20T20:25:16.9782925+02:00	INFO	[Microsoft.AspNetCore.DataProtection.KeyManagement.XmlKeyManager]	[UsingProfileAsKeyRepositoryWithDPAPI]	User profile is available. Using 'C:\Users\Andrey\AppData\Local\ASP.NET\DataProtection-Keys' as key repository and Windows DPAPI to encrypt keys at rest.
2021-12-20T20:25:17.0673083+02:00	DBUG	[Microsoft.AspNetCore.DataProtection.Repositories.FileSystemXmlRepository]	[ReadingDataFromFile]	Reading data from file 'C:\Users\Andrey\AppData\Local\ASP.NET\DataProtection-Keys\key-63abd01a-4070-4981-b6e3-39a168163237.xml'.
2021-12-20T20:25:17.1185074+02:00	DBUG	[Microsoft.AspNetCore.DataProtection.KeyManagement.XmlKeyManager]	[FoundKey]	Found key {63abd01a-4070-4981-b6e3-39a168163237}.
2021-12-20T20:25:17.1680196+02:00	DBUG	[Microsoft.AspNetCore.DataProtection.KeyManagement.DefaultKeyResolver]	[ConsideringKeyWithExpirationDateAsDefaultKey]	Considering key {63abd01a-4070-4981-b6e3-39a168163237} with expiration date 2022-02-23 14:03:57Z as default key.
2021-12-20T20:25:17.2338063+02:00	DBUG	[Microsoft.AspNetCore.DataProtection.TypeForwardingActivator]	[0]	Forwarded activator type request from Microsoft.AspNetCore.DataProtection.XmlEncryption.DpapiXmlDecryptor, Microsoft.AspNetCore.DataProtection, Version=5.0.0.0, Culture=neutral, PublicKeyToken=adb9793829ddae60 to Microsoft.AspNetCore.DataProtection.XmlEncryption.DpapiXmlDecryptor, Microsoft.AspNetCore.DataProtection, Culture=neutral, PublicKeyToken=adb9793829ddae60
2021-12-20T20:25:17.2405742+02:00	DBUG	[Microsoft.AspNetCore.DataProtection.XmlEncryption.DpapiXmlDecryptor]	[DecryptingSecretElementUsingWindowsDPAPI]	Decrypting secret element using Windows DPAPI.
2021-12-20T20:25:17.2451816+02:00	DBUG	[Microsoft.AspNetCore.DataProtection.TypeForwardingActivator]	[0]	Forwarded activator type request from Microsoft.AspNetCore.DataProtection.AuthenticatedEncryption.ConfigurationModel.AuthenticatedEncryptorDescriptorDeserializer, Microsoft.AspNetCore.DataProtection, Version=5.0.0.0, Culture=neutral, PublicKeyToken=adb9793829ddae60 to Microsoft.AspNetCore.DataProtection.AuthenticatedEncryption.ConfigurationModel.AuthenticatedEncryptorDescriptorDeserializer, Microsoft.AspNetCore.DataProtection, Culture=neutral, PublicKeyToken=adb9793829ddae60
2021-12-20T20:25:17.2560419+02:00	DBUG	[Microsoft.AspNetCore.DataProtection.AuthenticatedEncryption.CngCbcAuthenticatedEncryptorFactory]	[OpeningCNGAlgorithmFromProviderWithChainingModeCBC]	Opening CNG algorithm 'AES' from provider '(null)' with chaining mode CBC.
2021-12-20T20:25:17.2637455+02:00	DBUG	[Microsoft.AspNetCore.DataProtection.AuthenticatedEncryption.CngCbcAuthenticatedEncryptorFactory]	[OpeningCNGAlgorithmFromProviderWithHMAC]	Opening CNG algorithm 'SHA256' from provider '(null)' with HMAC.
2021-12-20T20:25:17.2710177+02:00	DBUG	[Microsoft.AspNetCore.DataProtection.KeyManagement.KeyRingProvider]	[UsingKeyAsDefaultKey]	Using key {63abd01a-4070-4981-b6e3-39a168163237} as the default key.
2021-12-20T20:25:17.2755416+02:00	DBUG	[Microsoft.AspNetCore.DataProtection.Internal.DataProtectionHostedService]	[KeyRingWasLoadedOnStartup]	Key ring with default key {63abd01a-4070-4981-b6e3-39a168163237} was loaded during application startup.
2021-12-20T20:25:17.6956235+02:00	DBUG	[Microsoft.AspNetCore.Hosting.Diagnostics]	[0]	Loaded hosting startup assembly LibraryWebApi
2021-12-20T20:25:17.6987837+02:00	DBUG	[Microsoft.AspNetCore.Hosting.Diagnostics]	[0]	Loaded hosting startup assembly Microsoft.AspNetCore.Watch.BrowserRefresh
2021-12-20T20:25:17.7018312+02:00	DBUG	[Microsoft.AspNetCore.Hosting.Diagnostics]	[0]	Loaded hosting startup assembly Microsoft.WebTools.BrowserLink.Net
2021-12-20T20:25:17.7066324+02:00	INFO	[Microsoft.Hosting.Lifetime]	[0]	Application started. Press Ctrl+C to shut down.
2021-12-20T20:25:17.7197984+02:00	INFO	[Microsoft.Hosting.Lifetime]	[0]	Hosting environment: Development
2021-12-20T20:25:17.7231824+02:00	INFO	[Microsoft.Hosting.Lifetime]	[0]	Content root path: C:\Users\Andrey\source\repos\library_webapi
2021-12-20T20:25:17.7284862+02:00	DBUG	[Microsoft.Extensions.Hosting.Internal.Host]	[Started]	Hosting started
2021-12-20T20:25:17.7914450+02:00	INFO	[Microsoft.AspNetCore.Hosting.Diagnostics]	[RequestStarting]	Request starting HTTP/1.1 GET http://localhost:53011/ - -
2021-12-20T20:25:17.8529360+02:00	DBUG	[Microsoft.AspNetCore.HostFiltering.HostFilteringMiddleware]	[WildcardDetected]	Wildcard detected, all requests with hosts will be allowed.
2021-12-20T20:25:17.8576665+02:00	TRCE	[Microsoft.AspNetCore.HostFiltering.HostFilteringMiddleware]	[AllHostsAllowed]	All hosts are allowed.
2021-12-20T20:25:17.9063315+02:00	DBUG	[Microsoft.AspNetCore.StaticFiles.StaticFileMiddleware]	[PathMismatch]	The request path  does not match the path filter
2021-12-20T20:25:17.9247880+02:00	DBUG	[Microsoft.AspNetCore.Mvc.Razor.Compilation.DefaultViewCompiler]	[ViewCompilerNoCompiledViewsFound]	Initializing Razor view compiler with no compiled views.
2021-12-20T20:25:17.9765320+02:00	DBUG	[Microsoft.AspNetCore.Routing.Matching.DfaMatcher]	[CandidatesNotFound]	No candidates found for the request path '/'
2021-12-20T20:25:17.9793961+02:00	DBUG	[Microsoft.AspNetCore.Routing.EndpointRoutingMiddleware]	[MatchFailure]	Request did not match any endpoints
2021-12-20T20:25:18.1119570+02:00	DBUG	[Microsoft.AspNetCore.Authentication.JwtBearer.JwtBearerHandler]	[AuthenticationSchemeNotAuthenticated]	AuthenticationScheme: Bearer was not authenticated.
2021-12-20T20:25:18.1617947+02:00	INFO	[Microsoft.AspNetCore.Hosting.Diagnostics]	[RequestFinished]	Request finished HTTP/1.1 GET http://localhost:53011/ - - - 404 - - 364.2587ms
2021-12-20T20:25:18.2517325+02:00	INFO	[Microsoft.AspNetCore.Hosting.Diagnostics]	[RequestStarting]	Request starting HTTP/1.1 GET http://localhost:53011/favicon.ico - -
2021-12-20T20:25:18.2545168+02:00	TRCE	[Microsoft.AspNetCore.HostFiltering.HostFilteringMiddleware]	[AllHostsAllowed]	All hosts are allowed.
2021-12-20T20:25:18.2575474+02:00	DBUG	[Microsoft.AspNetCore.StaticFiles.StaticFileMiddleware]	[PathMismatch]	The request path  does not match the path filter
2021-12-20T20:25:18.2631617+02:00	DBUG	[Microsoft.AspNetCore.Routing.Matching.DfaMatcher]	[CandidatesNotFound]	No candidates found for the request path '/favicon.ico'
2021-12-20T20:25:18.2656157+02:00	DBUG	[Microsoft.AspNetCore.Routing.EndpointRoutingMiddleware]	[MatchFailure]	Request did not match any endpoints
2021-12-20T20:25:18.2790786+02:00	DBUG	[Microsoft.AspNetCore.Authentication.JwtBearer.JwtBearerHandler]	[AuthenticationSchemeNotAuthenticated]	AuthenticationScheme: Bearer was not authenticated.
2021-12-20T20:25:18.2933272+02:00	INFO	[Microsoft.AspNetCore.Hosting.Diagnostics]	[RequestFinished]	Request finished HTTP/1.1 GET http://localhost:53011/favicon.ico - - - 404 - - 38.7039ms
2021-12-20T20:25:28.7579051+02:00	INFO	[Microsoft.AspNetCore.Hosting.Diagnostics]	[RequestStarting]	Request starting HTTP/1.1 GET http://localhost:53011/api/books - -
2021-12-20T20:25:28.7633645+02:00	TRCE	[Microsoft.AspNetCore.HostFiltering.HostFilteringMiddleware]	[AllHostsAllowed]	All hosts are allowed.
2021-12-20T20:25:28.7668768+02:00	DBUG	[Microsoft.AspNetCore.StaticFiles.StaticFileMiddleware]	[PathMismatch]	The request path  does not match the path filter
2021-12-20T20:25:28.7789251+02:00	DBUG	[Microsoft.AspNetCore.Routing.Matching.DfaMatcher]	[CandidatesFound]	1 candidate(s) found for the request path '/api/books'
2021-12-20T20:25:28.7882034+02:00	DBUG	[Microsoft.AspNetCore.Routing.Matching.DfaMatcher]	[CandiateValid]	Endpoint 'LibraryWebApi.Controllers.BooksController.Get (LibraryWebApi)' with route pattern 'api/Books' is valid for the request path '/api/books'
2021-12-20T20:25:28.7941269+02:00	DBUG	[Microsoft.AspNetCore.Routing.EndpointRoutingMiddleware]	[MatchSuccess]	Request matched endpoint 'LibraryWebApi.Controllers.BooksController.Get (LibraryWebApi)'
2021-12-20T20:25:28.7998070+02:00	DBUG	[Microsoft.AspNetCore.Authentication.JwtBearer.JwtBearerHandler]	[AuthenticationSchemeNotAuthenticated]	AuthenticationScheme: Bearer was not authenticated.
2021-12-20T20:25:28.8030165+02:00	INFO	[Microsoft.AspNetCore.Routing.EndpointMiddleware]	[ExecutingEndpoint]	Executing endpoint 'LibraryWebApi.Controllers.BooksController.Get (LibraryWebApi)'
2021-12-20T20:25:28.8155895+02:00	DBUG	[Microsoft.AspNetCore.Mvc.ModelBinding.ModelBinderFactory]	[RegisteredModelBinderProviders]	Registered model binder providers, in the following order: Microsoft.AspNetCore.Mvc.ModelBinding.Binders.BinderTypeModelBinderProvider, Microsoft.AspNetCore.Mvc.ModelBinding.Binders.ServicesModelBinderProvider, Microsoft.AspNetCore.Mvc.ModelBinding.Binders.BodyModelBinderProvider, Microsoft.AspNetCore.Mvc.ModelBinding.Binders.HeaderModelBinderProvider, Microsoft.AspNetCore.Mvc.ModelBinding.Binders.FloatingPointTypeModelBinderProvider, Microsoft.AspNetCore.Mvc.ModelBinding.Binders.EnumTypeModelBinderProvider, Microsoft.AspNetCore.Mvc.ModelBinding.Binders.DateTimeModelBinderProvider, Microsoft.AspNetCore.Mvc.ModelBinding.Binders.SimpleTypeModelBinderProvider, Microsoft.AspNetCore.Mvc.ModelBinding.Binders.CancellationTokenModelBinderProvider, Microsoft.AspNetCore.Mvc.ModelBinding.Binders.ByteArrayModelBinderProvider, Microsoft.AspNetCore.Mvc.ModelBinding.Binders.FormFileModelBinderProvider, Microsoft.AspNetCore.Mvc.ModelBinding.Binders.FormCollectionModelBinderProvider, Microsoft.AspNetCore.Mvc.ModelBinding.Binders.KeyValuePairModelBinderProvider, Microsoft.AspNetCore.Mvc.ModelBinding.Binders.DictionaryModelBinderProvider, Microsoft.AspNetCore.Mvc.ModelBinding.Binders.ArrayModelBinderProvider, Microsoft.AspNetCore.Mvc.ModelBinding.Binders.CollectionModelBinderProvider, Microsoft.AspNetCore.Mvc.ModelBinding.Binders.ComplexObjectModelBinderProvider
2021-12-20T20:25:28.8494004+02:00	INFO	[Microsoft.AspNetCore.Mvc.Infrastructure.ControllerActionInvoker]	[ControllerActionExecuting]	Route matched with {action = "Get", controller = "Books"}. Executing controller action with signature Microsoft.AspNetCore.Mvc.IActionResult Get() on controller LibraryWebApi.Controllers.BooksController (LibraryWebApi).
2021-12-20T20:25:28.8560520+02:00	DBUG	[Microsoft.AspNetCore.Mvc.Infrastructure.ControllerActionInvoker]	[FilterExecutionPlan]	Execution plan of authorization filters (in the following order): None
2021-12-20T20:25:28.8656508+02:00	DBUG	[Microsoft.AspNetCore.Mvc.Infrastructure.ControllerActionInvoker]	[FilterExecutionPlan]	Execution plan of resource filters (in the following order): Microsoft.AspNetCore.Mvc.ViewFeatures.Filters.SaveTempDataFilter
2021-12-20T20:25:28.8684452+02:00	DBUG	[Microsoft.AspNetCore.Mvc.Infrastructure.ControllerActionInvoker]	[FilterExecutionPlan]	Execution plan of action filters (in the following order): Microsoft.AspNetCore.Mvc.ModelBinding.UnsupportedContentTypeFilter (Order: -3000), Microsoft.AspNetCore.Mvc.Infrastructure.ModelStateInvalidFilter (Order: -2000), Microsoft.AspNetCore.Mvc.Filters.ResponseCacheFilter
2021-12-20T20:25:28.8712161+02:00	DBUG	[Microsoft.AspNetCore.Mvc.Infrastructure.ControllerActionInvoker]	[FilterExecutionPlan]	Execution plan of exception filters (in the following order): None
2021-12-20T20:25:28.8763448+02:00	DBUG	[Microsoft.AspNetCore.Mvc.Infrastructure.ControllerActionInvoker]	[FilterExecutionPlan]	Execution plan of result filters (in the following order): Microsoft.AspNetCore.Mvc.ViewFeatures.Filters.SaveTempDataFilter, Microsoft.AspNetCore.Mvc.Infrastructure.ClientErrorResultFilter (Order: -2000)
2021-12-20T20:25:28.8802692+02:00	TRCE	[Microsoft.AspNetCore.Mvc.Infrastructure.ControllerActionInvoker]	[BeforeExecutingMethodOnFilter]	Resource Filter: Before executing OnResourceExecuting on filter Microsoft.AspNetCore.Mvc.ViewFeatures.Filters.SaveTempDataFilter.
2021-12-20T20:25:28.8823784+02:00	TRCE	[Microsoft.AspNetCore.Mvc.Infrastructure.ControllerActionInvoker]	[AfterExecutingMethodOnFilter]	Resource Filter: After executing OnResourceExecuting on filter Microsoft.AspNetCore.Mvc.ViewFeatures.Filters.SaveTempDataFilter.
2021-12-20T20:25:28.8959417+02:00	DBUG	[Microsoft.AspNetCore.Mvc.Infrastructure.ControllerActionInvoker]	[ControllerFactoryExecuting]	Executing controller factory for controller LibraryWebApi.Controllers.BooksController (LibraryWebApi)
2021-12-20T20:25:28.9050558+02:00	DBUG	[Microsoft.AspNetCore.Mvc.Infrastructure.ControllerActionInvoker]	[ControllerFactoryExecuted]	Executed controller factory for controller LibraryWebApi.Controllers.BooksController (LibraryWebApi)
2021-12-20T20:25:28.9085578+02:00	TRCE	[Microsoft.AspNetCore.Mvc.Infrastructure.ControllerActionInvoker]	[BeforeExecutingMethodOnFilter]	Action Filter: Before executing OnActionExecuting on filter Microsoft.AspNetCore.Mvc.ModelBinding.UnsupportedContentTypeFilter.
2021-12-20T20:25:28.9110848+02:00	TRCE	[Microsoft.AspNetCore.Mvc.Infrastructure.ControllerActionInvoker]	[AfterExecutingMethodOnFilter]	Action Filter: After executing OnActionExecuting on filter Microsoft.AspNetCore.Mvc.ModelBinding.UnsupportedContentTypeFilter.
2021-12-20T20:25:28.9140979+02:00	TRCE	[Microsoft.AspNetCore.Mvc.Infrastructure.ControllerActionInvoker]	[BeforeExecutingMethodOnFilter]	Action Filter: Before executing OnActionExecuting on filter Microsoft.AspNetCore.Mvc.Infrastructure.ModelStateInvalidFilter.
2021-12-20T20:25:28.9178060+02:00	TRCE	[Microsoft.AspNetCore.Mvc.Infrastructure.ControllerActionInvoker]	[AfterExecutingMethodOnFilter]	Action Filter: After executing OnActionExecuting on filter Microsoft.AspNetCore.Mvc.Infrastructure.ModelStateInvalidFilter.
2021-12-20T20:25:28.9203894+02:00	TRCE	[Microsoft.AspNetCore.Mvc.Infrastructure.ControllerActionInvoker]	[BeforeExecutingMethodOnFilter]	Action Filter: Before executing OnActionExecuting on filter Microsoft.AspNetCore.Mvc.Filters.ResponseCacheFilter.
2021-12-20T20:25:28.9231730+02:00	TRCE	[Microsoft.AspNetCore.Mvc.Infrastructure.ControllerActionInvoker]	[AfterExecutingMethodOnFilter]	Action Filter: After executing OnActionExecuting on filter Microsoft.AspNetCore.Mvc.Filters.ResponseCacheFilter.
2021-12-20T20:25:28.9347260+02:00	INFO	[Microsoft.AspNetCore.Mvc.Infrastructure.ControllerActionInvoker]	[ActionMethodExecuting]	Executing action method LibraryWebApi.Controllers.BooksController.Get (LibraryWebApi) - Validation state: Valid
2021-12-20T20:25:29.4315176+02:00	INFO	[Microsoft.AspNetCore.Mvc.Infrastructure.ControllerActionInvoker]	[ActionMethodExecuted]	Executed action method LibraryWebApi.Controllers.BooksController.Get (LibraryWebApi), returned result Microsoft.AspNetCore.Mvc.OkObjectResult in 487.4997ms.
2021-12-20T20:25:29.4344187+02:00	TRCE	[Microsoft.AspNetCore.Mvc.Infrastructure.ControllerActionInvoker]	[BeforeExecutingMethodOnFilter]	Action Filter: Before executing OnActionExecuted on filter Microsoft.AspNetCore.Mvc.Filters.ResponseCacheFilter.
2021-12-20T20:25:29.4369103+02:00	TRCE	[Microsoft.AspNetCore.Mvc.Infrastructure.ControllerActionInvoker]	[AfterExecutingMethodOnFilter]	Action Filter: After executing OnActionExecuted on filter Microsoft.AspNetCore.Mvc.Filters.ResponseCacheFilter.
2021-12-20T20:25:29.4391470+02:00	TRCE	[Microsoft.AspNetCore.Mvc.Infrastructure.ControllerActionInvoker]	[BeforeExecutingMethodOnFilter]	Action Filter: Before executing OnActionExecuted on filter Microsoft.AspNetCore.Mvc.Infrastructure.ModelStateInvalidFilter.
2021-12-20T20:25:29.4419206+02:00	TRCE	[Microsoft.AspNetCore.Mvc.Infrastructure.ControllerActionInvoker]	[AfterExecutingMethodOnFilter]	Action Filter: After executing OnActionExecuted on filter Microsoft.AspNetCore.Mvc.Infrastructure.ModelStateInvalidFilter.
2021-12-20T20:25:29.4440253+02:00	TRCE	[Microsoft.AspNetCore.Mvc.Infrastructure.ControllerActionInvoker]	[BeforeExecutingMethodOnFilter]	Action Filter: Before executing OnActionExecuted on filter Microsoft.AspNetCore.Mvc.ModelBinding.UnsupportedContentTypeFilter.
2021-12-20T20:25:29.4467660+02:00	TRCE	[Microsoft.AspNetCore.Mvc.Infrastructure.ControllerActionInvoker]	[AfterExecutingMethodOnFilter]	Action Filter: After executing OnActionExecuted on filter Microsoft.AspNetCore.Mvc.ModelBinding.UnsupportedContentTypeFilter.
2021-12-20T20:25:29.4513079+02:00	TRCE	[Microsoft.AspNetCore.Mvc.Infrastructure.ControllerActionInvoker]	[BeforeExecutingMethodOnFilter]	Result Filter: Before executing OnResultExecuting on filter Microsoft.AspNetCore.Mvc.ViewFeatures.Filters.SaveTempDataFilter.
2021-12-20T20:25:29.4544379+02:00	TRCE	[Microsoft.AspNetCore.Mvc.Infrastructure.ControllerActionInvoker]	[AfterExecutingMethodOnFilter]	Result Filter: After executing OnResultExecuting on filter Microsoft.AspNetCore.Mvc.ViewFeatures.Filters.SaveTempDataFilter.
2021-12-20T20:25:29.4568426+02:00	TRCE	[Microsoft.AspNetCore.Mvc.Infrastructure.ControllerActionInvoker]	[BeforeExecutingMethodOnFilter]	Result Filter: Before executing OnResultExecuting on filter Microsoft.AspNetCore.Mvc.Infrastructure.ClientErrorResultFilter.
2021-12-20T20:25:29.4594504+02:00	TRCE	[Microsoft.AspNetCore.Mvc.Infrastructure.ControllerActionInvoker]	[AfterExecutingMethodOnFilter]	Result Filter: After executing OnResultExecuting on filter Microsoft.AspNetCore.Mvc.Infrastructure.ClientErrorResultFilter.
2021-12-20T20:25:29.4637591+02:00	TRCE	[Microsoft.AspNetCore.Mvc.Infrastructure.ControllerActionInvoker]	[BeforeExecutingActionResult]	Before executing action result Microsoft.AspNetCore.Mvc.OkObjectResult.
2021-12-20T20:25:29.4690973+02:00	DBUG	[Microsoft.AspNetCore.Mvc.Infrastructure.DefaultOutputFormatterSelector]	[RegisteredOutputFormatters]	List of registered output formatters, in the following order: Microsoft.AspNetCore.Mvc.Formatters.HttpNoContentOutputFormatter, Microsoft.AspNetCore.Mvc.Formatters.StringOutputFormatter, Microsoft.AspNetCore.Mvc.Formatters.StreamOutputFormatter, Microsoft.AspNetCore.Mvc.Formatters.SystemTextJsonOutputFormatter
2021-12-20T20:25:29.4729498+02:00	DBUG	[Microsoft.AspNetCore.Mvc.Infrastructure.DefaultOutputFormatterSelector]	[NoAcceptForNegotiation]	No information found on request to perform content negotiation.
2021-12-20T20:25:29.4752797+02:00	DBUG	[Microsoft.AspNetCore.Mvc.Infrastructure.DefaultOutputFormatterSelector]	[SelectingOutputFormatterWithoutUsingContentTypes]	Attempting to select an output formatter without using a content type as no explicit content types were specified for the response.
2021-12-20T20:25:29.4772339+02:00	DBUG	[Microsoft.AspNetCore.Mvc.Infrastructure.DefaultOutputFormatterSelector]	[SelectingFirstCanWriteFormatter]	Attempting to select the first formatter in the output formatters list which can write the result.
2021-12-20T20:25:29.4805841+02:00	DBUG	[Microsoft.AspNetCore.Mvc.Infrastructure.DefaultOutputFormatterSelector]	[FormatterSelected]	Selected output formatter 'Microsoft.AspNetCore.Mvc.Formatters.SystemTextJsonOutputFormatter' and content type 'application/json' to write the response.
2021-12-20T20:25:29.4830626+02:00	INFO	[Microsoft.AspNetCore.Mvc.Infrastructure.ObjectResultExecutor]	[ObjectResultExecuting]	Executing OkObjectResult, writing value of type 'System.Collections.Generic.List`1[[LibraryWebApi.Entities.Books, LibraryWebApi, Version=1.0.0.0, Culture=neutral, PublicKeyToken=null]]'.
2021-12-20T20:25:29.5388005+02:00	TRCE	[Microsoft.AspNetCore.Mvc.Infrastructure.ControllerActionInvoker]	[AfterExecutingActionResult]	After executing action result Microsoft.AspNetCore.Mvc.OkObjectResult.
2021-12-20T20:25:29.5416297+02:00	TRCE	[Microsoft.AspNetCore.Mvc.Infrastructure.ControllerActionInvoker]	[BeforeExecutingMethodOnFilter]	Result Filter: Before executing OnResultExecuted on filter Microsoft.AspNetCore.Mvc.Infrastructure.ClientErrorResultFilter.
2021-12-20T20:25:29.5438902+02:00	TRCE	[Microsoft.AspNetCore.Mvc.Infrastructure.ControllerActionInvoker]	[AfterExecutingMethodOnFilter]	Result Filter: After executing OnResultExecuted on filter Microsoft.AspNetCore.Mvc.Infrastructure.ClientErrorResultFilter.
2021-12-20T20:25:29.5458099+02:00	TRCE	[Microsoft.AspNetCore.Mvc.Infrastructure.ControllerActionInvoker]	[BeforeExecutingMethodOnFilter]	Result Filter: Before executing OnResultExecuted on filter Microsoft.AspNetCore.Mvc.ViewFeatures.Filters.SaveTempDataFilter.
2021-12-20T20:25:29.5478678+02:00	TRCE	[Microsoft.AspNetCore.Mvc.Infrastructure.ControllerActionInvoker]	[AfterExecutingMethodOnFilter]	Result Filter: After executing OnResultExecuted on filter Microsoft.AspNetCore.Mvc.ViewFeatures.Filters.SaveTempDataFilter.
2021-12-20T20:25:29.5501338+02:00	TRCE	[Microsoft.AspNetCore.Mvc.Infrastructure.ControllerActionInvoker]	[BeforeExecutingMethodOnFilter]	Resource Filter: Before executing OnResourceExecuted on filter Microsoft.AspNetCore.Mvc.ViewFeatures.Filters.SaveTempDataFilter.
2021-12-20T20:25:29.5521199+02:00	TRCE	[Microsoft.AspNetCore.Mvc.Infrastructure.ControllerActionInvoker]	[AfterExecutingMethodOnFilter]	Resource Filter: After executing OnResourceExecuted on filter Microsoft.AspNetCore.Mvc.ViewFeatures.Filters.SaveTempDataFilter.
2021-12-20T20:25:29.5613458+02:00	INFO	[Microsoft.AspNetCore.Mvc.Infrastructure.ControllerActionInvoker]	[ActionExecuted]	Executed action LibraryWebApi.Controllers.BooksController.Get (LibraryWebApi) in 675.4158ms
2021-12-20T20:25:29.5640870+02:00	INFO	[Microsoft.AspNetCore.Routing.EndpointMiddleware]	[ExecutedEndpoint]	Executed endpoint 'LibraryWebApi.Controllers.BooksController.Get (LibraryWebApi)'
2021-12-20T20:25:29.5677628+02:00	INFO	[Microsoft.AspNetCore.Hosting.Diagnostics]	[RequestFinished]	Request finished HTTP/1.1 GET http://localhost:53011/api/books - - - 200 - application/json;+charset=utf-8 810.3450ms
