[15-12-2021 16:00:17] [Information] Application started. Press Ctrl+C to shut down. 
[15-12-2021 16:00:17] [Information] Hosting environment: Development 
[15-12-2021 16:00:17] [Information] Content root path: C:\Users\Andrey\source\repos\library_webapi 
[15-12-2021 16:00:23] [Information] Logging information. 
[15-12-2021 16:00:23] [Critical] Logging critical information. 
[15-12-2021 16:00:23] [Debug] Logging debug information. 
[15-12-2021 16:00:23] [Error] Logging error information. 
[15-12-2021 16:00:23] [Trace] Logging trace 
[15-12-2021 16:00:23] [Warning] Logging warning. 
[15-12-2021 16:03:32] [Information] Application started. Press Ctrl+C to shut down. 
[15-12-2021 16:03:32] [Information] Hosting environment: Development 
[15-12-2021 16:03:32] [Information] Content root path: C:\Users\Andrey\source\repos\library_webapi 
[15-12-2021 16:03:41] [Information] Request for export, export type json 
[15-12-2021 16:03:48] [Trace] Calling service for exporting json 
[15-12-2021 16:04:36] [Information] Application started. Press Ctrl+C to shut down. 
[15-12-2021 16:04:36] [Information] Hosting environment: Development 
[15-12-2021 16:04:36] [Information] Content root path: C:\Users\Andrey\source\repos\library_webapi 
[15-12-2021 16:04:43] [Information] Request for export, export type json 
[15-12-2021 16:04:43] [Trace] Calling service for exporting json 
[15-12-2021 16:05:43] [Information] User profile is available. Using 'C:\Users\Andrey\AppData\Local\ASP.NET\DataProtection-Keys' as key repository and Windows DPAPI to encrypt keys at rest. 
[15-12-2021 16:05:43] [Information] Application started. Press Ctrl+C to shut down. 
[15-12-2021 16:05:43] [Information] Hosting environment: Release 
[15-12-2021 16:05:43] [Information] Content root path: C:\Users\Andrey\source\repos\library_webapi 
[15-12-2021 16:05:43] [Information] Request starting HTTP/1.1 GET http://localhost:53011/ - - 
[15-12-2021 16:05:44] [Information] Request finished HTTP/1.1 GET http://localhost:53011/ - - - 500 - - 286.1293ms 
[15-12-2021 16:06:13] [Information] Application started. Press Ctrl+C to shut down. 
[15-12-2021 16:06:13] [Information] Hosting environment: Development 
[15-12-2021 16:06:13] [Information] Content root path: C:\Users\Andrey\source\repos\library_webapi 
[15-12-2021 16:06:19] [Information] Request for export, export type json 
[15-12-2021 16:06:28] [Trace] Calling service for exporting json 
[15-12-2021 16:07:37] [Information] Request for export, export type json 
[15-12-2021 16:07:40] [Trace] Calling service for exporting json 
[15-12-2021 16:19:45] [Information] Application started. Press Ctrl+C to shut down. 
[15-12-2021 16:19:45] [Information] Hosting environment: Development 
[15-12-2021 16:19:45] [Information] Content root path: C:\Users\Andrey\source\repos\library_webapi 
[15-12-2021 16:23:28] [Information] Application started. Press Ctrl+C to shut down. 
[15-12-2021 16:23:28] [Information] Hosting environment: Development 
[15-12-2021 16:23:28] [Information] Content root path: C:\Users\Andrey\source\repos\library_webapi 
[15-12-2021 16:32:37] [Information] User profile is available. Using 'C:\Users\Andrey\AppData\Local\ASP.NET\DataProtection-Keys' as key repository and Windows DPAPI to encrypt keys at rest. 
[15-12-2021 16:32:38] [Information] Application started. Press Ctrl+C to shut down. 
[15-12-2021 16:32:38] [Information] Hosting environment: Development 
[15-12-2021 16:32:38] [Information] Content root path: C:\Users\Andrey\source\repos\library_webapi 
[15-12-2021 16:32:38] [Information] Request starting HTTP/1.1 GET http://localhost:53011/ - - 
[15-12-2021 16:32:38] [Information] Request finished HTTP/1.1 GET http://localhost:53011/ - - - 404 - - 182.2526ms 
[15-12-2021 16:32:42] [Information] Request starting HTTP/1.1 GET http://localhost:53011/api/log - - 
[15-12-2021 16:32:42] [Information] Executing endpoint 'LibraryWebApi.Controllers.LogController.GetLastLog (LibraryWebApi)' 
[15-12-2021 16:32:42] [Information] Route matched with {action = "GetLastLog", controller = "Log"}. Executing controller action with signature Microsoft.AspNetCore.Mvc.IActionResult GetLastLog() on controller LibraryWebApi.Controllers.LogController (LibraryWebApi). 
[15-12-2021 16:32:42] [Information] Executing OkObjectResult, writing value of type 'System.String'. 
[15-12-2021 16:32:42] [Information] Executed action LibraryWebApi.Controllers.LogController.GetLastLog (LibraryWebApi) in 24.7929ms 
[15-12-2021 16:32:42] [Information] Executed endpoint 'LibraryWebApi.Controllers.LogController.GetLastLog (LibraryWebApi)' 
[15-12-2021 16:32:42] [Information] Request finished HTTP/1.1 GET http://localhost:53011/api/log - - - 200 - text/plain;+charset=utf-8 89.6984ms 
[15-12-2021 16:33:09] [Information] Request starting HTTP/1.1 GET http://localhost:53011/api/books/ - - 
[15-12-2021 16:33:09] [Information] Executing endpoint 'LibraryWebApi.Controllers.BooksController.Get (LibraryWebApi)' 
[15-12-2021 16:33:09] [Information] Route matched with {action = "Get", controller = "Books"}. Executing controller action with signature Microsoft.AspNetCore.Mvc.IActionResult Get() on controller LibraryWebApi.Controllers.BooksController (LibraryWebApi). 
[15-12-2021 16:33:09] [Information] Executing OkObjectResult, writing value of type 'System.Collections.Generic.List`1[[LibraryWebApi.Entities.Books, LibraryWebApi, Version=1.0.0.0, Culture=neutral, PublicKeyToken=null]]'. 
[15-12-2021 16:33:09] [Information] Executed action LibraryWebApi.Controllers.BooksController.Get (LibraryWebApi) in 348.1966ms 
[15-12-2021 16:33:09] [Information] Executed endpoint 'LibraryWebApi.Controllers.BooksController.Get (LibraryWebApi)' 
[15-12-2021 16:33:09] [Information] Request finished HTTP/1.1 GET http://localhost:53011/api/books/ - - - 200 - application/json;+charset=utf-8 381.3657ms 
[15-12-2021 16:33:13] [Information] Request starting HTTP/1.1 GET http://localhost:53011/api/log - - 
[15-12-2021 16:33:13] [Information] Executing endpoint 'LibraryWebApi.Controllers.LogController.GetLastLog (LibraryWebApi)' 
[15-12-2021 16:33:13] [Information] Route matched with {action = "GetLastLog", controller = "Log"}. Executing controller action with signature Microsoft.AspNetCore.Mvc.IActionResult GetLastLog() on controller LibraryWebApi.Controllers.LogController (LibraryWebApi). 
[15-12-2021 16:33:13] [Information] Executing OkObjectResult, writing value of type 'System.String'. 
[15-12-2021 16:33:13] [Information] Executed action LibraryWebApi.Controllers.LogController.GetLastLog (LibraryWebApi) in 4.1399ms 
[15-12-2021 16:33:13] [Information] Executed endpoint 'LibraryWebApi.Controllers.LogController.GetLastLog (LibraryWebApi)' 
[15-12-2021 16:33:13] [Information] Request finished HTTP/1.1 GET http://localhost:53011/api/log - - - 200 - text/plain;+charset=utf-8 27.7826ms 
[15-12-2021 16:33:36] [Information] Request starting HTTP/1.1 GET http://localhost:53011/api/Books/Export?exportType=json - - 
[15-12-2021 16:33:36] [Information] Executing endpoint 'LibraryWebApi.Controllers.BooksController.Export (LibraryWebApi)' 
[15-12-2021 16:33:36] [Information] Route matched with {action = "Export", controller = "Books"}. Executing controller action with signature Microsoft.AspNetCore.Mvc.IActionResult Export(System.String) on controller LibraryWebApi.Controllers.BooksController (LibraryWebApi). 
[15-12-2021 16:33:36] [Information] Request for export, export type json 
[15-12-2021 16:33:36] [Information] Executing FileStreamResult, sending file with download name 'exported.json' ... 
[15-12-2021 16:33:36] [Information] Executed action LibraryWebApi.Controllers.BooksController.Export (LibraryWebApi) in 249.9005ms 
[15-12-2021 16:33:36] [Information] Executed endpoint 'LibraryWebApi.Controllers.BooksController.Export (LibraryWebApi)' 
[15-12-2021 16:33:36] [Information] Request finished HTTP/1.1 GET http://localhost:53011/api/Books/Export?exportType=json - - - 200 811 application/json 286.1669ms 
[15-12-2021 16:33:44] [Information] Request starting HTTP/1.1 GET http://localhost:53011/api/Log - - 
[15-12-2021 16:33:44] [Information] Executing endpoint 'LibraryWebApi.Controllers.LogController.GetLastLog (LibraryWebApi)' 
[15-12-2021 16:33:44] [Information] Route matched with {action = "GetLastLog", controller = "Log"}. Executing controller action with signature Microsoft.AspNetCore.Mvc.IActionResult GetLastLog() on controller LibraryWebApi.Controllers.LogController (LibraryWebApi). 
[15-12-2021 16:33:44] [Information] Executing OkObjectResult, writing value of type 'System.String'. 
[15-12-2021 16:33:44] [Information] Executed action LibraryWebApi.Controllers.LogController.GetLastLog (LibraryWebApi) in 6.3973ms 
[15-12-2021 16:33:44] [Information] Executed endpoint 'LibraryWebApi.Controllers.LogController.GetLastLog (LibraryWebApi)' 
[15-12-2021 16:33:44] [Information] Request finished HTTP/1.1 GET http://localhost:53011/api/Log - - - 200 - text/plain;+charset=utf-8 27.9515ms 
[15-12-2021 16:34:22] [Debug] Hosting starting 
[15-12-2021 16:34:22] [Information] User profile is available. Using 'C:\Users\Andrey\AppData\Local\ASP.NET\DataProtection-Keys' as key repository and Windows DPAPI to encrypt keys at rest. 
[15-12-2021 16:34:22] [Debug] Reading data from file 'C:\Users\Andrey\AppData\Local\ASP.NET\DataProtection-Keys\key-63abd01a-4070-4981-b6e3-39a168163237.xml'. 
[15-12-2021 16:34:22] [Debug] Found key {63abd01a-4070-4981-b6e3-39a168163237}. 
[15-12-2021 16:34:22] [Debug] Considering key {63abd01a-4070-4981-b6e3-39a168163237} with expiration date 2022-02-23 14:03:57Z as default key. 
[15-12-2021 16:34:22] [Debug] Forwarded activator type request from Microsoft.AspNetCore.DataProtection.XmlEncryption.DpapiXmlDecryptor, Microsoft.AspNetCore.DataProtection, Version=5.0.0.0, Culture=neutral, PublicKeyToken=adb9793829ddae60 to Microsoft.AspNetCore.DataProtection.XmlEncryption.DpapiXmlDecryptor, Microsoft.AspNetCore.DataProtection, Culture=neutral, PublicKeyToken=adb9793829ddae60 
[15-12-2021 16:34:22] [Debug] Decrypting secret element using Windows DPAPI. 
[15-12-2021 16:34:22] [Debug] Forwarded activator type request from Microsoft.AspNetCore.DataProtection.AuthenticatedEncryption.ConfigurationModel.AuthenticatedEncryptorDescriptorDeserializer, Microsoft.AspNetCore.DataProtection, Version=5.0.0.0, Culture=neutral, PublicKeyToken=adb9793829ddae60 to Microsoft.AspNetCore.DataProtection.AuthenticatedEncryption.ConfigurationModel.AuthenticatedEncryptorDescriptorDeserializer, Microsoft.AspNetCore.DataProtection, Culture=neutral, PublicKeyToken=adb9793829ddae60 
[15-12-2021 16:34:22] [Debug] Opening CNG algorithm 'AES' from provider '(null)' with chaining mode CBC. 
[15-12-2021 16:34:22] [Debug] Opening CNG algorithm 'SHA256' from provider '(null)' with HMAC. 
[15-12-2021 16:34:22] [Debug] Using key {63abd01a-4070-4981-b6e3-39a168163237} as the default key. 
[15-12-2021 16:34:22] [Debug] Key ring with default key {63abd01a-4070-4981-b6e3-39a168163237} was loaded during application startup. 
[15-12-2021 16:34:23] [Debug] Loaded hosting startup assembly LibraryWebApi 
[15-12-2021 16:34:23] [Information] Application started. Press Ctrl+C to shut down. 
[15-12-2021 16:34:23] [Information] Hosting environment: Development 
[15-12-2021 16:34:23] [Information] Content root path: C:\Users\Andrey\source\repos\library_webapi 
[15-12-2021 16:34:23] [Debug] Hosting started 
[15-12-2021 16:34:23] [Information] Request starting HTTP/1.1 GET http://localhost:53011/ - - 
[15-12-2021 16:34:23] [Debug] Wildcard detected, all requests with hosts will be allowed. 
[15-12-2021 16:34:23] [Trace] All hosts are allowed. 
[15-12-2021 16:34:23] [Debug] The request path  does not match the path filter 
[15-12-2021 16:34:23] [Debug] Initializing Razor view compiler with no compiled views. 
[15-12-2021 16:34:23] [Debug] No candidates found for the request path '/' 
[15-12-2021 16:34:23] [Debug] Request did not match any endpoints 
[15-12-2021 16:34:23] [Debug] AuthenticationScheme: Bearer was not authenticated. 
[15-12-2021 16:34:23] [Information] Request finished HTTP/1.1 GET http://localhost:53011/ - - - 404 - - 225.8729ms 
[15-12-2021 16:34:26] [Information] Request starting HTTP/1.1 GET http://localhost:53011/api/Books/Export?exportType=json - - 
[15-12-2021 16:34:26] [Trace] All hosts are allowed. 
[15-12-2021 16:34:26] [Debug] The request path  does not match the path filter 
[15-12-2021 16:34:26] [Debug] 2 candidate(s) found for the request path '/api/Books/Export' 
[15-12-2021 16:34:26] [Debug] Endpoint 'LibraryWebApi.Controllers.BooksController.Export (LibraryWebApi)' with route pattern 'api/Books/Export' is valid for the request path '/api/Books/Export' 
[15-12-2021 16:34:26] [Debug] Endpoint 'LibraryWebApi.Controllers.BooksController.Get (LibraryWebApi)' with route pattern 'api/Books/{id:int}' was rejected by constraint 'id':'Microsoft.AspNetCore.Routing.Constraints.IntRouteConstraint' with value 'Export' for the request path '/api/Books/Export' 
[15-12-2021 16:34:26] [Debug] Endpoint 'LibraryWebApi.Controllers.BooksController.Get (LibraryWebApi)' with route pattern 'api/Books/{id:int}' is not valid for the request path '/api/Books/Export' 
[15-12-2021 16:34:26] [Debug] Request matched endpoint 'LibraryWebApi.Controllers.BooksController.Export (LibraryWebApi)' 
[15-12-2021 16:34:26] [Debug] AuthenticationScheme: Bearer was not authenticated. 
[15-12-2021 16:34:26] [Information] Executing endpoint 'LibraryWebApi.Controllers.BooksController.Export (LibraryWebApi)' 
[15-12-2021 16:34:26] [Debug] Registered model binder providers, in the following order: Microsoft.AspNetCore.Mvc.ModelBinding.Binders.BinderTypeModelBinderProvider, Microsoft.AspNetCore.Mvc.ModelBinding.Binders.ServicesModelBinderProvider, Microsoft.AspNetCore.Mvc.ModelBinding.Binders.BodyModelBinderProvider, Microsoft.AspNetCore.Mvc.ModelBinding.Binders.HeaderModelBinderProvider, Microsoft.AspNetCore.Mvc.ModelBinding.Binders.FloatingPointTypeModelBinderProvider, Microsoft.AspNetCore.Mvc.ModelBinding.Binders.EnumTypeModelBinderProvider, Microsoft.AspNetCore.Mvc.ModelBinding.Binders.DateTimeModelBinderProvider, Microsoft.AspNetCore.Mvc.ModelBinding.Binders.SimpleTypeModelBinderProvider, Microsoft.AspNetCore.Mvc.ModelBinding.Binders.CancellationTokenModelBinderProvider, Microsoft.AspNetCore.Mvc.ModelBinding.Binders.ByteArrayModelBinderProvider, Microsoft.AspNetCore.Mvc.ModelBinding.Binders.FormFileModelBinderProvider, Microsoft.AspNetCore.Mvc.ModelBinding.Binders.FormCollectionModelBinderProvider, Microsoft.AspNetCore.Mvc.ModelBinding.Binders.KeyValuePairModelBinderProvider, Microsoft.AspNetCore.Mvc.ModelBinding.Binders.DictionaryModelBinderProvider, Microsoft.AspNetCore.Mvc.ModelBinding.Binders.ArrayModelBinderProvider, Microsoft.AspNetCore.Mvc.ModelBinding.Binders.CollectionModelBinderProvider, Microsoft.AspNetCore.Mvc.ModelBinding.Binders.ComplexObjectModelBinderProvider 
[15-12-2021 16:34:26] [Information] Route matched with {action = "Export", controller = "Books"}. Executing controller action with signature Microsoft.AspNetCore.Mvc.IActionResult Export(System.String) on controller LibraryWebApi.Controllers.BooksController (LibraryWebApi). 
[15-12-2021 16:34:26] [Debug] Execution plan of authorization filters (in the following order): None 
[15-12-2021 16:34:26] [Debug] Execution plan of resource filters (in the following order): Microsoft.AspNetCore.Mvc.ViewFeatures.Filters.SaveTempDataFilter 
[15-12-2021 16:34:26] [Debug] Execution plan of action filters (in the following order): Microsoft.AspNetCore.Mvc.ModelBinding.UnsupportedContentTypeFilter (Order: -3000), Microsoft.AspNetCore.Mvc.Infrastructure.ModelStateInvalidFilter (Order: -2000) 
[15-12-2021 16:34:26] [Debug] Execution plan of exception filters (in the following order): None 
[15-12-2021 16:34:26] [Debug] Execution plan of result filters (in the following order): Microsoft.AspNetCore.Mvc.ViewFeatures.Filters.SaveTempDataFilter, Microsoft.AspNetCore.Mvc.Infrastructure.ClientErrorResultFilter (Order: -2000) 
[15-12-2021 16:34:26] [Trace] Resource Filter: Before executing OnResourceExecuting on filter Microsoft.AspNetCore.Mvc.ViewFeatures.Filters.SaveTempDataFilter. 
[15-12-2021 16:34:27] [Trace] Resource Filter: After executing OnResourceExecuting on filter Microsoft.AspNetCore.Mvc.ViewFeatures.Filters.SaveTempDataFilter. 
[15-12-2021 16:34:27] [Debug] Executing controller factory for controller LibraryWebApi.Controllers.BooksController (LibraryWebApi) 
[15-12-2021 16:34:27] [Debug] Executed controller factory for controller LibraryWebApi.Controllers.BooksController (LibraryWebApi) 
[15-12-2021 16:34:27] [Debug] Attempting to bind parameter 'exportType' of type 'System.String' ... 
[15-12-2021 16:34:27] [Debug] Attempting to bind parameter 'exportType' of type 'System.String' using the name 'exportType' in request data ... 
[15-12-2021 16:34:27] [Debug] Done attempting to bind parameter 'exportType' of type 'System.String'. 
[15-12-2021 16:34:27] [Debug] Done attempting to bind parameter 'exportType' of type 'System.String'. 
[15-12-2021 16:34:27] [Debug] Attempting to validate the bound parameter 'exportType' of type 'System.String' ... 
[15-12-2021 16:34:27] [Debug] Done attempting to validate the bound parameter 'exportType' of type 'System.String'. 
[15-12-2021 16:34:27] [Trace] Action Filter: Before executing OnActionExecuting on filter Microsoft.AspNetCore.Mvc.ModelBinding.UnsupportedContentTypeFilter. 
[15-12-2021 16:34:27] [Trace] Action Filter: After executing OnActionExecuting on filter Microsoft.AspNetCore.Mvc.ModelBinding.UnsupportedContentTypeFilter. 
[15-12-2021 16:34:27] [Trace] Action Filter: Before executing OnActionExecuting on filter Microsoft.AspNetCore.Mvc.Infrastructure.ModelStateInvalidFilter. 
[15-12-2021 16:34:27] [Trace] Action Filter: After executing OnActionExecuting on filter Microsoft.AspNetCore.Mvc.Infrastructure.ModelStateInvalidFilter. 
[15-12-2021 16:34:27] [Information] Executing action method LibraryWebApi.Controllers.BooksController.Export (LibraryWebApi) - Validation state: Valid 
[15-12-2021 16:34:27] [Trace] Executing action method LibraryWebApi.Controllers.BooksController.Export (LibraryWebApi) with arguments (json) 
[15-12-2021 16:34:27] [Information] Request for export, export type json 
[15-12-2021 16:34:27] [Trace] Calling service for exporting json 
[15-12-2021 16:34:27] [Information] Executed action method LibraryWebApi.Controllers.BooksController.Export (LibraryWebApi), returned result Microsoft.AspNetCore.Mvc.FileStreamResult in 512.1627ms. 
[15-12-2021 16:34:27] [Trace] Action Filter: Before executing OnActionExecuted on filter Microsoft.AspNetCore.Mvc.Infrastructure.ModelStateInvalidFilter. 
[15-12-2021 16:34:27] [Trace] Action Filter: After executing OnActionExecuted on filter Microsoft.AspNetCore.Mvc.Infrastructure.ModelStateInvalidFilter. 
[15-12-2021 16:34:27] [Trace] Action Filter: Before executing OnActionExecuted on filter Microsoft.AspNetCore.Mvc.ModelBinding.UnsupportedContentTypeFilter. 
[15-12-2021 16:34:27] [Trace] Action Filter: After executing OnActionExecuted on filter Microsoft.AspNetCore.Mvc.ModelBinding.UnsupportedContentTypeFilter. 
[15-12-2021 16:34:27] [Trace] Result Filter: Before executing OnResultExecuting on filter Microsoft.AspNetCore.Mvc.ViewFeatures.Filters.SaveTempDataFilter. 
[15-12-2021 16:34:27] [Trace] Result Filter: After executing OnResultExecuting on filter Microsoft.AspNetCore.Mvc.ViewFeatures.Filters.SaveTempDataFilter. 
[15-12-2021 16:34:27] [Trace] Result Filter: Before executing OnResultExecuting on filter Microsoft.AspNetCore.Mvc.Infrastructure.ClientErrorResultFilter. 
[15-12-2021 16:34:27] [Trace] Result Filter: After executing OnResultExecuting on filter Microsoft.AspNetCore.Mvc.Infrastructure.ClientErrorResultFilter. 
[15-12-2021 16:34:27] [Trace] Before executing action result Microsoft.AspNetCore.Mvc.FileStreamResult. 
[15-12-2021 16:34:27] [Information] Executing FileStreamResult, sending file with download name 'exported.json' ... 
[15-12-2021 16:34:27] [Debug] The file result has not been enabled for processing range requests. To enable it, set the property 'EnableRangeProcessing' on the result to 'true'. 
[15-12-2021 16:34:27] [Trace] After executing action result Microsoft.AspNetCore.Mvc.FileStreamResult. 
[15-12-2021 16:34:27] [Trace] Result Filter: Before executing OnResultExecuted on filter Microsoft.AspNetCore.Mvc.Infrastructure.ClientErrorResultFilter. 
[15-12-2021 16:34:27] [Trace] Result Filter: After executing OnResultExecuted on filter Microsoft.AspNetCore.Mvc.Infrastructure.ClientErrorResultFilter. 
[15-12-2021 16:34:27] [Trace] Result Filter: Before executing OnResultExecuted on filter Microsoft.AspNetCore.Mvc.ViewFeatures.Filters.SaveTempDataFilter. 
[15-12-2021 16:34:27] [Trace] Result Filter: After executing OnResultExecuted on filter Microsoft.AspNetCore.Mvc.ViewFeatures.Filters.SaveTempDataFilter. 
[15-12-2021 16:34:27] [Trace] Resource Filter: Before executing OnResourceExecuted on filter Microsoft.AspNetCore.Mvc.ViewFeatures.Filters.SaveTempDataFilter. 
[15-12-2021 16:34:27] [Trace] Resource Filter: After executing OnResourceExecuted on filter Microsoft.AspNetCore.Mvc.ViewFeatures.Filters.SaveTempDataFilter. 
[15-12-2021 16:34:27] [Information] Executed action LibraryWebApi.Controllers.BooksController.Export (LibraryWebApi) in 676.2331ms 
[15-12-2021 16:34:27] [Information] Executed endpoint 'LibraryWebApi.Controllers.BooksController.Export (LibraryWebApi)' 
[15-12-2021 16:34:27] [Information] Request finished HTTP/1.1 GET http://localhost:53011/api/Books/Export?exportType=json - - - 200 811 application/json 810.8318ms 
[15-12-2021 16:34:30] [Information] Request starting HTTP/1.1 GET http://localhost:53011/api/Log - - 
[15-12-2021 16:34:30] [Trace] All hosts are allowed. 
[15-12-2021 16:34:30] [Debug] The request path  does not match the path filter 
[15-12-2021 16:34:30] [Debug] 1 candidate(s) found for the request path '/api/Log' 
[15-12-2021 16:34:30] [Debug] Endpoint 'LibraryWebApi.Controllers.LogController.GetLastLog (LibraryWebApi)' with route pattern 'api/Log' is valid for the request path '/api/Log' 
[15-12-2021 16:34:30] [Debug] Request matched endpoint 'LibraryWebApi.Controllers.LogController.GetLastLog (LibraryWebApi)' 
[15-12-2021 16:34:30] [Debug] AuthenticationScheme: Bearer was not authenticated. 
[15-12-2021 16:34:30] [Information] Executing endpoint 'LibraryWebApi.Controllers.LogController.GetLastLog (LibraryWebApi)' 
[15-12-2021 16:34:30] [Information] Route matched with {action = "GetLastLog", controller = "Log"}. Executing controller action with signature Microsoft.AspNetCore.Mvc.IActionResult GetLastLog() on controller LibraryWebApi.Controllers.LogController (LibraryWebApi). 
[15-12-2021 16:34:30] [Debug] Execution plan of authorization filters (in the following order): None 
[15-12-2021 16:34:30] [Debug] Execution plan of resource filters (in the following order): Microsoft.AspNetCore.Mvc.ViewFeatures.Filters.SaveTempDataFilter 
[15-12-2021 16:34:30] [Debug] Execution plan of action filters (in the following order): Microsoft.AspNetCore.Mvc.ModelBinding.UnsupportedContentTypeFilter (Order: -3000), Microsoft.AspNetCore.Mvc.Infrastructure.ModelStateInvalidFilter (Order: -2000) 
[15-12-2021 16:34:30] [Debug] Execution plan of exception filters (in the following order): None 
[15-12-2021 16:34:30] [Debug] Execution plan of result filters (in the following order): Microsoft.AspNetCore.Mvc.ViewFeatures.Filters.SaveTempDataFilter, Microsoft.AspNetCore.Mvc.Infrastructure.ClientErrorResultFilter (Order: -2000) 
[15-12-2021 16:34:30] [Trace] Resource Filter: Before executing OnResourceExecuting on filter Microsoft.AspNetCore.Mvc.ViewFeatures.Filters.SaveTempDataFilter. 
[15-12-2021 16:34:30] [Trace] Resource Filter: After executing OnResourceExecuting on filter Microsoft.AspNetCore.Mvc.ViewFeatures.Filters.SaveTempDataFilter. 
[15-12-2021 16:34:30] [Debug] Executing controller factory for controller LibraryWebApi.Controllers.LogController (LibraryWebApi) 
[15-12-2021 16:34:30] [Debug] Executed controller factory for controller LibraryWebApi.Controllers.LogController (LibraryWebApi) 
[15-12-2021 16:34:30] [Trace] Action Filter: Before executing OnActionExecuting on filter Microsoft.AspNetCore.Mvc.ModelBinding.UnsupportedContentTypeFilter. 
[15-12-2021 16:34:30] [Trace] Action Filter: After executing OnActionExecuting on filter Microsoft.AspNetCore.Mvc.ModelBinding.UnsupportedContentTypeFilter. 
[15-12-2021 16:34:30] [Trace] Action Filter: Before executing OnActionExecuting on filter Microsoft.AspNetCore.Mvc.Infrastructure.ModelStateInvalidFilter. 
[15-12-2021 16:34:31] [Trace] Action Filter: After executing OnActionExecuting on filter Microsoft.AspNetCore.Mvc.Infrastructure.ModelStateInvalidFilter. 
[15-12-2021 16:34:31] [Information] Executing action method LibraryWebApi.Controllers.LogController.GetLastLog (LibraryWebApi) - Validation state: Valid 
[15-12-2021 16:34:31] [Information] Executed action method LibraryWebApi.Controllers.LogController.GetLastLog (LibraryWebApi), returned result Microsoft.AspNetCore.Mvc.OkObjectResult in 3.1121ms. 
[15-12-2021 16:34:31] [Trace] Action Filter: Before executing OnActionExecuted on filter Microsoft.AspNetCore.Mvc.Infrastructure.ModelStateInvalidFilter. 
[15-12-2021 16:34:31] [Trace] Action Filter: After executing OnActionExecuted on filter Microsoft.AspNetCore.Mvc.Infrastructure.ModelStateInvalidFilter. 
[15-12-2021 16:34:31] [Trace] Action Filter: Before executing OnActionExecuted on filter Microsoft.AspNetCore.Mvc.ModelBinding.UnsupportedContentTypeFilter. 
[15-12-2021 16:34:31] [Trace] Action Filter: After executing OnActionExecuted on filter Microsoft.AspNetCore.Mvc.ModelBinding.UnsupportedContentTypeFilter. 
[15-12-2021 16:34:31] [Trace] Result Filter: Before executing OnResultExecuting on filter Microsoft.AspNetCore.Mvc.ViewFeatures.Filters.SaveTempDataFilter. 
[15-12-2021 16:34:31] [Trace] Result Filter: After executing OnResultExecuting on filter Microsoft.AspNetCore.Mvc.ViewFeatures.Filters.SaveTempDataFilter. 
[15-12-2021 16:34:31] [Trace] Result Filter: Before executing OnResultExecuting on filter Microsoft.AspNetCore.Mvc.Infrastructure.ClientErrorResultFilter. 
[15-12-2021 16:34:31] [Trace] Result Filter: After executing OnResultExecuting on filter Microsoft.AspNetCore.Mvc.Infrastructure.ClientErrorResultFilter. 
[15-12-2021 16:34:31] [Trace] Before executing action result Microsoft.AspNetCore.Mvc.OkObjectResult. 
[15-12-2021 16:34:31] [Debug] List of registered output formatters, in the following order: Microsoft.AspNetCore.Mvc.Formatters.HttpNoContentOutputFormatter, Microsoft.AspNetCore.Mvc.Formatters.StringOutputFormatter, Microsoft.AspNetCore.Mvc.Formatters.StreamOutputFormatter, Microsoft.AspNetCore.Mvc.Formatters.SystemTextJsonOutputFormatter 
[15-12-2021 16:34:31] [Debug] No information found on request to perform content negotiation. 
[15-12-2021 16:34:31] [Debug] Attempting to select an output formatter without using a content type as no explicit content types were specified for the response. 
[15-12-2021 16:34:31] [Debug] Attempting to select the first formatter in the output formatters list which can write the result. 
[15-12-2021 16:34:31] [Debug] Selected output formatter 'Microsoft.AspNetCore.Mvc.Formatters.StringOutputFormatter' and content type 'text/plain' to write the response. 
[15-12-2021 16:34:31] [Information] Executing OkObjectResult, writing value of type 'System.String'. 
[15-12-2021 16:34:31] [Trace] After executing action result Microsoft.AspNetCore.Mvc.OkObjectResult. 
[15-12-2021 16:34:31] [Trace] Result Filter: Before executing OnResultExecuted on filter Microsoft.AspNetCore.Mvc.Infrastructure.ClientErrorResultFilter. 
[15-12-2021 16:34:31] [Trace] Result Filter: After executing OnResultExecuted on filter Microsoft.AspNetCore.Mvc.Infrastructure.ClientErrorResultFilter. 
[15-12-2021 16:34:31] [Trace] Result Filter: Before executing OnResultExecuted on filter Microsoft.AspNetCore.Mvc.ViewFeatures.Filters.SaveTempDataFilter. 
[15-12-2021 16:34:31] [Trace] Result Filter: After executing OnResultExecuted on filter Microsoft.AspNetCore.Mvc.ViewFeatures.Filters.SaveTempDataFilter. 
[15-12-2021 16:34:31] [Trace] Resource Filter: Before executing OnResourceExecuted on filter Microsoft.AspNetCore.Mvc.ViewFeatures.Filters.SaveTempDataFilter. 
[15-12-2021 16:34:31] [Trace] Resource Filter: After executing OnResourceExecuted on filter Microsoft.AspNetCore.Mvc.ViewFeatures.Filters.SaveTempDataFilter. 
[15-12-2021 16:34:31] [Information] Executed action LibraryWebApi.Controllers.LogController.GetLastLog (LibraryWebApi) in 89.689ms 
[15-12-2021 16:34:31] [Information] Executed endpoint 'LibraryWebApi.Controllers.LogController.GetLastLog (LibraryWebApi)' 
[15-12-2021 16:34:31] [Information] Request finished HTTP/1.1 GET http://localhost:53011/api/Log - - - 200 - text/plain;+charset=utf-8 140.6834ms 
2021-12-15T16:57:24.2093352+02:00	DBUG	[Microsoft.Extensions.Hosting.Internal.Host]	[Starting]	Hosting starting
2021-12-15T16:57:24.2466273+02:00	INFO	[Microsoft.AspNetCore.DataProtection.KeyManagement.XmlKeyManager]	[UsingProfileAsKeyRepositoryWithDPAPI]	User profile is available. Using 'C:\Users\Andrey\AppData\Local\ASP.NET\DataProtection-Keys' as key repository and Windows DPAPI to encrypt keys at rest.
2021-12-15T16:57:24.2556349+02:00	DBUG	[Microsoft.AspNetCore.DataProtection.Repositories.FileSystemXmlRepository]	[ReadingDataFromFile]	Reading data from file 'C:\Users\Andrey\AppData\Local\ASP.NET\DataProtection-Keys\key-63abd01a-4070-4981-b6e3-39a168163237.xml'.
2021-12-15T16:57:24.2733103+02:00	DBUG	[Microsoft.AspNetCore.DataProtection.KeyManagement.XmlKeyManager]	[FoundKey]	Found key {63abd01a-4070-4981-b6e3-39a168163237}.
2021-12-15T16:57:24.2859478+02:00	DBUG	[Microsoft.AspNetCore.DataProtection.KeyManagement.DefaultKeyResolver]	[ConsideringKeyWithExpirationDateAsDefaultKey]	Considering key {63abd01a-4070-4981-b6e3-39a168163237} with expiration date 2022-02-23 14:03:57Z as default key.
2021-12-15T16:57:24.3182366+02:00	DBUG	[Microsoft.AspNetCore.DataProtection.TypeForwardingActivator]	[0]	Forwarded activator type request from Microsoft.AspNetCore.DataProtection.XmlEncryption.DpapiXmlDecryptor, Microsoft.AspNetCore.DataProtection, Version=5.0.0.0, Culture=neutral, PublicKeyToken=adb9793829ddae60 to Microsoft.AspNetCore.DataProtection.XmlEncryption.DpapiXmlDecryptor, Microsoft.AspNetCore.DataProtection, Culture=neutral, PublicKeyToken=adb9793829ddae60
2021-12-15T16:57:24.3234388+02:00	DBUG	[Microsoft.AspNetCore.DataProtection.XmlEncryption.DpapiXmlDecryptor]	[DecryptingSecretElementUsingWindowsDPAPI]	Decrypting secret element using Windows DPAPI.
2021-12-15T16:57:24.3262827+02:00	DBUG	[Microsoft.AspNetCore.DataProtection.TypeForwardingActivator]	[0]	Forwarded activator type request from Microsoft.AspNetCore.DataProtection.AuthenticatedEncryption.ConfigurationModel.AuthenticatedEncryptorDescriptorDeserializer, Microsoft.AspNetCore.DataProtection, Version=5.0.0.0, Culture=neutral, PublicKeyToken=adb9793829ddae60 to Microsoft.AspNetCore.DataProtection.AuthenticatedEncryption.ConfigurationModel.AuthenticatedEncryptorDescriptorDeserializer, Microsoft.AspNetCore.DataProtection, Culture=neutral, PublicKeyToken=adb9793829ddae60
2021-12-15T16:57:24.3329618+02:00	DBUG	[Microsoft.AspNetCore.DataProtection.AuthenticatedEncryption.CngCbcAuthenticatedEncryptorFactory]	[OpeningCNGAlgorithmFromProviderWithChainingModeCBC]	Opening CNG algorithm 'AES' from provider '(null)' with chaining mode CBC.
2021-12-15T16:57:24.3363155+02:00	DBUG	[Microsoft.AspNetCore.DataProtection.AuthenticatedEncryption.CngCbcAuthenticatedEncryptorFactory]	[OpeningCNGAlgorithmFromProviderWithHMAC]	Opening CNG algorithm 'SHA256' from provider '(null)' with HMAC.
2021-12-15T16:57:24.3413264+02:00	DBUG	[Microsoft.AspNetCore.DataProtection.KeyManagement.KeyRingProvider]	[UsingKeyAsDefaultKey]	Using key {63abd01a-4070-4981-b6e3-39a168163237} as the default key.
2021-12-15T16:57:24.3438475+02:00	DBUG	[Microsoft.AspNetCore.DataProtection.Internal.DataProtectionHostedService]	[KeyRingWasLoadedOnStartup]	Key ring with default key {63abd01a-4070-4981-b6e3-39a168163237} was loaded during application startup.
2021-12-15T16:57:24.5534855+02:00	DBUG	[Microsoft.AspNetCore.Hosting.Diagnostics]	[0]	Loaded hosting startup assembly LibraryWebApi
2021-12-15T16:57:24.5554072+02:00	INFO	[Microsoft.Hosting.Lifetime]	[0]	Application started. Press Ctrl+C to shut down.
2021-12-15T16:57:24.5569928+02:00	INFO	[Microsoft.Hosting.Lifetime]	[0]	Hosting environment: Development
2021-12-15T16:57:24.5584904+02:00	INFO	[Microsoft.Hosting.Lifetime]	[0]	Content root path: C:\Users\Andrey\source\repos\library_webapi
2021-12-15T16:57:24.5599842+02:00	DBUG	[Microsoft.Extensions.Hosting.Internal.Host]	[Started]	Hosting started
2021-12-15T16:57:24.5918905+02:00	INFO	[Microsoft.AspNetCore.Hosting.Diagnostics]	[RequestStarting]	Request starting HTTP/1.1 GET http://localhost:53011/ - -
2021-12-15T16:57:24.5950375+02:00	DBUG	[Microsoft.AspNetCore.HostFiltering.HostFilteringMiddleware]	[WildcardDetected]	Wildcard detected, all requests with hosts will be allowed.
2021-12-15T16:57:24.5968612+02:00	TRCE	[Microsoft.AspNetCore.HostFiltering.HostFilteringMiddleware]	[AllHostsAllowed]	All hosts are allowed.
2021-12-15T16:57:24.6220373+02:00	DBUG	[Microsoft.AspNetCore.StaticFiles.StaticFileMiddleware]	[PathMismatch]	The request path  does not match the path filter
2021-12-15T16:57:24.6371013+02:00	DBUG	[Microsoft.AspNetCore.Mvc.Razor.Compilation.DefaultViewCompiler]	[ViewCompilerNoCompiledViewsFound]	Initializing Razor view compiler with no compiled views.
2021-12-15T16:57:24.6674257+02:00	DBUG	[Microsoft.AspNetCore.Routing.Matching.DfaMatcher]	[CandidatesNotFound]	No candidates found for the request path '/'
2021-12-15T16:57:24.6693885+02:00	DBUG	[Microsoft.AspNetCore.Routing.EndpointRoutingMiddleware]	[MatchFailure]	Request did not match any endpoints
2021-12-15T16:57:24.7461194+02:00	DBUG	[Microsoft.AspNetCore.Authentication.JwtBearer.JwtBearerHandler]	[AuthenticationSchemeNotAuthenticated]	AuthenticationScheme: Bearer was not authenticated.
2021-12-15T16:57:24.7685354+02:00	INFO	[Microsoft.AspNetCore.Hosting.Diagnostics]	[RequestFinished]	Request finished HTTP/1.1 GET http://localhost:53011/ - - - 404 - - 178.7304ms
2021-12-15T16:57:32.9287992+02:00	INFO	[Microsoft.AspNetCore.Hosting.Diagnostics]	[RequestStarting]	Request starting HTTP/1.1 GET http://localhost:53011/api/Books/Export?exportType=json - -
2021-12-15T16:57:32.9305722+02:00	TRCE	[Microsoft.AspNetCore.HostFiltering.HostFilteringMiddleware]	[AllHostsAllowed]	All hosts are allowed.
2021-12-15T16:57:32.9327955+02:00	DBUG	[Microsoft.AspNetCore.StaticFiles.StaticFileMiddleware]	[PathMismatch]	The request path  does not match the path filter
2021-12-15T16:57:32.9508016+02:00	DBUG	[Microsoft.AspNetCore.Routing.Matching.DfaMatcher]	[CandidatesFound]	2 candidate(s) found for the request path '/api/Books/Export'
2021-12-15T16:57:32.9588740+02:00	DBUG	[Microsoft.AspNetCore.Routing.Matching.DfaMatcher]	[CandiateValid]	Endpoint 'LibraryWebApi.Controllers.BooksController.Export (LibraryWebApi)' with route pattern 'api/Books/Export' is valid for the request path '/api/Books/Export'
2021-12-15T16:57:32.9663753+02:00	DBUG	[Microsoft.AspNetCore.Routing.Matching.DfaMatcher]	[CandidateRejectedByConstraint]	Endpoint 'LibraryWebApi.Controllers.BooksController.Get (LibraryWebApi)' with route pattern 'api/Books/{id:int}' was rejected by constraint 'id':'Microsoft.AspNetCore.Routing.Constraints.IntRouteConstraint' with value 'Export' for the request path '/api/Books/Export'
2021-12-15T16:57:32.9684807+02:00	DBUG	[Microsoft.AspNetCore.Routing.Matching.DfaMatcher]	[CandiateNotValid]	Endpoint 'LibraryWebApi.Controllers.BooksController.Get (LibraryWebApi)' with route pattern 'api/Books/{id:int}' is not valid for the request path '/api/Books/Export'
2021-12-15T16:57:32.9711070+02:00	DBUG	[Microsoft.AspNetCore.Routing.EndpointRoutingMiddleware]	[MatchSuccess]	Request matched endpoint 'LibraryWebApi.Controllers.BooksController.Export (LibraryWebApi)'
2021-12-15T16:57:32.9788462+02:00	DBUG	[Microsoft.AspNetCore.Authentication.JwtBearer.JwtBearerHandler]	[AuthenticationSchemeNotAuthenticated]	AuthenticationScheme: Bearer was not authenticated.
2021-12-15T16:57:32.9818516+02:00	INFO	[Microsoft.AspNetCore.Routing.EndpointMiddleware]	[ExecutingEndpoint]	Executing endpoint 'LibraryWebApi.Controllers.BooksController.Export (LibraryWebApi)'
2021-12-15T16:57:32.9914137+02:00	DBUG	[Microsoft.AspNetCore.Mvc.ModelBinding.ModelBinderFactory]	[RegisteredModelBinderProviders]	Registered model binder providers, in the following order: Microsoft.AspNetCore.Mvc.ModelBinding.Binders.BinderTypeModelBinderProvider, Microsoft.AspNetCore.Mvc.ModelBinding.Binders.ServicesModelBinderProvider, Microsoft.AspNetCore.Mvc.ModelBinding.Binders.BodyModelBinderProvider, Microsoft.AspNetCore.Mvc.ModelBinding.Binders.HeaderModelBinderProvider, Microsoft.AspNetCore.Mvc.ModelBinding.Binders.FloatingPointTypeModelBinderProvider, Microsoft.AspNetCore.Mvc.ModelBinding.Binders.EnumTypeModelBinderProvider, Microsoft.AspNetCore.Mvc.ModelBinding.Binders.DateTimeModelBinderProvider, Microsoft.AspNetCore.Mvc.ModelBinding.Binders.SimpleTypeModelBinderProvider, Microsoft.AspNetCore.Mvc.ModelBinding.Binders.CancellationTokenModelBinderProvider, Microsoft.AspNetCore.Mvc.ModelBinding.Binders.ByteArrayModelBinderProvider, Microsoft.AspNetCore.Mvc.ModelBinding.Binders.FormFileModelBinderProvider, Microsoft.AspNetCore.Mvc.ModelBinding.Binders.FormCollectionModelBinderProvider, Microsoft.AspNetCore.Mvc.ModelBinding.Binders.KeyValuePairModelBinderProvider, Microsoft.AspNetCore.Mvc.ModelBinding.Binders.DictionaryModelBinderProvider, Microsoft.AspNetCore.Mvc.ModelBinding.Binders.ArrayModelBinderProvider, Microsoft.AspNetCore.Mvc.ModelBinding.Binders.CollectionModelBinderProvider, Microsoft.AspNetCore.Mvc.ModelBinding.Binders.ComplexObjectModelBinderProvider
2021-12-15T16:57:33.0319519+02:00	INFO	[Microsoft.AspNetCore.Mvc.Infrastructure.ControllerActionInvoker]	[ControllerActionExecuting]	Route matched with {action = "Export", controller = "Books"}. Executing controller action with signature Microsoft.AspNetCore.Mvc.IActionResult Export(System.String) on controller LibraryWebApi.Controllers.BooksController (LibraryWebApi).
2021-12-15T16:57:33.0348307+02:00	DBUG	[Microsoft.AspNetCore.Mvc.Infrastructure.ControllerActionInvoker]	[FilterExecutionPlan]	Execution plan of authorization filters (in the following order): None
2021-12-15T16:57:33.0370503+02:00	DBUG	[Microsoft.AspNetCore.Mvc.Infrastructure.ControllerActionInvoker]	[FilterExecutionPlan]	Execution plan of resource filters (in the following order): Microsoft.AspNetCore.Mvc.ViewFeatures.Filters.SaveTempDataFilter
2021-12-15T16:57:33.0390033+02:00	DBUG	[Microsoft.AspNetCore.Mvc.Infrastructure.ControllerActionInvoker]	[FilterExecutionPlan]	Execution plan of action filters (in the following order): Microsoft.AspNetCore.Mvc.ModelBinding.UnsupportedContentTypeFilter (Order: -3000), Microsoft.AspNetCore.Mvc.Infrastructure.ModelStateInvalidFilter (Order: -2000)
2021-12-15T16:57:33.0406471+02:00	DBUG	[Microsoft.AspNetCore.Mvc.Infrastructure.ControllerActionInvoker]	[FilterExecutionPlan]	Execution plan of exception filters (in the following order): None
2021-12-15T16:57:33.0423581+02:00	DBUG	[Microsoft.AspNetCore.Mvc.Infrastructure.ControllerActionInvoker]	[FilterExecutionPlan]	Execution plan of result filters (in the following order): Microsoft.AspNetCore.Mvc.ViewFeatures.Filters.SaveTempDataFilter, Microsoft.AspNetCore.Mvc.Infrastructure.ClientErrorResultFilter (Order: -2000)
2021-12-15T16:57:33.0451584+02:00	TRCE	[Microsoft.AspNetCore.Mvc.Infrastructure.ControllerActionInvoker]	[BeforeExecutingMethodOnFilter]	Resource Filter: Before executing OnResourceExecuting on filter Microsoft.AspNetCore.Mvc.ViewFeatures.Filters.SaveTempDataFilter.
2021-12-15T16:57:33.0473188+02:00	TRCE	[Microsoft.AspNetCore.Mvc.Infrastructure.ControllerActionInvoker]	[AfterExecutingMethodOnFilter]	Resource Filter: After executing OnResourceExecuting on filter Microsoft.AspNetCore.Mvc.ViewFeatures.Filters.SaveTempDataFilter.
2021-12-15T16:57:33.0497519+02:00	DBUG	[Microsoft.AspNetCore.Mvc.Infrastructure.ControllerActionInvoker]	[ControllerFactoryExecuting]	Executing controller factory for controller LibraryWebApi.Controllers.BooksController (LibraryWebApi)
2021-12-15T16:57:33.0547221+02:00	DBUG	[Microsoft.AspNetCore.Mvc.Infrastructure.ControllerActionInvoker]	[ControllerFactoryExecuted]	Executed controller factory for controller LibraryWebApi.Controllers.BooksController (LibraryWebApi)
2021-12-15T16:57:33.0651863+02:00	DBUG	[Microsoft.AspNetCore.Mvc.ModelBinding.ParameterBinder]	[AttemptingToBindParameter]	Attempting to bind parameter 'exportType' of type 'System.String' ...
2021-12-15T16:57:33.0703967+02:00	DBUG	[Microsoft.AspNetCore.Mvc.ModelBinding.Binders.SimpleTypeModelBinder]	[AttemptingToBindParameterModel]	Attempting to bind parameter 'exportType' of type 'System.String' using the name 'exportType' in request data ...
2021-12-15T16:57:33.0746347+02:00	DBUG	[Microsoft.AspNetCore.Mvc.ModelBinding.Binders.SimpleTypeModelBinder]	[DoneAttemptingToBindParameterModel]	Done attempting to bind parameter 'exportType' of type 'System.String'.
2021-12-15T16:57:33.0763986+02:00	DBUG	[Microsoft.AspNetCore.Mvc.ModelBinding.ParameterBinder]	[DoneAttemptingToBindParameter]	Done attempting to bind parameter 'exportType' of type 'System.String'.
2021-12-15T16:57:33.0778902+02:00	DBUG	[Microsoft.AspNetCore.Mvc.ModelBinding.ParameterBinder]	[AttemptingToValidateParameter]	Attempting to validate the bound parameter 'exportType' of type 'System.String' ...
2021-12-15T16:57:33.0953775+02:00	DBUG	[Microsoft.AspNetCore.Mvc.ModelBinding.ParameterBinder]	[DoneAttemptingToValidateParameter]	Done attempting to validate the bound parameter 'exportType' of type 'System.String'.
2021-12-15T16:57:33.0986876+02:00	TRCE	[Microsoft.AspNetCore.Mvc.Infrastructure.ControllerActionInvoker]	[BeforeExecutingMethodOnFilter]	Action Filter: Before executing OnActionExecuting on filter Microsoft.AspNetCore.Mvc.ModelBinding.UnsupportedContentTypeFilter.
2021-12-15T16:57:33.1008991+02:00	TRCE	[Microsoft.AspNetCore.Mvc.Infrastructure.ControllerActionInvoker]	[AfterExecutingMethodOnFilter]	Action Filter: After executing OnActionExecuting on filter Microsoft.AspNetCore.Mvc.ModelBinding.UnsupportedContentTypeFilter.
2021-12-15T16:57:33.1031797+02:00	TRCE	[Microsoft.AspNetCore.Mvc.Infrastructure.ControllerActionInvoker]	[BeforeExecutingMethodOnFilter]	Action Filter: Before executing OnActionExecuting on filter Microsoft.AspNetCore.Mvc.Infrastructure.ModelStateInvalidFilter.
2021-12-15T16:57:33.1073869+02:00	TRCE	[Microsoft.AspNetCore.Mvc.Infrastructure.ControllerActionInvoker]	[AfterExecutingMethodOnFilter]	Action Filter: After executing OnActionExecuting on filter Microsoft.AspNetCore.Mvc.Infrastructure.ModelStateInvalidFilter.
2021-12-15T16:57:33.1157500+02:00	INFO	[Microsoft.AspNetCore.Mvc.Infrastructure.ControllerActionInvoker]	[ActionMethodExecuting]	Executing action method LibraryWebApi.Controllers.BooksController.Export (LibraryWebApi) - Validation state: Valid
2021-12-15T16:57:33.1183618+02:00	TRCE	[Microsoft.AspNetCore.Mvc.Infrastructure.ControllerActionInvoker]	[ActionMethodExecutingWithArguments]	Executing action method LibraryWebApi.Controllers.BooksController.Export (LibraryWebApi) with arguments (json)
2021-12-15T16:57:35.7784784+02:00	INFO	[LibraryWebApi.Controllers.BooksController]	[0]	Request for export, export type json
2021-12-15T16:57:38.5904518+02:00	TRCE	[LibraryWebApi.Controllers.BooksController]	[0]	Calling service for exporting json
2021-12-15T16:57:42.1247052+02:00	INFO	[Microsoft.AspNetCore.Mvc.Infrastructure.ControllerActionInvoker]	[ActionMethodExecuted]	Executed action method LibraryWebApi.Controllers.BooksController.Export (LibraryWebApi), returned result Microsoft.AspNetCore.Mvc.FileStreamResult in 8997.8451ms.
2021-12-15T16:57:42.1267360+02:00	TRCE	[Microsoft.AspNetCore.Mvc.Infrastructure.ControllerActionInvoker]	[BeforeExecutingMethodOnFilter]	Action Filter: Before executing OnActionExecuted on filter Microsoft.AspNetCore.Mvc.Infrastructure.ModelStateInvalidFilter.
2021-12-15T16:57:42.1288247+02:00	TRCE	[Microsoft.AspNetCore.Mvc.Infrastructure.ControllerActionInvoker]	[AfterExecutingMethodOnFilter]	Action Filter: After executing OnActionExecuted on filter Microsoft.AspNetCore.Mvc.Infrastructure.ModelStateInvalidFilter.
2021-12-15T16:57:42.1306792+02:00	TRCE	[Microsoft.AspNetCore.Mvc.Infrastructure.ControllerActionInvoker]	[BeforeExecutingMethodOnFilter]	Action Filter: Before executing OnActionExecuted on filter Microsoft.AspNetCore.Mvc.ModelBinding.UnsupportedContentTypeFilter.
2021-12-15T16:57:42.1325681+02:00	TRCE	[Microsoft.AspNetCore.Mvc.Infrastructure.ControllerActionInvoker]	[AfterExecutingMethodOnFilter]	Action Filter: After executing OnActionExecuted on filter Microsoft.AspNetCore.Mvc.ModelBinding.UnsupportedContentTypeFilter.
2021-12-15T16:57:42.1350498+02:00	TRCE	[Microsoft.AspNetCore.Mvc.Infrastructure.ControllerActionInvoker]	[BeforeExecutingMethodOnFilter]	Result Filter: Before executing OnResultExecuting on filter Microsoft.AspNetCore.Mvc.ViewFeatures.Filters.SaveTempDataFilter.
2021-12-15T16:57:42.1371443+02:00	TRCE	[Microsoft.AspNetCore.Mvc.Infrastructure.ControllerActionInvoker]	[AfterExecutingMethodOnFilter]	Result Filter: After executing OnResultExecuting on filter Microsoft.AspNetCore.Mvc.ViewFeatures.Filters.SaveTempDataFilter.
2021-12-15T16:57:42.1391354+02:00	TRCE	[Microsoft.AspNetCore.Mvc.Infrastructure.ControllerActionInvoker]	[BeforeExecutingMethodOnFilter]	Result Filter: Before executing OnResultExecuting on filter Microsoft.AspNetCore.Mvc.Infrastructure.ClientErrorResultFilter.
2021-12-15T16:57:42.1408366+02:00	TRCE	[Microsoft.AspNetCore.Mvc.Infrastructure.ControllerActionInvoker]	[AfterExecutingMethodOnFilter]	Result Filter: After executing OnResultExecuting on filter Microsoft.AspNetCore.Mvc.Infrastructure.ClientErrorResultFilter.
2021-12-15T16:57:42.1438119+02:00	TRCE	[Microsoft.AspNetCore.Mvc.Infrastructure.ControllerActionInvoker]	[BeforeExecutingActionResult]	Before executing action result Microsoft.AspNetCore.Mvc.FileStreamResult.
2021-12-15T16:57:42.1464242+02:00	INFO	[Microsoft.AspNetCore.Mvc.Infrastructure.FileStreamResultExecutor]	[ExecutingFileResultWithNoFileName]	Executing FileStreamResult, sending file with download name 'exported.json' ...
2021-12-15T16:57:42.1574776+02:00	DBUG	[Microsoft.AspNetCore.Mvc.Infrastructure.FileStreamResultExecutor]	[NotEnabledForRangeProcessing]	The file result has not been enabled for processing range requests. To enable it, set the property 'EnableRangeProcessing' on the result to 'true'.
2021-12-15T16:57:42.1655493+02:00	TRCE	[Microsoft.AspNetCore.Mvc.Infrastructure.ControllerActionInvoker]	[AfterExecutingActionResult]	After executing action result Microsoft.AspNetCore.Mvc.FileStreamResult.
2021-12-15T16:57:42.1675415+02:00	TRCE	[Microsoft.AspNetCore.Mvc.Infrastructure.ControllerActionInvoker]	[BeforeExecutingMethodOnFilter]	Result Filter: Before executing OnResultExecuted on filter Microsoft.AspNetCore.Mvc.Infrastructure.ClientErrorResultFilter.
2021-12-15T16:57:42.1697386+02:00	TRCE	[Microsoft.AspNetCore.Mvc.Infrastructure.ControllerActionInvoker]	[AfterExecutingMethodOnFilter]	Result Filter: After executing OnResultExecuted on filter Microsoft.AspNetCore.Mvc.Infrastructure.ClientErrorResultFilter.
2021-12-15T16:57:42.1718330+02:00	TRCE	[Microsoft.AspNetCore.Mvc.Infrastructure.ControllerActionInvoker]	[BeforeExecutingMethodOnFilter]	Result Filter: Before executing OnResultExecuted on filter Microsoft.AspNetCore.Mvc.ViewFeatures.Filters.SaveTempDataFilter.
2021-12-15T16:57:42.1736650+02:00	TRCE	[Microsoft.AspNetCore.Mvc.Infrastructure.ControllerActionInvoker]	[AfterExecutingMethodOnFilter]	Result Filter: After executing OnResultExecuted on filter Microsoft.AspNetCore.Mvc.ViewFeatures.Filters.SaveTempDataFilter.
2021-12-15T16:57:42.1759246+02:00	TRCE	[Microsoft.AspNetCore.Mvc.Infrastructure.ControllerActionInvoker]	[BeforeExecutingMethodOnFilter]	Resource Filter: Before executing OnResourceExecuted on filter Microsoft.AspNetCore.Mvc.ViewFeatures.Filters.SaveTempDataFilter.
2021-12-15T16:57:42.1779122+02:00	TRCE	[Microsoft.AspNetCore.Mvc.Infrastructure.ControllerActionInvoker]	[AfterExecutingMethodOnFilter]	Resource Filter: After executing OnResourceExecuted on filter Microsoft.AspNetCore.Mvc.ViewFeatures.Filters.SaveTempDataFilter.
2021-12-15T16:57:42.1851884+02:00	INFO	[Microsoft.AspNetCore.Mvc.Infrastructure.ControllerActionInvoker]	[ActionExecuted]	Executed action LibraryWebApi.Controllers.BooksController.Export (LibraryWebApi) in 9135.6302ms
2021-12-15T16:57:42.1876947+02:00	INFO	[Microsoft.AspNetCore.Routing.EndpointMiddleware]	[ExecutedEndpoint]	Executed endpoint 'LibraryWebApi.Controllers.BooksController.Export (LibraryWebApi)'
2021-12-15T16:57:42.1909453+02:00	INFO	[Microsoft.AspNetCore.Hosting.Diagnostics]	[RequestFinished]	Request finished HTTP/1.1 GET http://localhost:53011/api/Books/Export?exportType=json - - - 200 811 application/json 9261.1817ms
2021-12-15T16:58:10.3335235+02:00	INFO	[Microsoft.AspNetCore.Hosting.Diagnostics]	[RequestStarting]	Request starting HTTP/1.1 GET http://localhost:53011/api/log - -
2021-12-15T16:58:10.3361238+02:00	TRCE	[Microsoft.AspNetCore.HostFiltering.HostFilteringMiddleware]	[AllHostsAllowed]	All hosts are allowed.
2021-12-15T16:58:10.3399919+02:00	DBUG	[Microsoft.AspNetCore.StaticFiles.StaticFileMiddleware]	[PathMismatch]	The request path  does not match the path filter
2021-12-15T16:58:10.3437677+02:00	DBUG	[Microsoft.AspNetCore.Routing.Matching.DfaMatcher]	[CandidatesFound]	1 candidate(s) found for the request path '/api/log'
2021-12-15T16:58:10.3459297+02:00	DBUG	[Microsoft.AspNetCore.Routing.Matching.DfaMatcher]	[CandiateValid]	Endpoint 'LibraryWebApi.Controllers.LogController.GetLastLog (LibraryWebApi)' with route pattern 'api/Log' is valid for the request path '/api/log'
2021-12-15T16:58:10.3480542+02:00	DBUG	[Microsoft.AspNetCore.Routing.EndpointRoutingMiddleware]	[MatchSuccess]	Request matched endpoint 'LibraryWebApi.Controllers.LogController.GetLastLog (LibraryWebApi)'
2021-12-15T16:58:10.3535500+02:00	DBUG	[Microsoft.AspNetCore.Authentication.JwtBearer.JwtBearerHandler]	[AuthenticationSchemeNotAuthenticated]	AuthenticationScheme: Bearer was not authenticated.
2021-12-15T16:58:10.3555933+02:00	INFO	[Microsoft.AspNetCore.Routing.EndpointMiddleware]	[ExecutingEndpoint]	Executing endpoint 'LibraryWebApi.Controllers.LogController.GetLastLog (LibraryWebApi)'
2021-12-15T16:58:10.3596892+02:00	INFO	[Microsoft.AspNetCore.Mvc.Infrastructure.ControllerActionInvoker]	[ControllerActionExecuting]	Route matched with {action = "GetLastLog", controller = "Log"}. Executing controller action with signature Microsoft.AspNetCore.Mvc.IActionResult GetLastLog() on controller LibraryWebApi.Controllers.LogController (LibraryWebApi).
2021-12-15T16:58:10.3614327+02:00	DBUG	[Microsoft.AspNetCore.Mvc.Infrastructure.ControllerActionInvoker]	[FilterExecutionPlan]	Execution plan of authorization filters (in the following order): None
2021-12-15T16:58:10.3629100+02:00	DBUG	[Microsoft.AspNetCore.Mvc.Infrastructure.ControllerActionInvoker]	[FilterExecutionPlan]	Execution plan of resource filters (in the following order): Microsoft.AspNetCore.Mvc.ViewFeatures.Filters.SaveTempDataFilter
2021-12-15T16:58:10.3644199+02:00	DBUG	[Microsoft.AspNetCore.Mvc.Infrastructure.ControllerActionInvoker]	[FilterExecutionPlan]	Execution plan of action filters (in the following order): Microsoft.AspNetCore.Mvc.ModelBinding.UnsupportedContentTypeFilter (Order: -3000), Microsoft.AspNetCore.Mvc.Infrastructure.ModelStateInvalidFilter (Order: -2000)
2021-12-15T16:58:10.3662137+02:00	DBUG	[Microsoft.AspNetCore.Mvc.Infrastructure.ControllerActionInvoker]	[FilterExecutionPlan]	Execution plan of exception filters (in the following order): None
2021-12-15T16:58:10.3689656+02:00	DBUG	[Microsoft.AspNetCore.Mvc.Infrastructure.ControllerActionInvoker]	[FilterExecutionPlan]	Execution plan of result filters (in the following order): Microsoft.AspNetCore.Mvc.ViewFeatures.Filters.SaveTempDataFilter, Microsoft.AspNetCore.Mvc.Infrastructure.ClientErrorResultFilter (Order: -2000)
2021-12-15T16:58:10.3707462+02:00	TRCE	[Microsoft.AspNetCore.Mvc.Infrastructure.ControllerActionInvoker]	[BeforeExecutingMethodOnFilter]	Resource Filter: Before executing OnResourceExecuting on filter Microsoft.AspNetCore.Mvc.ViewFeatures.Filters.SaveTempDataFilter.
2021-12-15T16:58:10.3724822+02:00	TRCE	[Microsoft.AspNetCore.Mvc.Infrastructure.ControllerActionInvoker]	[AfterExecutingMethodOnFilter]	Resource Filter: After executing OnResourceExecuting on filter Microsoft.AspNetCore.Mvc.ViewFeatures.Filters.SaveTempDataFilter.
2021-12-15T16:58:10.3742041+02:00	DBUG	[Microsoft.AspNetCore.Mvc.Infrastructure.ControllerActionInvoker]	[ControllerFactoryExecuting]	Executing controller factory for controller LibraryWebApi.Controllers.LogController (LibraryWebApi)
2021-12-15T16:58:10.3770860+02:00	DBUG	[Microsoft.AspNetCore.Mvc.Infrastructure.ControllerActionInvoker]	[ControllerFactoryExecuted]	Executed controller factory for controller LibraryWebApi.Controllers.LogController (LibraryWebApi)
2021-12-15T16:58:10.3789177+02:00	TRCE	[Microsoft.AspNetCore.Mvc.Infrastructure.ControllerActionInvoker]	[BeforeExecutingMethodOnFilter]	Action Filter: Before executing OnActionExecuting on filter Microsoft.AspNetCore.Mvc.ModelBinding.UnsupportedContentTypeFilter.
2021-12-15T16:58:10.3809670+02:00	TRCE	[Microsoft.AspNetCore.Mvc.Infrastructure.ControllerActionInvoker]	[AfterExecutingMethodOnFilter]	Action Filter: After executing OnActionExecuting on filter Microsoft.AspNetCore.Mvc.ModelBinding.UnsupportedContentTypeFilter.
2021-12-15T16:58:10.3831205+02:00	TRCE	[Microsoft.AspNetCore.Mvc.Infrastructure.ControllerActionInvoker]	[BeforeExecutingMethodOnFilter]	Action Filter: Before executing OnActionExecuting on filter Microsoft.AspNetCore.Mvc.Infrastructure.ModelStateInvalidFilter.
2021-12-15T16:58:10.3850936+02:00	TRCE	[Microsoft.AspNetCore.Mvc.Infrastructure.ControllerActionInvoker]	[AfterExecutingMethodOnFilter]	Action Filter: After executing OnActionExecuting on filter Microsoft.AspNetCore.Mvc.Infrastructure.ModelStateInvalidFilter.
2021-12-15T16:58:10.3868946+02:00	INFO	[Microsoft.AspNetCore.Mvc.Infrastructure.ControllerActionInvoker]	[ActionMethodExecuting]	Executing action method LibraryWebApi.Controllers.LogController.GetLastLog (LibraryWebApi) - Validation state: Valid
