2021-12-17T14:21:58.5293720+02:00	DBUG	[Microsoft.Extensions.Hosting.Internal.Host]	[Starting]	Hosting starting
2021-12-17T14:21:58.6514108+02:00	INFO	[Microsoft.AspNetCore.DataProtection.KeyManagement.XmlKeyManager]	[UsingProfileAsKeyRepositoryWithDPAPI]	User profile is available. Using 'C:\Users\Andrey\AppData\Local\ASP.NET\DataProtection-Keys' as key repository and Windows DPAPI to encrypt keys at rest.
2021-12-17T14:21:58.6730315+02:00	DBUG	[Microsoft.AspNetCore.DataProtection.Repositories.FileSystemXmlRepository]	[ReadingDataFromFile]	Reading data from file 'C:\Users\Andrey\AppData\Local\ASP.NET\DataProtection-Keys\key-63abd01a-4070-4981-b6e3-39a168163237.xml'.
2021-12-17T14:21:58.7273200+02:00	DBUG	[Microsoft.AspNetCore.DataProtection.KeyManagement.XmlKeyManager]	[FoundKey]	Found key {63abd01a-4070-4981-b6e3-39a168163237}.
2021-12-17T14:21:58.7517620+02:00	DBUG	[Microsoft.AspNetCore.DataProtection.KeyManagement.DefaultKeyResolver]	[ConsideringKeyWithExpirationDateAsDefaultKey]	Considering key {63abd01a-4070-4981-b6e3-39a168163237} with expiration date 2022-02-23 14:03:57Z as default key.
2021-12-17T14:21:58.8143503+02:00	DBUG	[Microsoft.AspNetCore.DataProtection.TypeForwardingActivator]	[0]	Forwarded activator type request from Microsoft.AspNetCore.DataProtection.XmlEncryption.DpapiXmlDecryptor, Microsoft.AspNetCore.DataProtection, Version=5.0.0.0, Culture=neutral, PublicKeyToken=adb9793829ddae60 to Microsoft.AspNetCore.DataProtection.XmlEncryption.DpapiXmlDecryptor, Microsoft.AspNetCore.DataProtection, Culture=neutral, PublicKeyToken=adb9793829ddae60
2021-12-17T14:21:58.8204154+02:00	DBUG	[Microsoft.AspNetCore.DataProtection.XmlEncryption.DpapiXmlDecryptor]	[DecryptingSecretElementUsingWindowsDPAPI]	Decrypting secret element using Windows DPAPI.
2021-12-17T14:21:58.8272370+02:00	DBUG	[Microsoft.AspNetCore.DataProtection.TypeForwardingActivator]	[0]	Forwarded activator type request from Microsoft.AspNetCore.DataProtection.AuthenticatedEncryption.ConfigurationModel.AuthenticatedEncryptorDescriptorDeserializer, Microsoft.AspNetCore.DataProtection, Version=5.0.0.0, Culture=neutral, PublicKeyToken=adb9793829ddae60 to Microsoft.AspNetCore.DataProtection.AuthenticatedEncryption.ConfigurationModel.AuthenticatedEncryptorDescriptorDeserializer, Microsoft.AspNetCore.DataProtection, Culture=neutral, PublicKeyToken=adb9793829ddae60
2021-12-17T14:21:58.8461281+02:00	DBUG	[Microsoft.AspNetCore.DataProtection.AuthenticatedEncryption.CngCbcAuthenticatedEncryptorFactory]	[OpeningCNGAlgorithmFromProviderWithChainingModeCBC]	Opening CNG algorithm 'AES' from provider '(null)' with chaining mode CBC.
2021-12-17T14:21:58.8524384+02:00	DBUG	[Microsoft.AspNetCore.DataProtection.AuthenticatedEncryption.CngCbcAuthenticatedEncryptorFactory]	[OpeningCNGAlgorithmFromProviderWithHMAC]	Opening CNG algorithm 'SHA256' from provider '(null)' with HMAC.
2021-12-17T14:21:58.8593799+02:00	DBUG	[Microsoft.AspNetCore.DataProtection.KeyManagement.KeyRingProvider]	[UsingKeyAsDefaultKey]	Using key {63abd01a-4070-4981-b6e3-39a168163237} as the default key.
2021-12-17T14:21:58.8620482+02:00	DBUG	[Microsoft.AspNetCore.DataProtection.Internal.DataProtectionHostedService]	[KeyRingWasLoadedOnStartup]	Key ring with default key {63abd01a-4070-4981-b6e3-39a168163237} was loaded during application startup.
2021-12-17T14:21:59.2478631+02:00	DBUG	[Microsoft.AspNetCore.Hosting.Diagnostics]	[0]	Loaded hosting startup assembly LibraryWebApi
2021-12-17T14:21:59.2710171+02:00	INFO	[Microsoft.Hosting.Lifetime]	[0]	Application started. Press Ctrl+C to shut down.
2021-12-17T14:21:59.2851004+02:00	INFO	[Microsoft.Hosting.Lifetime]	[0]	Hosting environment: Development
2021-12-17T14:21:59.2893888+02:00	INFO	[Microsoft.Hosting.Lifetime]	[0]	Content root path: C:\Users\Andrey\source\repos\library_webapi
2021-12-17T14:21:59.2925360+02:00	DBUG	[Microsoft.Extensions.Hosting.Internal.Host]	[Started]	Hosting started
2021-12-17T14:21:59.3610392+02:00	INFO	[Microsoft.AspNetCore.Hosting.Diagnostics]	[RequestStarting]	Request starting HTTP/1.1 GET http://localhost:53011/ - -
2021-12-17T14:21:59.3724193+02:00	DBUG	[Microsoft.AspNetCore.HostFiltering.HostFilteringMiddleware]	[WildcardDetected]	Wildcard detected, all requests with hosts will be allowed.
2021-12-17T14:21:59.3764383+02:00	TRCE	[Microsoft.AspNetCore.HostFiltering.HostFilteringMiddleware]	[AllHostsAllowed]	All hosts are allowed.
2021-12-17T14:21:59.4348576+02:00	DBUG	[Microsoft.AspNetCore.StaticFiles.StaticFileMiddleware]	[PathMismatch]	The request path  does not match the path filter
2021-12-17T14:21:59.4508727+02:00	DBUG	[Microsoft.AspNetCore.Mvc.Razor.Compilation.DefaultViewCompiler]	[ViewCompilerNoCompiledViewsFound]	Initializing Razor view compiler with no compiled views.
2021-12-17T14:21:59.4659822+02:00	DBUG	[Microsoft.AspNetCore.Routing.Matching.DfaMatcher]	[CandidatesNotFound]	No candidates found for the request path '/'
2021-12-17T14:21:59.4686191+02:00	DBUG	[Microsoft.AspNetCore.Routing.EndpointRoutingMiddleware]	[MatchFailure]	Request did not match any endpoints
2021-12-17T14:21:59.6256279+02:00	DBUG	[Microsoft.AspNetCore.Authentication.JwtBearer.JwtBearerHandler]	[AuthenticationSchemeNotAuthenticated]	AuthenticationScheme: Bearer was not authenticated.
2021-12-17T14:21:59.6683605+02:00	INFO	[Microsoft.AspNetCore.Hosting.Diagnostics]	[RequestFinished]	Request finished HTTP/1.1 GET http://localhost:53011/ - - - 404 - - 313.3746ms
2021-12-17T14:21:59.7641556+02:00	INFO	[Microsoft.AspNetCore.Hosting.Diagnostics]	[RequestStarting]	Request starting HTTP/1.1 GET http://localhost:53011/favicon.ico - -
2021-12-17T14:21:59.7665825+02:00	TRCE	[Microsoft.AspNetCore.HostFiltering.HostFilteringMiddleware]	[AllHostsAllowed]	All hosts are allowed.
2021-12-17T14:21:59.7790159+02:00	DBUG	[Microsoft.AspNetCore.StaticFiles.StaticFileMiddleware]	[PathMismatch]	The request path  does not match the path filter
2021-12-17T14:21:59.7816501+02:00	DBUG	[Microsoft.AspNetCore.Routing.Matching.DfaMatcher]	[CandidatesNotFound]	No candidates found for the request path '/favicon.ico'
2021-12-17T14:21:59.7839423+02:00	DBUG	[Microsoft.AspNetCore.Routing.EndpointRoutingMiddleware]	[MatchFailure]	Request did not match any endpoints
2021-12-17T14:21:59.7995425+02:00	DBUG	[Microsoft.AspNetCore.Authentication.JwtBearer.JwtBearerHandler]	[AuthenticationSchemeNotAuthenticated]	AuthenticationScheme: Bearer was not authenticated.
2021-12-17T14:21:59.8118235+02:00	INFO	[Microsoft.AspNetCore.Hosting.Diagnostics]	[RequestFinished]	Request finished HTTP/1.1 GET http://localhost:53011/favicon.ico - - - 404 - - 41.3719ms
2021-12-17T14:43:53.3694017+02:00	DBUG	[Microsoft.Extensions.Hosting.Internal.Host]	[Starting]	Hosting starting
2021-12-17T14:43:53.4489873+02:00	INFO	[Microsoft.AspNetCore.DataProtection.KeyManagement.XmlKeyManager]	[UsingProfileAsKeyRepositoryWithDPAPI]	User profile is available. Using 'C:\Users\Andrey\AppData\Local\ASP.NET\DataProtection-Keys' as key repository and Windows DPAPI to encrypt keys at rest.
2021-12-17T14:43:53.4703946+02:00	DBUG	[Microsoft.AspNetCore.DataProtection.Repositories.FileSystemXmlRepository]	[ReadingDataFromFile]	Reading data from file 'C:\Users\Andrey\AppData\Local\ASP.NET\DataProtection-Keys\key-63abd01a-4070-4981-b6e3-39a168163237.xml'.
2021-12-17T14:43:53.5212954+02:00	DBUG	[Microsoft.AspNetCore.DataProtection.KeyManagement.XmlKeyManager]	[FoundKey]	Found key {63abd01a-4070-4981-b6e3-39a168163237}.
2021-12-17T14:43:53.5421084+02:00	DBUG	[Microsoft.AspNetCore.DataProtection.KeyManagement.DefaultKeyResolver]	[ConsideringKeyWithExpirationDateAsDefaultKey]	Considering key {63abd01a-4070-4981-b6e3-39a168163237} with expiration date 2022-02-23 14:03:57Z as default key.
2021-12-17T14:43:53.5828003+02:00	DBUG	[Microsoft.AspNetCore.DataProtection.TypeForwardingActivator]	[0]	Forwarded activator type request from Microsoft.AspNetCore.DataProtection.XmlEncryption.DpapiXmlDecryptor, Microsoft.AspNetCore.DataProtection, Version=5.0.0.0, Culture=neutral, PublicKeyToken=adb9793829ddae60 to Microsoft.AspNetCore.DataProtection.XmlEncryption.DpapiXmlDecryptor, Microsoft.AspNetCore.DataProtection, Culture=neutral, PublicKeyToken=adb9793829ddae60
2021-12-17T14:43:53.5884182+02:00	DBUG	[Microsoft.AspNetCore.DataProtection.XmlEncryption.DpapiXmlDecryptor]	[DecryptingSecretElementUsingWindowsDPAPI]	Decrypting secret element using Windows DPAPI.
2021-12-17T14:43:53.5918962+02:00	DBUG	[Microsoft.AspNetCore.DataProtection.TypeForwardingActivator]	[0]	Forwarded activator type request from Microsoft.AspNetCore.DataProtection.AuthenticatedEncryption.ConfigurationModel.AuthenticatedEncryptorDescriptorDeserializer, Microsoft.AspNetCore.DataProtection, Version=5.0.0.0, Culture=neutral, PublicKeyToken=adb9793829ddae60 to Microsoft.AspNetCore.DataProtection.AuthenticatedEncryption.ConfigurationModel.AuthenticatedEncryptorDescriptorDeserializer, Microsoft.AspNetCore.DataProtection, Culture=neutral, PublicKeyToken=adb9793829ddae60
2021-12-17T14:43:53.5999486+02:00	DBUG	[Microsoft.AspNetCore.DataProtection.AuthenticatedEncryption.CngCbcAuthenticatedEncryptorFactory]	[OpeningCNGAlgorithmFromProviderWithChainingModeCBC]	Opening CNG algorithm 'AES' from provider '(null)' with chaining mode CBC.
2021-12-17T14:43:53.6039559+02:00	DBUG	[Microsoft.AspNetCore.DataProtection.AuthenticatedEncryption.CngCbcAuthenticatedEncryptorFactory]	[OpeningCNGAlgorithmFromProviderWithHMAC]	Opening CNG algorithm 'SHA256' from provider '(null)' with HMAC.
2021-12-17T14:43:53.6090935+02:00	DBUG	[Microsoft.AspNetCore.DataProtection.KeyManagement.KeyRingProvider]	[UsingKeyAsDefaultKey]	Using key {63abd01a-4070-4981-b6e3-39a168163237} as the default key.
2021-12-17T14:43:53.6113716+02:00	DBUG	[Microsoft.AspNetCore.DataProtection.Internal.DataProtectionHostedService]	[KeyRingWasLoadedOnStartup]	Key ring with default key {63abd01a-4070-4981-b6e3-39a168163237} was loaded during application startup.
2021-12-17T14:43:53.8100219+02:00	DBUG	[Microsoft.AspNetCore.Hosting.Diagnostics]	[0]	Loaded hosting startup assembly LibraryWebApi
2021-12-17T14:43:53.8123470+02:00	INFO	[Microsoft.Hosting.Lifetime]	[0]	Application started. Press Ctrl+C to shut down.
2021-12-17T14:43:53.8151542+02:00	INFO	[Microsoft.Hosting.Lifetime]	[0]	Hosting environment: Development
2021-12-17T14:43:53.8177699+02:00	INFO	[Microsoft.Hosting.Lifetime]	[0]	Content root path: C:\Users\Andrey\source\repos\library_webapi
2021-12-17T14:43:53.8225065+02:00	DBUG	[Microsoft.Extensions.Hosting.Internal.Host]	[Started]	Hosting started
2021-12-17T14:43:53.8799248+02:00	INFO	[Microsoft.AspNetCore.Hosting.Diagnostics]	[RequestStarting]	Request starting HTTP/1.1 GET http://localhost:53011/ - -
2021-12-17T14:43:53.8836893+02:00	DBUG	[Microsoft.AspNetCore.HostFiltering.HostFilteringMiddleware]	[WildcardDetected]	Wildcard detected, all requests with hosts will be allowed.
2021-12-17T14:43:53.8864207+02:00	TRCE	[Microsoft.AspNetCore.HostFiltering.HostFilteringMiddleware]	[AllHostsAllowed]	All hosts are allowed.
2021-12-17T14:43:53.9264599+02:00	DBUG	[Microsoft.AspNetCore.StaticFiles.StaticFileMiddleware]	[PathMismatch]	The request path  does not match the path filter
2021-12-17T14:43:53.9407067+02:00	DBUG	[Microsoft.AspNetCore.Mvc.Razor.Compilation.DefaultViewCompiler]	[ViewCompilerNoCompiledViewsFound]	Initializing Razor view compiler with no compiled views.
2021-12-17T14:43:53.9522673+02:00	DBUG	[Microsoft.AspNetCore.Routing.Matching.DfaMatcher]	[CandidatesNotFound]	No candidates found for the request path '/'
2021-12-17T14:43:53.9544998+02:00	DBUG	[Microsoft.AspNetCore.Routing.EndpointRoutingMiddleware]	[MatchFailure]	Request did not match any endpoints
2021-12-17T14:43:54.0753006+02:00	DBUG	[Microsoft.AspNetCore.Authentication.JwtBearer.JwtBearerHandler]	[AuthenticationSchemeNotAuthenticated]	AuthenticationScheme: Bearer was not authenticated.
2021-12-17T14:43:54.1232915+02:00	INFO	[Microsoft.AspNetCore.Hosting.Diagnostics]	[RequestFinished]	Request finished HTTP/1.1 GET http://localhost:53011/ - - - 404 - - 239.8056ms
2021-12-17T14:43:54.2121900+02:00	INFO	[Microsoft.AspNetCore.Hosting.Diagnostics]	[RequestStarting]	Request starting HTTP/1.1 GET http://localhost:53011/favicon.ico - -
2021-12-17T14:43:54.2154790+02:00	TRCE	[Microsoft.AspNetCore.HostFiltering.HostFilteringMiddleware]	[AllHostsAllowed]	All hosts are allowed.
2021-12-17T14:43:54.2208583+02:00	DBUG	[Microsoft.AspNetCore.StaticFiles.StaticFileMiddleware]	[PathMismatch]	The request path  does not match the path filter
2021-12-17T14:43:54.2256696+02:00	DBUG	[Microsoft.AspNetCore.Routing.Matching.DfaMatcher]	[CandidatesNotFound]	No candidates found for the request path '/favicon.ico'
2021-12-17T14:43:54.2332947+02:00	DBUG	[Microsoft.AspNetCore.Routing.EndpointRoutingMiddleware]	[MatchFailure]	Request did not match any endpoints
2021-12-17T14:43:54.2438283+02:00	DBUG	[Microsoft.AspNetCore.Authentication.JwtBearer.JwtBearerHandler]	[AuthenticationSchemeNotAuthenticated]	AuthenticationScheme: Bearer was not authenticated.
2021-12-17T14:43:54.2574741+02:00	INFO	[Microsoft.AspNetCore.Hosting.Diagnostics]	[RequestFinished]	Request finished HTTP/1.1 GET http://localhost:53011/favicon.ico - - - 404 - - 45.1410ms
2021-12-17T14:43:58.4894335+02:00	INFO	[Microsoft.AspNetCore.Hosting.Diagnostics]	[RequestStarting]	Request starting HTTP/1.1 GET http://localhost:53011/api/books - -
2021-12-17T14:43:58.4906574+02:00	TRCE	[Microsoft.AspNetCore.HostFiltering.HostFilteringMiddleware]	[AllHostsAllowed]	All hosts are allowed.
2021-12-17T14:43:58.4926015+02:00	DBUG	[Microsoft.AspNetCore.StaticFiles.StaticFileMiddleware]	[PathMismatch]	The request path  does not match the path filter
2021-12-17T14:43:58.4941334+02:00	DBUG	[Microsoft.AspNetCore.Routing.Matching.DfaMatcher]	[CandidatesNotFound]	No candidates found for the request path '/api/books'
2021-12-17T14:43:58.4956017+02:00	DBUG	[Microsoft.AspNetCore.Routing.EndpointRoutingMiddleware]	[MatchFailure]	Request did not match any endpoints
2021-12-17T14:43:58.4992727+02:00	DBUG	[Microsoft.AspNetCore.Authentication.JwtBearer.JwtBearerHandler]	[AuthenticationSchemeNotAuthenticated]	AuthenticationScheme: Bearer was not authenticated.
2021-12-17T14:43:58.5034482+02:00	INFO	[Microsoft.AspNetCore.Hosting.Diagnostics]	[RequestFinished]	Request finished HTTP/1.1 GET http://localhost:53011/api/books - - - 404 - - 13.3067ms
2021-12-17T14:45:38.1984307+02:00	DBUG	[Microsoft.Extensions.Hosting.Internal.Host]	[Starting]	Hosting starting
2021-12-17T14:45:38.2463522+02:00	INFO	[Microsoft.AspNetCore.DataProtection.KeyManagement.XmlKeyManager]	[UsingProfileAsKeyRepositoryWithDPAPI]	User profile is available. Using 'C:\Users\Andrey\AppData\Local\ASP.NET\DataProtection-Keys' as key repository and Windows DPAPI to encrypt keys at rest.
2021-12-17T14:45:38.2570223+02:00	DBUG	[Microsoft.AspNetCore.DataProtection.Repositories.FileSystemXmlRepository]	[ReadingDataFromFile]	Reading data from file 'C:\Users\Andrey\AppData\Local\ASP.NET\DataProtection-Keys\key-63abd01a-4070-4981-b6e3-39a168163237.xml'.
2021-12-17T14:45:38.2743883+02:00	DBUG	[Microsoft.AspNetCore.DataProtection.KeyManagement.XmlKeyManager]	[FoundKey]	Found key {63abd01a-4070-4981-b6e3-39a168163237}.
2021-12-17T14:45:38.2887245+02:00	DBUG	[Microsoft.AspNetCore.DataProtection.KeyManagement.DefaultKeyResolver]	[ConsideringKeyWithExpirationDateAsDefaultKey]	Considering key {63abd01a-4070-4981-b6e3-39a168163237} with expiration date 2022-02-23 14:03:57Z as default key.
2021-12-17T14:45:38.3470161+02:00	DBUG	[Microsoft.AspNetCore.DataProtection.TypeForwardingActivator]	[0]	Forwarded activator type request from Microsoft.AspNetCore.DataProtection.XmlEncryption.DpapiXmlDecryptor, Microsoft.AspNetCore.DataProtection, Version=5.0.0.0, Culture=neutral, PublicKeyToken=adb9793829ddae60 to Microsoft.AspNetCore.DataProtection.XmlEncryption.DpapiXmlDecryptor, Microsoft.AspNetCore.DataProtection, Culture=neutral, PublicKeyToken=adb9793829ddae60
2021-12-17T14:45:38.3545158+02:00	DBUG	[Microsoft.AspNetCore.DataProtection.XmlEncryption.DpapiXmlDecryptor]	[DecryptingSecretElementUsingWindowsDPAPI]	Decrypting secret element using Windows DPAPI.
2021-12-17T14:45:38.3579557+02:00	DBUG	[Microsoft.AspNetCore.DataProtection.TypeForwardingActivator]	[0]	Forwarded activator type request from Microsoft.AspNetCore.DataProtection.AuthenticatedEncryption.ConfigurationModel.AuthenticatedEncryptorDescriptorDeserializer, Microsoft.AspNetCore.DataProtection, Version=5.0.0.0, Culture=neutral, PublicKeyToken=adb9793829ddae60 to Microsoft.AspNetCore.DataProtection.AuthenticatedEncryption.ConfigurationModel.AuthenticatedEncryptorDescriptorDeserializer, Microsoft.AspNetCore.DataProtection, Culture=neutral, PublicKeyToken=adb9793829ddae60
2021-12-17T14:45:38.3663904+02:00	DBUG	[Microsoft.AspNetCore.DataProtection.AuthenticatedEncryption.CngCbcAuthenticatedEncryptorFactory]	[OpeningCNGAlgorithmFromProviderWithChainingModeCBC]	Opening CNG algorithm 'AES' from provider '(null)' with chaining mode CBC.
2021-12-17T14:45:38.3702813+02:00	DBUG	[Microsoft.AspNetCore.DataProtection.AuthenticatedEncryption.CngCbcAuthenticatedEncryptorFactory]	[OpeningCNGAlgorithmFromProviderWithHMAC]	Opening CNG algorithm 'SHA256' from provider '(null)' with HMAC.
2021-12-17T14:45:38.3776868+02:00	DBUG	[Microsoft.AspNetCore.DataProtection.KeyManagement.KeyRingProvider]	[UsingKeyAsDefaultKey]	Using key {63abd01a-4070-4981-b6e3-39a168163237} as the default key.
2021-12-17T14:45:38.3807480+02:00	DBUG	[Microsoft.AspNetCore.DataProtection.Internal.DataProtectionHostedService]	[KeyRingWasLoadedOnStartup]	Key ring with default key {63abd01a-4070-4981-b6e3-39a168163237} was loaded during application startup.
2021-12-17T14:45:48.2289591+02:00	DBUG	[Microsoft.AspNetCore.Hosting.Diagnostics]	[0]	Loaded hosting startup assembly LibraryWebApi
2021-12-17T14:45:48.2306815+02:00	INFO	[Microsoft.Hosting.Lifetime]	[0]	Application started. Press Ctrl+C to shut down.
2021-12-17T14:45:48.2326720+02:00	INFO	[Microsoft.Hosting.Lifetime]	[0]	Hosting environment: Development
2021-12-17T14:45:48.2381361+02:00	INFO	[Microsoft.Hosting.Lifetime]	[0]	Content root path: C:\Users\Andrey\source\repos\library_webapi
2021-12-17T14:45:48.2397213+02:00	DBUG	[Microsoft.Extensions.Hosting.Internal.Host]	[Started]	Hosting started
2021-12-17T14:45:48.2667476+02:00	INFO	[Microsoft.AspNetCore.Hosting.Diagnostics]	[RequestStarting]	Request starting HTTP/1.1 GET http://localhost:53011/ - -
2021-12-17T14:45:48.2698956+02:00	DBUG	[Microsoft.AspNetCore.HostFiltering.HostFilteringMiddleware]	[WildcardDetected]	Wildcard detected, all requests with hosts will be allowed.
2021-12-17T14:45:48.2720030+02:00	TRCE	[Microsoft.AspNetCore.HostFiltering.HostFilteringMiddleware]	[AllHostsAllowed]	All hosts are allowed.
2021-12-17T14:45:48.2948161+02:00	DBUG	[Microsoft.AspNetCore.StaticFiles.StaticFileMiddleware]	[PathMismatch]	The request path  does not match the path filter
2021-12-17T14:45:48.3015741+02:00	DBUG	[Microsoft.AspNetCore.Mvc.Razor.Compilation.DefaultViewCompiler]	[ViewCompilerNoCompiledViewsFound]	Initializing Razor view compiler with no compiled views.
2021-12-17T14:45:48.3098122+02:00	DBUG	[Microsoft.AspNetCore.Routing.Matching.DfaMatcher]	[CandidatesNotFound]	No candidates found for the request path '/'
2021-12-17T14:45:48.3117816+02:00	DBUG	[Microsoft.AspNetCore.Routing.EndpointRoutingMiddleware]	[MatchFailure]	Request did not match any endpoints
2021-12-17T14:45:48.3831152+02:00	DBUG	[Microsoft.AspNetCore.Authentication.JwtBearer.JwtBearerHandler]	[AuthenticationSchemeNotAuthenticated]	AuthenticationScheme: Bearer was not authenticated.
2021-12-17T14:45:48.4119680+02:00	INFO	[Microsoft.AspNetCore.Hosting.Diagnostics]	[RequestFinished]	Request finished HTTP/1.1 GET http://localhost:53011/ - - - 404 - - 145.2436ms
2021-12-17T14:46:05.6967671+02:00	INFO	[Microsoft.AspNetCore.Hosting.Diagnostics]	[RequestStarting]	Request starting HTTP/1.1 GET http://localhost:53011/ - -
2021-12-17T14:46:05.6988739+02:00	TRCE	[Microsoft.AspNetCore.HostFiltering.HostFilteringMiddleware]	[AllHostsAllowed]	All hosts are allowed.
2021-12-17T14:46:05.7010433+02:00	DBUG	[Microsoft.AspNetCore.StaticFiles.StaticFileMiddleware]	[PathMismatch]	The request path  does not match the path filter
2021-12-17T14:46:05.7050461+02:00	DBUG	[Microsoft.AspNetCore.Routing.Matching.DfaMatcher]	[CandidatesNotFound]	No candidates found for the request path '/'
2021-12-17T14:46:05.7073295+02:00	DBUG	[Microsoft.AspNetCore.Routing.EndpointRoutingMiddleware]	[MatchFailure]	Request did not match any endpoints
2021-12-17T14:46:05.7095294+02:00	DBUG	[Microsoft.AspNetCore.Authentication.JwtBearer.JwtBearerHandler]	[AuthenticationSchemeNotAuthenticated]	AuthenticationScheme: Bearer was not authenticated.
2021-12-17T14:46:05.7132777+02:00	INFO	[Microsoft.AspNetCore.Hosting.Diagnostics]	[RequestFinished]	Request finished HTTP/1.1 GET http://localhost:53011/ - - - 404 - - 16.5907ms
2021-12-17T14:48:11.1292884+02:00	DBUG	[Microsoft.Extensions.Hosting.Internal.Host]	[Starting]	Hosting starting
2021-12-17T14:48:11.1772536+02:00	INFO	[Microsoft.AspNetCore.DataProtection.KeyManagement.XmlKeyManager]	[UsingProfileAsKeyRepositoryWithDPAPI]	User profile is available. Using 'C:\Users\Andrey\AppData\Local\ASP.NET\DataProtection-Keys' as key repository and Windows DPAPI to encrypt keys at rest.
2021-12-17T14:48:11.1886632+02:00	DBUG	[Microsoft.AspNetCore.DataProtection.Repositories.FileSystemXmlRepository]	[ReadingDataFromFile]	Reading data from file 'C:\Users\Andrey\AppData\Local\ASP.NET\DataProtection-Keys\key-63abd01a-4070-4981-b6e3-39a168163237.xml'.
2021-12-17T14:48:11.2117932+02:00	DBUG	[Microsoft.AspNetCore.DataProtection.KeyManagement.XmlKeyManager]	[FoundKey]	Found key {63abd01a-4070-4981-b6e3-39a168163237}.
2021-12-17T14:48:11.2316069+02:00	DBUG	[Microsoft.AspNetCore.DataProtection.KeyManagement.DefaultKeyResolver]	[ConsideringKeyWithExpirationDateAsDefaultKey]	Considering key {63abd01a-4070-4981-b6e3-39a168163237} with expiration date 2022-02-23 14:03:57Z as default key.
2021-12-17T14:48:11.2660435+02:00	DBUG	[Microsoft.AspNetCore.DataProtection.TypeForwardingActivator]	[0]	Forwarded activator type request from Microsoft.AspNetCore.DataProtection.XmlEncryption.DpapiXmlDecryptor, Microsoft.AspNetCore.DataProtection, Version=5.0.0.0, Culture=neutral, PublicKeyToken=adb9793829ddae60 to Microsoft.AspNetCore.DataProtection.XmlEncryption.DpapiXmlDecryptor, Microsoft.AspNetCore.DataProtection, Culture=neutral, PublicKeyToken=adb9793829ddae60
2021-12-17T14:48:11.2714526+02:00	DBUG	[Microsoft.AspNetCore.DataProtection.XmlEncryption.DpapiXmlDecryptor]	[DecryptingSecretElementUsingWindowsDPAPI]	Decrypting secret element using Windows DPAPI.
2021-12-17T14:48:11.2743728+02:00	DBUG	[Microsoft.AspNetCore.DataProtection.TypeForwardingActivator]	[0]	Forwarded activator type request from Microsoft.AspNetCore.DataProtection.AuthenticatedEncryption.ConfigurationModel.AuthenticatedEncryptorDescriptorDeserializer, Microsoft.AspNetCore.DataProtection, Version=5.0.0.0, Culture=neutral, PublicKeyToken=adb9793829ddae60 to Microsoft.AspNetCore.DataProtection.AuthenticatedEncryption.ConfigurationModel.AuthenticatedEncryptorDescriptorDeserializer, Microsoft.AspNetCore.DataProtection, Culture=neutral, PublicKeyToken=adb9793829ddae60
2021-12-17T14:48:11.2803285+02:00	DBUG	[Microsoft.AspNetCore.DataProtection.AuthenticatedEncryption.CngCbcAuthenticatedEncryptorFactory]	[OpeningCNGAlgorithmFromProviderWithChainingModeCBC]	Opening CNG algorithm 'AES' from provider '(null)' with chaining mode CBC.
2021-12-17T14:48:11.2836147+02:00	DBUG	[Microsoft.AspNetCore.DataProtection.AuthenticatedEncryption.CngCbcAuthenticatedEncryptorFactory]	[OpeningCNGAlgorithmFromProviderWithHMAC]	Opening CNG algorithm 'SHA256' from provider '(null)' with HMAC.
2021-12-17T14:48:11.2885855+02:00	DBUG	[Microsoft.AspNetCore.DataProtection.KeyManagement.KeyRingProvider]	[UsingKeyAsDefaultKey]	Using key {63abd01a-4070-4981-b6e3-39a168163237} as the default key.
2021-12-17T14:48:11.2908746+02:00	DBUG	[Microsoft.AspNetCore.DataProtection.Internal.DataProtectionHostedService]	[KeyRingWasLoadedOnStartup]	Key ring with default key {63abd01a-4070-4981-b6e3-39a168163237} was loaded during application startup.
2021-12-17T14:48:11.4003515+02:00	DBUG	[Microsoft.AspNetCore.Hosting.Diagnostics]	[0]	Loaded hosting startup assembly LibraryWebApi
2021-12-17T14:48:11.4022865+02:00	INFO	[Microsoft.Hosting.Lifetime]	[0]	Application started. Press Ctrl+C to shut down.
2021-12-17T14:48:11.4040129+02:00	INFO	[Microsoft.Hosting.Lifetime]	[0]	Hosting environment: Development
2021-12-17T14:48:11.4054358+02:00	INFO	[Microsoft.Hosting.Lifetime]	[0]	Content root path: C:\Users\Andrey\source\repos\library_webapi
2021-12-17T14:48:11.4130526+02:00	DBUG	[Microsoft.Extensions.Hosting.Internal.Host]	[Started]	Hosting started
2021-12-17T14:48:11.4550392+02:00	INFO	[Microsoft.AspNetCore.Hosting.Diagnostics]	[RequestStarting]	Request starting HTTP/1.1 GET http://localhost:53011/ - -
2021-12-17T14:48:11.4582813+02:00	DBUG	[Microsoft.AspNetCore.HostFiltering.HostFilteringMiddleware]	[WildcardDetected]	Wildcard detected, all requests with hosts will be allowed.
2021-12-17T14:48:11.4600040+02:00	TRCE	[Microsoft.AspNetCore.HostFiltering.HostFilteringMiddleware]	[AllHostsAllowed]	All hosts are allowed.
2021-12-17T14:48:11.4856037+02:00	DBUG	[Microsoft.AspNetCore.StaticFiles.StaticFileMiddleware]	[PathMismatch]	The request path  does not match the path filter
2021-12-17T14:48:11.4941760+02:00	DBUG	[Microsoft.AspNetCore.Mvc.Razor.Compilation.DefaultViewCompiler]	[ViewCompilerNoCompiledViewsFound]	Initializing Razor view compiler with no compiled views.
2021-12-17T14:48:11.5021610+02:00	DBUG	[Microsoft.AspNetCore.Routing.Matching.DfaMatcher]	[CandidatesNotFound]	No candidates found for the request path '/'
2021-12-17T14:48:11.5039907+02:00	DBUG	[Microsoft.AspNetCore.Routing.EndpointRoutingMiddleware]	[MatchFailure]	Request did not match any endpoints
2021-12-17T14:48:11.5724481+02:00	DBUG	[Microsoft.AspNetCore.Authentication.JwtBearer.JwtBearerHandler]	[AuthenticationSchemeNotAuthenticated]	AuthenticationScheme: Bearer was not authenticated.
2021-12-17T14:48:11.5919836+02:00	INFO	[Microsoft.AspNetCore.Hosting.Diagnostics]	[RequestFinished]	Request finished HTTP/1.1 GET http://localhost:53011/ - - - 404 - - 139.2908ms
2021-12-17T14:48:18.9422772+02:00	INFO	[Microsoft.AspNetCore.Hosting.Diagnostics]	[RequestStarting]	Request starting HTTP/1.1 GET http://localhost:53011/api/log - -
2021-12-17T14:48:18.9438765+02:00	TRCE	[Microsoft.AspNetCore.HostFiltering.HostFilteringMiddleware]	[AllHostsAllowed]	All hosts are allowed.
2021-12-17T14:48:18.9461164+02:00	DBUG	[Microsoft.AspNetCore.StaticFiles.StaticFileMiddleware]	[PathMismatch]	The request path  does not match the path filter
2021-12-17T14:48:18.9478161+02:00	DBUG	[Microsoft.AspNetCore.Routing.Matching.DfaMatcher]	[CandidatesNotFound]	No candidates found for the request path '/api/log'
2021-12-17T14:48:18.9495514+02:00	DBUG	[Microsoft.AspNetCore.Routing.EndpointRoutingMiddleware]	[MatchFailure]	Request did not match any endpoints
2021-12-17T14:48:18.9579836+02:00	DBUG	[Microsoft.AspNetCore.Authentication.JwtBearer.JwtBearerHandler]	[AuthenticationSchemeNotAuthenticated]	AuthenticationScheme: Bearer was not authenticated.
2021-12-17T14:48:18.9659486+02:00	INFO	[Microsoft.AspNetCore.Hosting.Diagnostics]	[RequestFinished]	Request finished HTTP/1.1 GET http://localhost:53011/api/log - - - 404 - - 23.0588ms
2021-12-17T14:49:06.2596031+02:00	DBUG	[Microsoft.Extensions.Hosting.Internal.Host]	[Starting]	Hosting starting
2021-12-17T14:49:06.3307577+02:00	INFO	[Microsoft.AspNetCore.DataProtection.KeyManagement.XmlKeyManager]	[UsingProfileAsKeyRepositoryWithDPAPI]	User profile is available. Using 'C:\Users\Andrey\AppData\Local\ASP.NET\DataProtection-Keys' as key repository and Windows DPAPI to encrypt keys at rest.
2021-12-17T14:49:06.3512161+02:00	DBUG	[Microsoft.AspNetCore.DataProtection.Repositories.FileSystemXmlRepository]	[ReadingDataFromFile]	Reading data from file 'C:\Users\Andrey\AppData\Local\ASP.NET\DataProtection-Keys\key-63abd01a-4070-4981-b6e3-39a168163237.xml'.
2021-12-17T14:49:06.3754484+02:00	DBUG	[Microsoft.AspNetCore.DataProtection.KeyManagement.XmlKeyManager]	[FoundKey]	Found key {63abd01a-4070-4981-b6e3-39a168163237}.
2021-12-17T14:49:06.4002731+02:00	DBUG	[Microsoft.AspNetCore.DataProtection.KeyManagement.DefaultKeyResolver]	[ConsideringKeyWithExpirationDateAsDefaultKey]	Considering key {63abd01a-4070-4981-b6e3-39a168163237} with expiration date 2022-02-23 14:03:57Z as default key.
2021-12-17T14:49:06.4569344+02:00	DBUG	[Microsoft.AspNetCore.DataProtection.TypeForwardingActivator]	[0]	Forwarded activator type request from Microsoft.AspNetCore.DataProtection.XmlEncryption.DpapiXmlDecryptor, Microsoft.AspNetCore.DataProtection, Version=5.0.0.0, Culture=neutral, PublicKeyToken=adb9793829ddae60 to Microsoft.AspNetCore.DataProtection.XmlEncryption.DpapiXmlDecryptor, Microsoft.AspNetCore.DataProtection, Culture=neutral, PublicKeyToken=adb9793829ddae60
2021-12-17T14:49:06.4645884+02:00	DBUG	[Microsoft.AspNetCore.DataProtection.XmlEncryption.DpapiXmlDecryptor]	[DecryptingSecretElementUsingWindowsDPAPI]	Decrypting secret element using Windows DPAPI.
2021-12-17T14:49:06.4683780+02:00	DBUG	[Microsoft.AspNetCore.DataProtection.TypeForwardingActivator]	[0]	Forwarded activator type request from Microsoft.AspNetCore.DataProtection.AuthenticatedEncryption.ConfigurationModel.AuthenticatedEncryptorDescriptorDeserializer, Microsoft.AspNetCore.DataProtection, Version=5.0.0.0, Culture=neutral, PublicKeyToken=adb9793829ddae60 to Microsoft.AspNetCore.DataProtection.AuthenticatedEncryption.ConfigurationModel.AuthenticatedEncryptorDescriptorDeserializer, Microsoft.AspNetCore.DataProtection, Culture=neutral, PublicKeyToken=adb9793829ddae60
2021-12-17T14:49:06.4811950+02:00	DBUG	[Microsoft.AspNetCore.DataProtection.AuthenticatedEncryption.CngCbcAuthenticatedEncryptorFactory]	[OpeningCNGAlgorithmFromProviderWithChainingModeCBC]	Opening CNG algorithm 'AES' from provider '(null)' with chaining mode CBC.
2021-12-17T14:49:06.4867482+02:00	DBUG	[Microsoft.AspNetCore.DataProtection.AuthenticatedEncryption.CngCbcAuthenticatedEncryptorFactory]	[OpeningCNGAlgorithmFromProviderWithHMAC]	Opening CNG algorithm 'SHA256' from provider '(null)' with HMAC.
2021-12-17T14:49:06.4972648+02:00	DBUG	[Microsoft.AspNetCore.DataProtection.KeyManagement.KeyRingProvider]	[UsingKeyAsDefaultKey]	Using key {63abd01a-4070-4981-b6e3-39a168163237} as the default key.
2021-12-17T14:49:06.5008819+02:00	DBUG	[Microsoft.AspNetCore.DataProtection.Internal.DataProtectionHostedService]	[KeyRingWasLoadedOnStartup]	Key ring with default key {63abd01a-4070-4981-b6e3-39a168163237} was loaded during application startup.
2021-12-17T14:49:06.6722044+02:00	DBUG	[Microsoft.AspNetCore.Hosting.Diagnostics]	[0]	Loaded hosting startup assembly LibraryWebApi
2021-12-17T14:49:06.6741856+02:00	INFO	[Microsoft.Hosting.Lifetime]	[0]	Application started. Press Ctrl+C to shut down.
2021-12-17T14:49:06.6759917+02:00	INFO	[Microsoft.Hosting.Lifetime]	[0]	Hosting environment: Development
2021-12-17T14:49:06.6781063+02:00	INFO	[Microsoft.Hosting.Lifetime]	[0]	Content root path: C:\Users\Andrey\source\repos\library_webapi
2021-12-17T14:49:06.6852242+02:00	DBUG	[Microsoft.Extensions.Hosting.Internal.Host]	[Started]	Hosting started
2021-12-17T14:49:06.7242729+02:00	INFO	[Microsoft.AspNetCore.Hosting.Diagnostics]	[RequestStarting]	Request starting HTTP/1.1 GET http://localhost:53011/ - -
2021-12-17T14:49:06.7289628+02:00	DBUG	[Microsoft.AspNetCore.HostFiltering.HostFilteringMiddleware]	[WildcardDetected]	Wildcard detected, all requests with hosts will be allowed.
2021-12-17T14:49:06.7313309+02:00	TRCE	[Microsoft.AspNetCore.HostFiltering.HostFilteringMiddleware]	[AllHostsAllowed]	All hosts are allowed.
2021-12-17T14:49:06.7699583+02:00	DBUG	[Microsoft.AspNetCore.StaticFiles.StaticFileMiddleware]	[PathMismatch]	The request path  does not match the path filter
2021-12-17T14:49:06.7790239+02:00	DBUG	[Microsoft.AspNetCore.Mvc.Razor.Compilation.DefaultViewCompiler]	[ViewCompilerNoCompiledViewsFound]	Initializing Razor view compiler with no compiled views.
2021-12-17T14:49:06.7892495+02:00	DBUG	[Microsoft.AspNetCore.Routing.Matching.DfaMatcher]	[CandidatesNotFound]	No candidates found for the request path '/'
2021-12-17T14:49:06.7912728+02:00	DBUG	[Microsoft.AspNetCore.Routing.EndpointRoutingMiddleware]	[MatchFailure]	Request did not match any endpoints
2021-12-17T14:49:06.8903390+02:00	DBUG	[Microsoft.AspNetCore.Authentication.JwtBearer.JwtBearerHandler]	[AuthenticationSchemeNotAuthenticated]	AuthenticationScheme: Bearer was not authenticated.
2021-12-17T14:49:06.9188254+02:00	INFO	[Microsoft.AspNetCore.Hosting.Diagnostics]	[RequestFinished]	Request finished HTTP/1.1 GET http://localhost:53011/ - - - 404 - - 194.7119ms
2021-12-17T14:49:11.0697826+02:00	INFO	[Microsoft.AspNetCore.Hosting.Diagnostics]	[RequestStarting]	Request starting HTTP/1.1 GET http://localhost:53011/api/logs - -
2021-12-17T14:49:11.0713365+02:00	TRCE	[Microsoft.AspNetCore.HostFiltering.HostFilteringMiddleware]	[AllHostsAllowed]	All hosts are allowed.
2021-12-17T14:49:11.0764529+02:00	DBUG	[Microsoft.AspNetCore.StaticFiles.StaticFileMiddleware]	[PathMismatch]	The request path  does not match the path filter
2021-12-17T14:49:11.0802883+02:00	DBUG	[Microsoft.AspNetCore.Routing.Matching.DfaMatcher]	[CandidatesNotFound]	No candidates found for the request path '/api/logs'
2021-12-17T14:49:11.0826260+02:00	DBUG	[Microsoft.AspNetCore.Routing.EndpointRoutingMiddleware]	[MatchFailure]	Request did not match any endpoints
2021-12-17T14:49:11.0876019+02:00	DBUG	[Microsoft.AspNetCore.Authentication.JwtBearer.JwtBearerHandler]	[AuthenticationSchemeNotAuthenticated]	AuthenticationScheme: Bearer was not authenticated.
2021-12-17T14:49:11.0986628+02:00	INFO	[Microsoft.AspNetCore.Hosting.Diagnostics]	[RequestFinished]	Request finished HTTP/1.1 GET http://localhost:53011/api/logs - - - 404 - - 26.8055ms
2021-12-17T14:52:43.4327521+02:00	DBUG	[Microsoft.Extensions.Hosting.Internal.Host]	[Starting]	Hosting starting
2021-12-17T14:52:43.4795856+02:00	INFO	[Microsoft.AspNetCore.DataProtection.KeyManagement.XmlKeyManager]	[UsingProfileAsKeyRepositoryWithDPAPI]	User profile is available. Using 'C:\Users\Andrey\AppData\Local\ASP.NET\DataProtection-Keys' as key repository and Windows DPAPI to encrypt keys at rest.
2021-12-17T14:52:43.4896108+02:00	DBUG	[Microsoft.AspNetCore.DataProtection.Repositories.FileSystemXmlRepository]	[ReadingDataFromFile]	Reading data from file 'C:\Users\Andrey\AppData\Local\ASP.NET\DataProtection-Keys\key-63abd01a-4070-4981-b6e3-39a168163237.xml'.
2021-12-17T14:52:43.5074843+02:00	DBUG	[Microsoft.AspNetCore.DataProtection.KeyManagement.XmlKeyManager]	[FoundKey]	Found key {63abd01a-4070-4981-b6e3-39a168163237}.
2021-12-17T14:52:43.5244970+02:00	DBUG	[Microsoft.AspNetCore.DataProtection.KeyManagement.DefaultKeyResolver]	[ConsideringKeyWithExpirationDateAsDefaultKey]	Considering key {63abd01a-4070-4981-b6e3-39a168163237} with expiration date 2022-02-23 14:03:57Z as default key.
2021-12-17T14:52:43.5639855+02:00	DBUG	[Microsoft.AspNetCore.DataProtection.TypeForwardingActivator]	[0]	Forwarded activator type request from Microsoft.AspNetCore.DataProtection.XmlEncryption.DpapiXmlDecryptor, Microsoft.AspNetCore.DataProtection, Version=5.0.0.0, Culture=neutral, PublicKeyToken=adb9793829ddae60 to Microsoft.AspNetCore.DataProtection.XmlEncryption.DpapiXmlDecryptor, Microsoft.AspNetCore.DataProtection, Culture=neutral, PublicKeyToken=adb9793829ddae60
2021-12-17T14:52:43.5693549+02:00	DBUG	[Microsoft.AspNetCore.DataProtection.XmlEncryption.DpapiXmlDecryptor]	[DecryptingSecretElementUsingWindowsDPAPI]	Decrypting secret element using Windows DPAPI.
2021-12-17T14:52:43.5721691+02:00	DBUG	[Microsoft.AspNetCore.DataProtection.TypeForwardingActivator]	[0]	Forwarded activator type request from Microsoft.AspNetCore.DataProtection.AuthenticatedEncryption.ConfigurationModel.AuthenticatedEncryptorDescriptorDeserializer, Microsoft.AspNetCore.DataProtection, Version=5.0.0.0, Culture=neutral, PublicKeyToken=adb9793829ddae60 to Microsoft.AspNetCore.DataProtection.AuthenticatedEncryption.ConfigurationModel.AuthenticatedEncryptorDescriptorDeserializer, Microsoft.AspNetCore.DataProtection, Culture=neutral, PublicKeyToken=adb9793829ddae60
2021-12-17T14:52:43.5794926+02:00	DBUG	[Microsoft.AspNetCore.DataProtection.AuthenticatedEncryption.CngCbcAuthenticatedEncryptorFactory]	[OpeningCNGAlgorithmFromProviderWithChainingModeCBC]	Opening CNG algorithm 'AES' from provider '(null)' with chaining mode CBC.
2021-12-17T14:52:43.5837170+02:00	DBUG	[Microsoft.AspNetCore.DataProtection.AuthenticatedEncryption.CngCbcAuthenticatedEncryptorFactory]	[OpeningCNGAlgorithmFromProviderWithHMAC]	Opening CNG algorithm 'SHA256' from provider '(null)' with HMAC.
2021-12-17T14:52:43.5897282+02:00	DBUG	[Microsoft.AspNetCore.DataProtection.KeyManagement.KeyRingProvider]	[UsingKeyAsDefaultKey]	Using key {63abd01a-4070-4981-b6e3-39a168163237} as the default key.
2021-12-17T14:52:43.5923476+02:00	DBUG	[Microsoft.AspNetCore.DataProtection.Internal.DataProtectionHostedService]	[KeyRingWasLoadedOnStartup]	Key ring with default key {63abd01a-4070-4981-b6e3-39a168163237} was loaded during application startup.
2021-12-17T14:52:43.7163305+02:00	DBUG	[Microsoft.AspNetCore.Hosting.Diagnostics]	[0]	Loaded hosting startup assembly LibraryWebApi
2021-12-17T14:52:43.7183413+02:00	INFO	[Microsoft.Hosting.Lifetime]	[0]	Application started. Press Ctrl+C to shut down.
2021-12-17T14:52:43.7196416+02:00	INFO	[Microsoft.Hosting.Lifetime]	[0]	Hosting environment: Development
2021-12-17T14:52:43.7209900+02:00	INFO	[Microsoft.Hosting.Lifetime]	[0]	Content root path: C:\Users\Andrey\source\repos\library_webapi
2021-12-17T14:52:43.7276665+02:00	DBUG	[Microsoft.Extensions.Hosting.Internal.Host]	[Started]	Hosting started
2021-12-17T14:52:43.7537504+02:00	INFO	[Microsoft.AspNetCore.Hosting.Diagnostics]	[RequestStarting]	Request starting HTTP/1.1 GET http://localhost:53011/ - -
2021-12-17T14:52:43.7569835+02:00	DBUG	[Microsoft.AspNetCore.HostFiltering.HostFilteringMiddleware]	[WildcardDetected]	Wildcard detected, all requests with hosts will be allowed.
2021-12-17T14:52:43.7585889+02:00	TRCE	[Microsoft.AspNetCore.HostFiltering.HostFilteringMiddleware]	[AllHostsAllowed]	All hosts are allowed.
2021-12-17T14:52:43.7811954+02:00	DBUG	[Microsoft.AspNetCore.StaticFiles.StaticFileMiddleware]	[PathMismatch]	The request path  does not match the path filter
2021-12-17T14:52:43.7890508+02:00	DBUG	[Microsoft.AspNetCore.Mvc.Razor.Compilation.DefaultViewCompiler]	[ViewCompilerNoCompiledViewsFound]	Initializing Razor view compiler with no compiled views.
2021-12-17T14:52:43.7978974+02:00	DBUG	[Microsoft.AspNetCore.Routing.Matching.DfaMatcher]	[CandidatesNotFound]	No candidates found for the request path '/'
2021-12-17T14:52:43.8009208+02:00	DBUG	[Microsoft.AspNetCore.Routing.EndpointRoutingMiddleware]	[MatchFailure]	Request did not match any endpoints
2021-12-17T14:52:43.8703074+02:00	DBUG	[Microsoft.AspNetCore.Authentication.JwtBearer.JwtBearerHandler]	[AuthenticationSchemeNotAuthenticated]	AuthenticationScheme: Bearer was not authenticated.
2021-12-17T14:52:43.8953894+02:00	INFO	[Microsoft.AspNetCore.Hosting.Diagnostics]	[RequestFinished]	Request finished HTTP/1.1 GET http://localhost:53011/ - - - 404 - - 142.9102ms
2021-12-17T14:52:47.5331109+02:00	INFO	[Microsoft.AspNetCore.Hosting.Diagnostics]	[RequestStarting]	Request starting HTTP/1.1 GET http://localhost:53011/api/log - -
2021-12-17T14:52:47.5352459+02:00	TRCE	[Microsoft.AspNetCore.HostFiltering.HostFilteringMiddleware]	[AllHostsAllowed]	All hosts are allowed.
2021-12-17T14:52:47.5412424+02:00	DBUG	[Microsoft.AspNetCore.StaticFiles.StaticFileMiddleware]	[PathMismatch]	The request path  does not match the path filter
2021-12-17T14:52:47.5430497+02:00	DBUG	[Microsoft.AspNetCore.Routing.Matching.DfaMatcher]	[CandidatesNotFound]	No candidates found for the request path '/api/log'
2021-12-17T14:52:47.5448747+02:00	DBUG	[Microsoft.AspNetCore.Routing.EndpointRoutingMiddleware]	[MatchFailure]	Request did not match any endpoints
2021-12-17T14:52:47.5497543+02:00	DBUG	[Microsoft.AspNetCore.Authentication.JwtBearer.JwtBearerHandler]	[AuthenticationSchemeNotAuthenticated]	AuthenticationScheme: Bearer was not authenticated.
2021-12-17T14:52:47.5561303+02:00	INFO	[Microsoft.AspNetCore.Hosting.Diagnostics]	[RequestFinished]	Request finished HTTP/1.1 GET http://localhost:53011/api/log - - - 404 - - 22.3836ms
2021-12-17T14:54:40.3414210+02:00	DBUG	[Microsoft.Extensions.Hosting.Internal.Host]	[Starting]	Hosting starting
2021-12-17T14:54:40.4130633+02:00	INFO	[Microsoft.AspNetCore.DataProtection.KeyManagement.XmlKeyManager]	[UsingProfileAsKeyRepositoryWithDPAPI]	User profile is available. Using 'C:\Users\Andrey\AppData\Local\ASP.NET\DataProtection-Keys' as key repository and Windows DPAPI to encrypt keys at rest.
2021-12-17T14:54:40.4302264+02:00	DBUG	[Microsoft.AspNetCore.DataProtection.Repositories.FileSystemXmlRepository]	[ReadingDataFromFile]	Reading data from file 'C:\Users\Andrey\AppData\Local\ASP.NET\DataProtection-Keys\key-63abd01a-4070-4981-b6e3-39a168163237.xml'.
2021-12-17T14:54:40.4745192+02:00	DBUG	[Microsoft.AspNetCore.DataProtection.KeyManagement.XmlKeyManager]	[FoundKey]	Found key {63abd01a-4070-4981-b6e3-39a168163237}.
2021-12-17T14:54:40.5133724+02:00	DBUG	[Microsoft.AspNetCore.DataProtection.KeyManagement.DefaultKeyResolver]	[ConsideringKeyWithExpirationDateAsDefaultKey]	Considering key {63abd01a-4070-4981-b6e3-39a168163237} with expiration date 2022-02-23 14:03:57Z as default key.
2021-12-17T14:54:40.6079990+02:00	DBUG	[Microsoft.AspNetCore.DataProtection.TypeForwardingActivator]	[0]	Forwarded activator type request from Microsoft.AspNetCore.DataProtection.XmlEncryption.DpapiXmlDecryptor, Microsoft.AspNetCore.DataProtection, Version=5.0.0.0, Culture=neutral, PublicKeyToken=adb9793829ddae60 to Microsoft.AspNetCore.DataProtection.XmlEncryption.DpapiXmlDecryptor, Microsoft.AspNetCore.DataProtection, Culture=neutral, PublicKeyToken=adb9793829ddae60
2021-12-17T14:54:40.6156116+02:00	DBUG	[Microsoft.AspNetCore.DataProtection.XmlEncryption.DpapiXmlDecryptor]	[DecryptingSecretElementUsingWindowsDPAPI]	Decrypting secret element using Windows DPAPI.
2021-12-17T14:54:40.6205003+02:00	DBUG	[Microsoft.AspNetCore.DataProtection.TypeForwardingActivator]	[0]	Forwarded activator type request from Microsoft.AspNetCore.DataProtection.AuthenticatedEncryption.ConfigurationModel.AuthenticatedEncryptorDescriptorDeserializer, Microsoft.AspNetCore.DataProtection, Version=5.0.0.0, Culture=neutral, PublicKeyToken=adb9793829ddae60 to Microsoft.AspNetCore.DataProtection.AuthenticatedEncryption.ConfigurationModel.AuthenticatedEncryptorDescriptorDeserializer, Microsoft.AspNetCore.DataProtection, Culture=neutral, PublicKeyToken=adb9793829ddae60
2021-12-17T14:54:40.6321638+02:00	DBUG	[Microsoft.AspNetCore.DataProtection.AuthenticatedEncryption.CngCbcAuthenticatedEncryptorFactory]	[OpeningCNGAlgorithmFromProviderWithChainingModeCBC]	Opening CNG algorithm 'AES' from provider '(null)' with chaining mode CBC.
2021-12-17T14:54:40.6378344+02:00	DBUG	[Microsoft.AspNetCore.DataProtection.AuthenticatedEncryption.CngCbcAuthenticatedEncryptorFactory]	[OpeningCNGAlgorithmFromProviderWithHMAC]	Opening CNG algorithm 'SHA256' from provider '(null)' with HMAC.
2021-12-17T14:54:40.6445097+02:00	DBUG	[Microsoft.AspNetCore.DataProtection.KeyManagement.KeyRingProvider]	[UsingKeyAsDefaultKey]	Using key {63abd01a-4070-4981-b6e3-39a168163237} as the default key.
2021-12-17T14:54:40.6477450+02:00	DBUG	[Microsoft.AspNetCore.DataProtection.Internal.DataProtectionHostedService]	[KeyRingWasLoadedOnStartup]	Key ring with default key {63abd01a-4070-4981-b6e3-39a168163237} was loaded during application startup.
2021-12-17T14:54:40.8255809+02:00	DBUG	[Microsoft.AspNetCore.Hosting.Diagnostics]	[0]	Loaded hosting startup assembly LibraryWebApi
2021-12-17T14:54:40.8279516+02:00	INFO	[Microsoft.Hosting.Lifetime]	[0]	Application started. Press Ctrl+C to shut down.
2021-12-17T14:54:40.8299813+02:00	INFO	[Microsoft.Hosting.Lifetime]	[0]	Hosting environment: Development
2021-12-17T14:54:40.8319150+02:00	INFO	[Microsoft.Hosting.Lifetime]	[0]	Content root path: C:\Users\Andrey\source\repos\library_webapi
2021-12-17T14:54:40.8354827+02:00	DBUG	[Microsoft.Extensions.Hosting.Internal.Host]	[Started]	Hosting started
2021-12-17T14:54:40.8860903+02:00	INFO	[Microsoft.AspNetCore.Hosting.Diagnostics]	[RequestStarting]	Request starting HTTP/1.1 GET http://localhost:53011/ - -
2021-12-17T14:54:40.8979840+02:00	DBUG	[Microsoft.AspNetCore.HostFiltering.HostFilteringMiddleware]	[WildcardDetected]	Wildcard detected, all requests with hosts will be allowed.
2021-12-17T14:54:40.9002181+02:00	TRCE	[Microsoft.AspNetCore.HostFiltering.HostFilteringMiddleware]	[AllHostsAllowed]	All hosts are allowed.
2021-12-17T14:54:40.9369034+02:00	DBUG	[Microsoft.AspNetCore.StaticFiles.StaticFileMiddleware]	[PathMismatch]	The request path  does not match the path filter
2021-12-17T14:54:40.9466201+02:00	DBUG	[Microsoft.AspNetCore.Mvc.Razor.Compilation.DefaultViewCompiler]	[ViewCompilerNoCompiledViewsFound]	Initializing Razor view compiler with no compiled views.
2021-12-17T14:54:40.9580805+02:00	DBUG	[Microsoft.AspNetCore.Routing.Matching.DfaMatcher]	[CandidatesNotFound]	No candidates found for the request path '/'
2021-12-17T14:54:40.9601801+02:00	DBUG	[Microsoft.AspNetCore.Routing.EndpointRoutingMiddleware]	[MatchFailure]	Request did not match any endpoints
2021-12-17T14:54:41.0660327+02:00	DBUG	[Microsoft.AspNetCore.Authentication.JwtBearer.JwtBearerHandler]	[AuthenticationSchemeNotAuthenticated]	AuthenticationScheme: Bearer was not authenticated.
2021-12-17T14:54:41.0979863+02:00	INFO	[Microsoft.AspNetCore.Hosting.Diagnostics]	[RequestFinished]	Request finished HTTP/1.1 GET http://localhost:53011/ - - - 404 - - 215.1608ms
2021-12-17T14:54:45.0589649+02:00	INFO	[Microsoft.AspNetCore.Hosting.Diagnostics]	[RequestStarting]	Request starting HTTP/1.1 GET http://localhost:53011/api/log - -
2021-12-17T14:54:45.0605303+02:00	TRCE	[Microsoft.AspNetCore.HostFiltering.HostFilteringMiddleware]	[AllHostsAllowed]	All hosts are allowed.
2021-12-17T14:54:45.0629491+02:00	DBUG	[Microsoft.AspNetCore.StaticFiles.StaticFileMiddleware]	[PathMismatch]	The request path  does not match the path filter
2021-12-17T14:54:45.0650259+02:00	DBUG	[Microsoft.AspNetCore.Routing.Matching.DfaMatcher]	[CandidatesNotFound]	No candidates found for the request path '/api/log'
2021-12-17T14:54:45.0669084+02:00	DBUG	[Microsoft.AspNetCore.Routing.EndpointRoutingMiddleware]	[MatchFailure]	Request did not match any endpoints
2021-12-17T14:54:45.1001195+02:00	DBUG	[Microsoft.AspNetCore.Authentication.JwtBearer.JwtBearerHandler]	[AuthenticationSchemeNotAuthenticated]	AuthenticationScheme: Bearer was not authenticated.
2021-12-17T14:54:45.1070494+02:00	INFO	[Microsoft.AspNetCore.Hosting.Diagnostics]	[RequestFinished]	Request finished HTTP/1.1 GET http://localhost:53011/api/log - - - 404 - - 47.7912ms
2021-12-17T14:55:38.5343335+02:00	DBUG	[Microsoft.Extensions.Hosting.Internal.Host]	[Starting]	Hosting starting
2021-12-17T14:55:38.6082532+02:00	INFO	[Microsoft.AspNetCore.DataProtection.KeyManagement.XmlKeyManager]	[UsingProfileAsKeyRepositoryWithDPAPI]	User profile is available. Using 'C:\Users\Andrey\AppData\Local\ASP.NET\DataProtection-Keys' as key repository and Windows DPAPI to encrypt keys at rest.
2021-12-17T14:55:38.6255699+02:00	DBUG	[Microsoft.AspNetCore.DataProtection.Repositories.FileSystemXmlRepository]	[ReadingDataFromFile]	Reading data from file 'C:\Users\Andrey\AppData\Local\ASP.NET\DataProtection-Keys\key-63abd01a-4070-4981-b6e3-39a168163237.xml'.
2021-12-17T14:55:38.6569124+02:00	DBUG	[Microsoft.AspNetCore.DataProtection.KeyManagement.XmlKeyManager]	[FoundKey]	Found key {63abd01a-4070-4981-b6e3-39a168163237}.
2021-12-17T14:55:38.6830438+02:00	DBUG	[Microsoft.AspNetCore.DataProtection.KeyManagement.DefaultKeyResolver]	[ConsideringKeyWithExpirationDateAsDefaultKey]	Considering key {63abd01a-4070-4981-b6e3-39a168163237} with expiration date 2022-02-23 14:03:57Z as default key.
2021-12-17T14:55:38.7488787+02:00	DBUG	[Microsoft.AspNetCore.DataProtection.TypeForwardingActivator]	[0]	Forwarded activator type request from Microsoft.AspNetCore.DataProtection.XmlEncryption.DpapiXmlDecryptor, Microsoft.AspNetCore.DataProtection, Version=5.0.0.0, Culture=neutral, PublicKeyToken=adb9793829ddae60 to Microsoft.AspNetCore.DataProtection.XmlEncryption.DpapiXmlDecryptor, Microsoft.AspNetCore.DataProtection, Culture=neutral, PublicKeyToken=adb9793829ddae60
2021-12-17T14:55:38.7551589+02:00	DBUG	[Microsoft.AspNetCore.DataProtection.XmlEncryption.DpapiXmlDecryptor]	[DecryptingSecretElementUsingWindowsDPAPI]	Decrypting secret element using Windows DPAPI.
2021-12-17T14:55:38.7590024+02:00	DBUG	[Microsoft.AspNetCore.DataProtection.TypeForwardingActivator]	[0]	Forwarded activator type request from Microsoft.AspNetCore.DataProtection.AuthenticatedEncryption.ConfigurationModel.AuthenticatedEncryptorDescriptorDeserializer, Microsoft.AspNetCore.DataProtection, Version=5.0.0.0, Culture=neutral, PublicKeyToken=adb9793829ddae60 to Microsoft.AspNetCore.DataProtection.AuthenticatedEncryption.ConfigurationModel.AuthenticatedEncryptorDescriptorDeserializer, Microsoft.AspNetCore.DataProtection, Culture=neutral, PublicKeyToken=adb9793829ddae60
2021-12-17T14:55:38.7709137+02:00	DBUG	[Microsoft.AspNetCore.DataProtection.AuthenticatedEncryption.CngCbcAuthenticatedEncryptorFactory]	[OpeningCNGAlgorithmFromProviderWithChainingModeCBC]	Opening CNG algorithm 'AES' from provider '(null)' with chaining mode CBC.
2021-12-17T14:55:38.7763688+02:00	DBUG	[Microsoft.AspNetCore.DataProtection.AuthenticatedEncryption.CngCbcAuthenticatedEncryptorFactory]	[OpeningCNGAlgorithmFromProviderWithHMAC]	Opening CNG algorithm 'SHA256' from provider '(null)' with HMAC.
2021-12-17T14:55:38.7844322+02:00	DBUG	[Microsoft.AspNetCore.DataProtection.KeyManagement.KeyRingProvider]	[UsingKeyAsDefaultKey]	Using key {63abd01a-4070-4981-b6e3-39a168163237} as the default key.
2021-12-17T14:55:38.7880846+02:00	DBUG	[Microsoft.AspNetCore.DataProtection.Internal.DataProtectionHostedService]	[KeyRingWasLoadedOnStartup]	Key ring with default key {63abd01a-4070-4981-b6e3-39a168163237} was loaded during application startup.
